FO  [alembic.runtime.migration] Running upgrade 758a11548815 -> fix_missing_max_users_column, fix missing max_users column
=== Fixing missing max_users column ===
   Adding missing max_users column...
   ✅ max_users column added successfully
✅ Fix migration completed
INFO  [alembic.runtime.migration] Running upgrade fix_missing_max_users_column -> fix_all_missing_tier_columns, fix all missing tier columns
=== Adding ALL missing subscription tier columns ===
   ⚠️  max_recipes column already exists
   ⚠️  max_batches column already exists
   ⚠️  max_products column already exists
   ⚠️  max_batchbot_requests column already exists
   Adding missing max_monthly_batches column...
   ✅ max_monthly_batches column added successfully
✅ All missing tier columns migration completed
INFO  [alembic.runtime.migration] Running upgrade fix_all_missing_tier_columns -> simplify_tiers_add_tier_type, simplify tiers add tier_type
✅ Simplified subscription tier structure with tier_type
INFO  [alembic.runtime.migration] Running upgrade simplify_tiers_add_tier_type -> fix_product_sku_id_autoincrement, fix product sku id autoincrement
   Fixing ProductSKU id column autoincrement...
   ⚠️  Error fixing ProductSKU id column: (psycopg2.errors.UndefinedFunction) operator does not exist: integer ~ unknown
LINE 22:                 CASE WHEN location_id ~ '^[0-9]+$' THEN loca...
                                               ^
HINT:  No operator matches the given name and argument types. You might need to add explicit type casts.

[SQL: 
            INSERT INTO product_sku_temp (
                inventory_item_id, product_id, variant_id, size_label, sku_code, sku_name,
                unit, low_stock_threshold, fifo_id, batch_id, container_id,
                retail_price, wholesale_price, profit_margin_target, category, subcategory,
                tags, description, is_active, is_product_active, is_discontinued,
                created_at, updated_at, created_by, supplier_name, supplier_sku, supplier_cost,
                weight, weight_unit, dimensions, barcode, upc, quality_status, compliance_status,
                quality_checked_by, quality_checked_at, location_id, location_name,
                temperature_at_time, shopify_product_id, shopify_variant_id, etsy_listing_id,
                amazon_asin, marketplace_sync_status, marketplace_last_sync, expiration_date,
                is_perishable, shelf_life_days, organization_id
            )
            SELECT 
                inventory_item_id, product_id, variant_id, size_label, sku_code, sku_name,
                unit, low_stock_threshold, fifo_id, batch_id, container_id,
                retail_price, wholesale_price, profit_margin_target, category, subcategory,
                tags, description, is_active, is_product_active, is_discontinued,
                created_at, updated_at, created_by, supplier_name, supplier_sku, supplier_cost,
                weight, weight_unit, dimensions, barcode, upc, quality_status, compliance_status,
                quality_checked_by, quality_checked_at, 
                CASE WHEN location_id ~ '^[0-9]+$' THEN location_id::INTEGER ELSE NULL END as location_id, 
                location_name,
                temperature_at_time, shopify_product_id, shopify_variant_id, etsy_listing_id,
                amazon_asin, marketplace_sync_status, marketplace_last_sync, expiration_date,
                is_perishable, shelf_life_days, organization_id
            FROM product_sku
        ]
(Background on this error at: https://sqlalche.me/e/20/f405)
Traceback (most recent call last):
  File "/home/runner/workspace/.pythonlibs/lib/python3.11/site-packages/sqlalchemy/engine/base.py", line 1964, in _exec_single_context
    self.dialect.do_execute(
  File "/home/runner/workspace/.pythonlibs/lib/python3.11/site-packages/sqlalchemy/engine/default.py", line 945, in do_execute
    cursor.execute(statement, parameters)
psycopg2.errors.UndefinedFunction: operator does not exist: integer ~ unknown
LINE 22:                 CASE WHEN location_id ~ '^[0-9]+$' THEN loca...
                                               ^
HINT:  No operator matches the given name and argument types. You might need to add explicit type casts.


The above exception was the direct cause of the following exception:

Traceback (most recent call last):
  File "/home/runner/workspace/.pythonlibs/bin/flask", line 8, in <module>
    sys.exit(main())
             ^^^^^^
  File "/home/runner/workspace/.pythonlibs/lib/python3.11/site-packages/flask/cli.py", line 1131, in main
    cli.main()
  File "/home/runner/workspace/.pythonlibs/lib/python3.11/site-packages/click/core.py", line 1363, in main
    rv = self.invoke(ctx)
         ^^^^^^^^^^^^^^^^
  File "/home/runner/workspace/.pythonlibs/lib/python3.11/site-packages/click/core.py", line 1830, in invoke
    return _process_result(sub_ctx.command.invoke(sub_ctx))
                           ^^^^^^^^^^^^^^^^^^^^^^^^^^^^^^^
  File "/home/runner/workspace/.pythonlibs/lib/python3.11/site-packages/click/core.py", line 1830, in invoke
    return _process_result(sub_ctx.command.invoke(sub_ctx))
                           ^^^^^^^^^^^^^^^^^^^^^^^^^^^^^^^
  File "/home/runner/workspace/.pythonlibs/lib/python3.11/site-packages/click/core.py", line 1226, in invoke
    return ctx.invoke(self.callback, **ctx.params)
           ^^^^^^^^^^^^^^^^^^^^^^^^^^^^^^^^^^^^^^^
  File "/home/runner/workspace/.pythonlibs/lib/python3.11/site-packages/click/core.py", line 794, in invoke
    return callback(*args, **kwargs)
           ^^^^^^^^^^^^^^^^^^^^^^^^^
  File "/home/runner/workspace/.pythonlibs/lib/python3.11/site-packages/click/decorators.py", line 34, in new_func
    return f(get_current_context(), *args, **kwargs)
           ^^^^^^^^^^^^^^^^^^^^^^^^^^^^^^^^^^^^^^^^^
  File "/home/runner/workspace/.pythonlibs/lib/python3.11/site-packages/flask/cli.py", line 400, in decorator
    return ctx.invoke(f, *args, **kwargs)
           ^^^^^^^^^^^^^^^^^^^^^^^^^^^^^^
  File "/home/runner/workspace/.pythonlibs/lib/python3.11/site-packages/click/core.py", line 794, in invoke
    return callback(*args, **kwargs)
           ^^^^^^^^^^^^^^^^^^^^^^^^^
  File "/home/runner/workspace/.pythonlibs/lib/python3.11/site-packages/flask_migrate/cli.py", line 150, in upgrade
    _upgrade(directory, revision, sql, tag, x_arg)
  File "/home/runner/workspace/.pythonlibs/lib/python3.11/site-packages/flask_migrate/__init__.py", line 111, in wrapped
    f(*args, **kwargs)
  File "/home/runner/workspace/.pythonlibs/lib/python3.11/site-packages/flask_migrate/__init__.py", line 200, in upgrade
    command.upgrade(config, revision, sql=sql, tag=tag)
  File "/home/runner/workspace/.pythonlibs/lib/python3.11/site-packages/alembic/command.py", line 408, in upgrade
    script.run_env()
  File "/home/runner/workspace/.pythonlibs/lib/python3.11/site-packages/alembic/script/base.py", line 586, in run_env
    util.load_python_file(self.dir, "env.py")
  File "/home/runner/workspace/.pythonlibs/lib/python3.11/site-packages/alembic/util/pyfiles.py", line 95, in load_python_file
    module = load_module_py(module_id, path)
             ^^^^^^^^^^^^^^^^^^^^^^^^^^^^^^^
  File "/home/runner/workspace/.pythonlibs/lib/python3.11/site-packages/alembic/util/pyfiles.py", line 113, in load_module_py
    spec.loader.exec_module(module)  # type: ignore
    ^^^^^^^^^^^^^^^^^^^^^^^^^^^^^^^
  File "<frozen importlib._bootstrap_external>", line 940, in exec_module
  File "<frozen importlib._bootstrap>", line 241, in _call_with_frames_removed
  File "/home/runner/workspace/migrations/env.py", line 145, in <module>
    run_migrations_online()
  File "/home/runner/workspace/migrations/env.py", line 139, in run_migrations_online
    context.run_migrations()
  File "<string>", line 8, in run_migrations
  File "/home/runner/workspace/.pythonlibs/lib/python3.11/site-packages/alembic/runtime/environment.py", line 946, in run_migrations
    self.get_context().run_migrations(**kw)
  File "/home/runner/workspace/.pythonlibs/lib/python3.11/site-packages/alembic/runtime/migration.py", line 623, in run_migrations
    step.migration_fn(**kw)
  File "/home/runner/workspace/migrations/versions/fix_product_sku_id_autoincrement.py", line 93, in upgrade
    connection.execute(text("""
  File "/home/runner/workspace/.pythonlibs/lib/python3.11/site-packages/sqlalchemy/engine/base.py", line 1416, in execute
    return meth(
           ^^^^^
  File "/home/runner/workspace/.pythonlibs/lib/python3.11/site-packages/sqlalchemy/sql/elements.py", line 523, in _execute_on_connection
    return connection._execute_clauseelement(
           ^^^^^^^^^^^^^^^^^^^^^^^^^^^^^^^^^^
  File "/home/runner/workspace/.pythonlibs/lib/python3.11/site-packages/sqlalchemy/engine/base.py", line 1638, in _execute_clauseelement
    ret = self._execute_context(
          ^^^^^^^^^^^^^^^^^^^^^^
  File "/home/runner/workspace/.pythonlibs/lib/python3.11/site-packages/sqlalchemy/engine/base.py", line 1843, in _execute_context
    return self._exec_single_context(
           ^^^^^^^^^^^^^^^^^^^^^^^^^^
  File "/home/runner/workspace/.pythonlibs/lib/python3.11/site-packages/sqlalchemy/engine/base.py", line 1983, in _exec_single_context
    self._handle_dbapi_exception(
  File "/home/runner/workspace/.pythonlibs/lib/python3.11/site-packages/sqlalchemy/engine/base.py", line 2352, in _handle_dbapi_exception
    raise sqlalchemy_exception.with_traceback(exc_info[2]) from e
  File "/home/runner/workspace/.pythonlibs/lib/python3.11/site-packages/sqlalchemy/engine/base.py", line 1964, in _exec_single_context
    self.dialect.do_execute(
  File "/home/runner/workspace/.pythonlibs/lib/python3.11/site-packages/sqlalchemy/engine/default.py", line 945, in do_execute
    cursor.execute(statement, parameters)
sqlalchemy.exc.ProgrammingError: (psycopg2.errors.UndefinedFunction) operator does not exist: integer ~ unknown
LINE 22:                 CASE WHEN location_id ~ '^[0-9]+$' THEN loca...
                                               ^
HINT:  No operator matches the given name and argument types. You might need to add explicit type casts.

[SQL: 
            INSERT INTO product_sku_temp (
                inventory_item_id, product_id, variant_id, size_label, sku_code, sku_name,
                unit, low_stock_threshold, fifo_id, batch_id, container_id,
                retail_price, wholesale_price, profit_margin_target, category, subcategory,
                tags, description, is_active, is_product_active, is_discontinued,
                created_at, updated_at, created_by, supplier_name, supplier_sku, supplier_cost,
                weight, weight_unit, dimensions, barcode, upc, quality_status, compliance_status,
                quality_checked_by, quality_checked_at, location_id, location_name,
                temperature_at_time, shopify_product_id, shopify_variant_id, etsy_listing_id,
                amazon_asin, marketplace_sync_status, marketplace_last_sync, expiration_date,
                is_perishable, shelf_life_days, organization_id
            )
            SELECT 
                inventory_item_id, product_id, variant_id, size_label, sku_code, sku_name,
                unit, low_stock_threshold, fifo_id, batch_id, container_id,
                retail_price, wholesale_price, profit_margin_target, category, subcategory,
                tags, description, is_active, is_product_active, is_discontinued,
                created_at, updated_at, created_by, supplier_name, supplier_sku, supplier_cost,
                weight, weight_unit, dimensions, barcode, upc, quality_status, compliance_status,
                quality_checked_by, quality_checked_at, 
                CASE WHEN location_id ~ '^[0-9]+$' THEN location_id::INTEGER ELSE NULL END as location_id, 
                location_name,
                temperature_at_time, shopify_product_id, shopify_variant_id, etsy_listing_id,
                amazon_asin, marketplace_sync_status, marketplace_last_sync, expiration_date,
                is_perishable, shelf_life_days, organization_id
            FROM product_sku
        ]
(Background on this error at: https://sqlalche.me/e/20/f405)
~/workspace$ 