~/workspace$ flask db upgrade 758a11548815
/home/runner/workspace/.pythonlibs/lib/python3.11/site-packages/flask_limiter/extension.py:333: UserWarning: Using the in-memory storage for tracking rate limits as no storage was explicitly specified. This is not recommended for production use. See: https://flask-limiter.readthedocs.io#configuring-a-storage-backend for documentation about configuring the storage backend.
  warnings.warn(
[2025-08-18 19:12:25,846] INFO in unit_utils: BatchTrack startup
INFO  [alembic.env] Imported model module: app.models.batch
INFO  [alembic.env] Imported model module: app.models.billing_snapshot
INFO  [alembic.env] Imported model module: app.models.category
INFO  [alembic.env] Imported model module: app.models.developer_permission
INFO  [alembic.env] Imported model module: app.models.developer_role
INFO  [alembic.env] Imported model module: app.models.inventory
INFO  [alembic.env] Imported model module: app.models.mixins
INFO  [alembic.env] Imported model module: app.models.models
INFO  [alembic.env] Imported model module: app.models.permission
INFO  [alembic.env] Imported model module: app.models.pricing_snapshot
INFO  [alembic.env] Imported model module: app.models.product
INFO  [alembic.env] Imported model module: app.models.recipe
INFO  [alembic.env] Imported model module: app.models.reservation
INFO  [alembic.env] Imported model module: app.models.role
INFO  [alembic.env] Imported model module: app.models.statistics
INFO  [alembic.env] Imported model module: app.models.stripe_event
INFO  [alembic.env] Imported model module: app.models.subscription_tier
INFO  [alembic.env] Imported model module: app.models.unified_inventory_history
INFO  [alembic.env] Imported model module: app.models.unit
INFO  [alembic.env] Imported model module: app.models.user_preferences
INFO  [alembic.env] Imported model module: app.models.user_role_assignment
INFO  [alembic.runtime.migration] Context impl SQLiteImpl.
INFO  [alembic.runtime.migration] Will assume non-transactional DDL.
INFO  [alembic.runtime.migration] Running upgrade clean_subscription_tier_billing -> 758a11548815, clean subscription tier model use lookup keys
=== Final Subscription Tier Structure Migration ===
   Found subscription_tier table, cleaning structure...
   Removing pricing column: fallback_price
   ⚠️  Could not remove fallback_price: (in table '_alembic_tmp_subscription_tier', column 'billing_provider'): Can't generate DDL for NullType(); did you forget to specify a type on this Column?
   Removing pricing column: stripe_price_id
   ⚠️  Could not remove stripe_price_id: (in table '_alembic_tmp_subscription_tier', column 'billing_provider'): Can't generate DDL for NullType(); did you forget to specify a type on this Column?
   Removing pricing column: stripe_price_id_monthly
   ⚠️  Could not remove stripe_price_id_monthly: (in table '_alembic_tmp_subscription_tier', column 'billing_provider'): Can't generate DDL for NullType(); did you forget to specify a type on this Column?
   Removing pricing column: stripe_price_id_yearly
   ⚠️  Could not remove stripe_price_id_yearly: (in table '_alembic_tmp_subscription_tier', column 'billing_provider'): Can't generate DDL for NullType(); did you forget to specify a type on this Column?
   Removing pricing column: stripe_product_id
   ⚠️  Could not remove stripe_product_id: (in table '_alembic_tmp_subscription_tier', column 'billing_provider'): Can't generate DDL for NullType(); did you forget to specify a type on this Column?
   Removing pricing column: grace_period_days
   ⚠️  Could not remove grace_period_days: (in table '_alembic_tmp_subscription_tier', column 'billing_provider'): Can't generate DDL for NullType(); did you forget to specify a type on this Column?
   Removing pricing column: max_users
   ⚠️  Could not remove max_users: (in table '_alembic_tmp_subscription_tier', column 'billing_provider'): Can't generate DDL for NullType(); did you forget to specify a type on this Column?
   Removing pricing column: max_monthly_batches
   ⚠️  Could not remove max_monthly_batches: (in table '_alembic_tmp_subscription_tier', column 'billing_provider'): Can't generate DDL for NullType(); did you forget to specify a type on this Column?
   Removing pricing column: last_billing_sync
   ⚠️  Could not remove last_billing_sync: (in table '_alembic_tmp_subscription_tier', column 'billing_provider'): Can't generate DDL for NullType(); did you forget to specify a type on this Column?
   Removing pricing column: tier_key
   ⚠️  Could not remove tier_key: (in table '_alembic_tmp_subscription_tier', column 'billing_provider'): Can't generate DDL for NullType(); did you forget to specify a type on this Column?
Traceback (most recent call last):
  File "/home/runner/workspace/.pythonlibs/lib/python3.11/site-packages/sqlalchemy/sql/compiler.py", line 6716, in visit_create_table
    processed = self.process(
                ^^^^^^^^^^^^^
  File "/home/runner/workspace/.pythonlibs/lib/python3.11/site-packages/sqlalchemy/sql/compiler.py", line 932, in process
    return obj._compiler_dispatch(self, **kwargs)
           ^^^^^^^^^^^^^^^^^^^^^^^^^^^^^^^^^^^^^^
  File "/home/runner/workspace/.pythonlibs/lib/python3.11/site-packages/sqlalchemy/sql/visitors.py", line 141, in _compiler_dispatch
    return meth(self, **kw)  # type: ignore  # noqa: E501
           ^^^^^^^^^^^^^^^^
  File "/home/runner/workspace/.pythonlibs/lib/python3.11/site-packages/sqlalchemy/sql/compiler.py", line 6747, in visit_create_column
    text = self.get_column_specification(column, first_pk=first_pk)
           ^^^^^^^^^^^^^^^^^^^^^^^^^^^^^^^^^^^^^^^^^^^^^^^^^^^^^^^^
  File "/home/runner/workspace/.pythonlibs/lib/python3.11/site-packages/sqlalchemy/dialects/sqlite/base.py", line 1598, in get_column_specification
    coltype = self.dialect.type_compiler_instance.process(
              ^^^^^^^^^^^^^^^^^^^^^^^^^^^^^^^^^^^^^^^^^^^^
  File "/home/runner/workspace/.pythonlibs/lib/python3.11/site-packages/sqlalchemy/sql/compiler.py", line 977, in process
    return type_._compiler_dispatch(self, **kw)
           ^^^^^^^^^^^^^^^^^^^^^^^^^^^^^^^^^^^^
  File "/home/runner/workspace/.pythonlibs/lib/python3.11/site-packages/sqlalchemy/sql/visitors.py", line 141, in _compiler_dispatch
    return meth(self, **kw)  # type: ignore  # noqa: E501
           ^^^^^^^^^^^^^^^^
  File "/home/runner/workspace/.pythonlibs/lib/python3.11/site-packages/sqlalchemy/sql/compiler.py", line 7355, in visit_null
    raise exc.CompileError(
sqlalchemy.exc.CompileError: Can't generate DDL for NullType(); did you forget to specify a type on this Column?

The above exception was the direct cause of the following exception:

Traceback (most recent call last):
  File "/home/runner/workspace/.pythonlibs/bin/flask", line 8, in <module>
    sys.exit(main())
             ^^^^^^
  File "/home/runner/workspace/.pythonlibs/lib/python3.11/site-packages/flask/cli.py", line 1131, in main
    cli.main()
  File "/home/runner/workspace/.pythonlibs/lib/python3.11/site-packages/click/core.py", line 1363, in main
    rv = self.invoke(ctx)
         ^^^^^^^^^^^^^^^^
  File "/home/runner/workspace/.pythonlibs/lib/python3.11/site-packages/click/core.py", line 1830, in invoke
    return _process_result(sub_ctx.command.invoke(sub_ctx))
                           ^^^^^^^^^^^^^^^^^^^^^^^^^^^^^^^
  File "/home/runner/workspace/.pythonlibs/lib/python3.11/site-packages/click/core.py", line 1830, in invoke
    return _process_result(sub_ctx.command.invoke(sub_ctx))
                           ^^^^^^^^^^^^^^^^^^^^^^^^^^^^^^^
  File "/home/runner/workspace/.pythonlibs/lib/python3.11/site-packages/click/core.py", line 1226, in invoke
    return ctx.invoke(self.callback, **ctx.params)
           ^^^^^^^^^^^^^^^^^^^^^^^^^^^^^^^^^^^^^^^
  File "/home/runner/workspace/.pythonlibs/lib/python3.11/site-packages/click/core.py", line 794, in invoke
    return callback(*args, **kwargs)
           ^^^^^^^^^^^^^^^^^^^^^^^^^
  File "/home/runner/workspace/.pythonlibs/lib/python3.11/site-packages/click/decorators.py", line 34, in new_func
    return f(get_current_context(), *args, **kwargs)
           ^^^^^^^^^^^^^^^^^^^^^^^^^^^^^^^^^^^^^^^^^
  File "/home/runner/workspace/.pythonlibs/lib/python3.11/site-packages/flask/cli.py", line 400, in decorator
    return ctx.invoke(f, *args, **kwargs)
           ^^^^^^^^^^^^^^^^^^^^^^^^^^^^^^
  File "/home/runner/workspace/.pythonlibs/lib/python3.11/site-packages/click/core.py", line 794, in invoke
    return callback(*args, **kwargs)
           ^^^^^^^^^^^^^^^^^^^^^^^^^
  File "/home/runner/workspace/.pythonlibs/lib/python3.11/site-packages/flask_migrate/cli.py", line 150, in upgrade
    _upgrade(directory, revision, sql, tag, x_arg)
  File "/home/runner/workspace/.pythonlibs/lib/python3.11/site-packages/flask_migrate/__init__.py", line 111, in wrapped
    f(*args, **kwargs)
  File "/home/runner/workspace/.pythonlibs/lib/python3.11/site-packages/flask_migrate/__init__.py", line 200, in upgrade
    command.upgrade(config, revision, sql=sql, tag=tag)
  File "/home/runner/workspace/.pythonlibs/lib/python3.11/site-packages/alembic/command.py", line 408, in upgrade
    script.run_env()
  File "/home/runner/workspace/.pythonlibs/lib/python3.11/site-packages/alembic/script/base.py", line 586, in run_env
    util.load_python_file(self.dir, "env.py")
  File "/home/runner/workspace/.pythonlibs/lib/python3.11/site-packages/alembic/util/pyfiles.py", line 95, in load_python_file
    module = load_module_py(module_id, path)
             ^^^^^^^^^^^^^^^^^^^^^^^^^^^^^^^
  File "/home/runner/workspace/.pythonlibs/lib/python3.11/site-packages/alembic/util/pyfiles.py", line 113, in load_module_py
    spec.loader.exec_module(module)  # type: ignore
    ^^^^^^^^^^^^^^^^^^^^^^^^^^^^^^^
  File "<frozen importlib._bootstrap_external>", line 940, in exec_module
  File "<frozen importlib._bootstrap>", line 241, in _call_with_frames_removed
  File "/home/runner/workspace/migrations/env.py", line 145, in <module>
    run_migrations_online()
  File "/home/runner/workspace/migrations/env.py", line 139, in run_migrations_online
    context.run_migrations()
  File "<string>", line 8, in run_migrations
  File "/home/runner/workspace/.pythonlibs/lib/python3.11/site-packages/alembic/runtime/environment.py", line 946, in run_migrations
    self.get_context().run_migrations(**kw)
  File "/home/runner/workspace/.pythonlibs/lib/python3.11/site-packages/alembic/runtime/migration.py", line 623, in run_migrations
    step.migration_fn(**kw)
  File "/home/runner/workspace/migrations/versions/758a11548815_clean_subscription_tier_model_use_.py", line 93, in upgrade
    with op.batch_alter_table('subscription_tier', schema=None) as batch_op:
  File "/nix/store/7d088dip86hlzri9sk0h78b63yfmx0a0-python3-3.11.13/lib/python3.11/contextlib.py", line 144, in __exit__
    next(self.gen)
  File "/home/runner/workspace/.pythonlibs/lib/python3.11/site-packages/alembic/operations/base.py", line 397, in batch_alter_table
    impl.flush()
  File "/home/runner/workspace/.pythonlibs/lib/python3.11/site-packages/alembic/operations/batch.py", line 163, in flush
    batch_impl._create(self.impl)
  File "/home/runner/workspace/.pythonlibs/lib/python3.11/site-packages/alembic/operations/batch.py", line 447, in _create
    op_impl.create_table(self.new_table)
  File "/home/runner/workspace/.pythonlibs/lib/python3.11/site-packages/alembic/ddl/impl.py", line 405, in create_table
    self._exec(schema.CreateTable(table, **kw))
  File "/home/runner/workspace/.pythonlibs/lib/python3.11/site-packages/alembic/ddl/impl.py", line 246, in _exec
    return conn.execute(construct, params)
           ^^^^^^^^^^^^^^^^^^^^^^^^^^^^^^^
  File "/home/runner/workspace/.pythonlibs/lib/python3.11/site-packages/sqlalchemy/engine/base.py", line 1416, in execute
    return meth(
           ^^^^^
  File "/home/runner/workspace/.pythonlibs/lib/python3.11/site-packages/sqlalchemy/sql/ddl.py", line 187, in _execute_on_connection
    return connection._execute_ddl(
           ^^^^^^^^^^^^^^^^^^^^^^^^
  File "/home/runner/workspace/.pythonlibs/lib/python3.11/site-packages/sqlalchemy/engine/base.py", line 1524, in _execute_ddl
    compiled = ddl.compile(
               ^^^^^^^^^^^^
  File "/home/runner/workspace/.pythonlibs/lib/python3.11/site-packages/sqlalchemy/sql/elements.py", line 308, in compile
    return self._compiler(dialect, **kw)
           ^^^^^^^^^^^^^^^^^^^^^^^^^^^^^
  File "/home/runner/workspace/.pythonlibs/lib/python3.11/site-packages/sqlalchemy/sql/ddl.py", line 76, in _compiler
    return dialect.ddl_compiler(dialect, self, **kw)
           ^^^^^^^^^^^^^^^^^^^^^^^^^^^^^^^^^^^^^^^^^
  File "/home/runner/workspace/.pythonlibs/lib/python3.11/site-packages/sqlalchemy/sql/compiler.py", line 886, in __init__
    self.string = self.process(self.statement, **compile_kwargs)
                  ^^^^^^^^^^^^^^^^^^^^^^^^^^^^^^^^^^^^^^^^^^^^^^
  File "/home/runner/workspace/.pythonlibs/lib/python3.11/site-packages/sqlalchemy/sql/compiler.py", line 932, in process
    return obj._compiler_dispatch(self, **kwargs)
           ^^^^^^^^^^^^^^^^^^^^^^^^^^^^^^^^^^^^^^
  File "/home/runner/workspace/.pythonlibs/lib/python3.11/site-packages/sqlalchemy/sql/visitors.py", line 141, in _compiler_dispatch
    return meth(self, **kw)  # type: ignore  # noqa: E501
           ^^^^^^^^^^^^^^^^
  File "/home/runner/workspace/.pythonlibs/lib/python3.11/site-packages/sqlalchemy/sql/compiler.py", line 6726, in visit_create_table
    raise exc.CompileError(
sqlalchemy.exc.CompileError: (in table '_alembic_tmp_subscription_tier', column 'billing_provider'): Can't generate DDL for NullType(); did you forget to specify a type on this Column?