============================= test session starts ==============================
platform linux -- Python 3.11.13, pytest-8.3.5, pluggy-1.5.0 -- /home/runner/workspace/.pythonlibs/bin/python
cachedir: .pytest_cache
rootdir: /home/runner/workspace
collected 49 items                                      

tests/test_audit_canonicalization.py::test_api_reservation_routes_uses_canonical_audit PASSED [  2%]
tests/test_audit_canonicalization.py::test_products_routes_uses_canonical_audit PASSED [  4%]
tests/test_auth_permissions.py::TestAuthPermissions::test_permission_required_decorator_allows_with_permission PASSED [  6%]
tests/test_auth_permissions.py::TestAuthPermissions::test_permission_required_returns_json_for_api PASSED [  8%]
tests/test_auth_permissions.py::TestAuthPermissions::test_any_permission_required_decorator PASSED [ 10%]
tests/test_auth_permissions.py::TestAuthPermissions::test_tier_required_decorator PASSED [ 12%]
tests/test_auth_permissions.py::TestAuthPermissions::test_user_has_any_permission_method PASSED [ 14%]
tests/test_auth_permissions.py::TestAuthPermissions::test_api_unauth_returns_json_401 PASSED [ 16%]
tests/test_auth_permissions.py::TestAuthPermissions::test_web_unauth_redirects_to_login PASSED [ 18%]
tests/test_auth_permissions.py::TestAuthPermissions::test_csrf_token_available_in_templates PASSED [ 20%]
tests/test_billing_and_tier_enforcement.py::TestBillingAndTierEnforcement::test_tier_permission_is_the_hard_ceiling PASSED [ 22%]
tests/test_billing_and_tier_enforcement.py::TestBillingAndTierEnforcement::test_billing_status_enforcement[active-200] PASSED [ 24%]
tests/test_billing_and_tier_enforcement.py::TestBillingAndTierEnforcement::test_billing_status_enforcement[past_due-302] PASSED [ 26%]
tests/test_billing_and_tier_enforcement.py::TestBillingAndTierEnforcement::test_billing_status_enforcement[suspended-302] PASSED [ 28%]
tests/test_billing_and_tier_enforcement.py::TestBillingAndTierEnforcement::test_billing_status_enforcement[canceled-302] PASSED [ 30%]
tests/test_billing_and_tier_enforcement.py::TestBillingAndTierEnforcement::test_developer_can_masquerade_regardless_of_billing PASSED [ 32%]
tests/test_billing_and_tier_enforcement.py::TestBillingAndTierEnforcement::test_complete_security_cascade PASSED [ 34%]
tests/test_expiration_canonicalization.py::test_expiration_service_uses_canonical_adjustment PASSED [ 36%]
tests/test_expiration_canonicalization.py::TestExpirationCanonicalService::test_mark_fifo_expired_calls_canonical_service PASSED [ 38%]
tests/test_expiration_canonicalization.py::TestExpirationCanonicalService::test_mark_product_expired_calls_canonical_service PASSED [ 40%]
tests/test_google_oauth.py::TestGoogleOAuthCharacterization::test_oauth_service_exists PASSED [ 42%]
tests/test_google_oauth.py::TestGoogleOAuthCharacterization::test_auth_login_endpoint_exists PASSED [ 44%]
tests/test_google_oauth.py::TestGoogleOAuthCharacterization::test_auth_callback_endpoint_exists PASSED [ 46%]
tests/test_google_oauth.py::TestGoogleOAuthCharacterization::test_oauth_state_validation_path PASSED [ 48%]
tests/test_google_oauth.py::TestGoogleOAuthCharacterization::test_oauth_service_methods_exist PASSED [ 51%]
tests/test_google_oauth.py::TestGoogleOAuthCharacterization::test_oauth_configuration_status PASSED [ 53%]
tests/test_google_oauth.py::TestGoogleOAuthCharacterization::test_oauth_callback_invalid_state PASSED [ 55%]
tests/test_inventory_fifo.py::TestInventoryFIFOCharacterization::test_single_entry_point_exists PASSED [ 57%]
tests/test_inventory_fifo.py::TestInventoryFIFOCharacterization::test_fifo_deduction_order PASSED [ 59%]
tests/test_inventory_fifo.py::TestInventoryFIFOCharacterization::test_inventory_adjustment_delegates_properly PASSED [ 61%]
tests/test_inventory_routes_canonicalization.py::TestInventoryRoutesCanonicalService::test_adjust_inventory_initial_stock_calls_canonical_service FAILED [ 63%]
tests/test_inventory_routes_canonicalization.py::test_recount_adjustment_uses_canonical_service PASSED [ 65%]
tests/test_pos_integration_canonicalization.py::test_pos_sale_uses_canonical_service PASSED [ 67%]
tests/test_pos_integration_canonicalization.py::TestPOSIntegrationCanonicalService::test_reserve_inventory_calls_canonical_service PASSED [ 69%]
tests/test_product_sku.py::TestProductSKUCharacterization::test_product_creation_flow PASSED [ 71%]
tests/test_product_sku.py::TestProductSKUCharacterization::test_sku_generation_constraints PASSED [ 73%]
tests/test_product_sku.py::TestProductSKUCharacterization::test_product_service_exists PASSED [ 75%]
tests/test_product_sku.py::TestProductSKUCharacterization::test_sku_creation_validation PASSED [ 77%]
tests/test_reservation_canonicalization.py::test_credit_specific_lot_called_on_reservation_release PASSED [ 79%]
tests/test_reservation_canonicalization.py::test_record_audit_entry_called_for_unreserved_audit PASSED [ 81%]
tests/test_signup_tiers.py::TestSignupTierCharacterization::test_signup_endpoint_exists PASSED [ 83%]
tests/test_signup_tiers.py::TestSignupTierCharacterization::test_tier_bypass_behavior PASSED [ 85%]
tests/test_signup_tiers.py::TestSignupTierCharacterization::test_organization_tier_assignment PASSED [ 87%]
tests/test_signup_tiers.py::TestSignupTierCharacterization::test_permission_gating_exists PASSED [ 89%]
tests/test_signup_tiers.py::TestSignupTierCharacterization::test_signup_service_delegation PASSED [ 91%]
tests/test_stripe_webhooks.py::TestStripeWebhookCharacterization::test_stripe_service_exists PASSED [ 93%]
tests/test_stripe_webhooks.py::TestStripeWebhookCharacterization::test_webhook_signature_verification_path_exists PASSED [ 95%]
tests/test_stripe_webhooks.py::TestStripeWebhookCharacterization::test_webhook_idempotency_behavior PASSED [ 97%]
tests/test_stripe_webhooks.py::TestStripeWebhookCharacterization::test_stripe_service_methods_exist PASSED [100%]

======================= FAILURES ========================
_ TestInventoryRoutesCanonicalService.test_adjust_inventory_initial_stock_calls_canonical_service _

self = <tests.test_inventory_routes_canonicalization.TestInventoryRoutesCanonicalService object at 0x7fa3ed185990>
client = <FlaskClient <Flask 'app'>>, app = <Flask 'app'>

    def test_adjust_inventory_initial_stock_calls_canonical_service(self, client, app):
        """Test that initial stock adjustment for a new item uses the canonical service."""
        with app.app_context():
            # ARRANGE: Create a real, valid user and item for this test.
            # This is more robust than complex mocking.
            from app.models import db, InventoryItem, User, Organization, SubscriptionTier
    
>           tier = SubscriptionTier(name="Test Tier", key="test", is_billing_exempt=True)

tests/test_inventory_routes_canonicalization.py:42: 
_ _ _ _ _ _ _ _ _ _ _ _ _ _ _ _ _ _ _ _ _ _ _ _ _ _ _ _ _
<string>:4: in __init__
    ???
.pythonlibs/lib/python3.11/site-packages/sqlalchemy/orm/state.py:571: in _initialize_instance
    with util.safe_reraise():
.pythonlibs/lib/python3.11/site-packages/sqlalchemy/util/langhelpers.py:146: in __exit__
    raise exc_value.with_traceback(exc_tb)
.pythonlibs/lib/python3.11/site-packages/sqlalchemy/orm/state.py:569: in _initialize_instance
    manager.original_init(*mixed[1:], **kwargs)
_ _ _ _ _ _ _ _ _ _ _ _ _ _ _ _ _ _ _ _ _ _ _ _ _ _ _ _ _

self = <SubscriptionTier Test Tier>
kwargs = {'is_billing_exempt': True, 'key': 'test', 'name': 'Test Tier'}
cls_ = <class 'app.models.subscription_tier.SubscriptionTier'>
k = 'key'

    def _declarative_constructor(self: Any, **kwargs: Any) -> None:
        """A simple constructor that allows initialization from kwargs.
    
        Sets attributes on the constructed instance using the names and
        values in ``kwargs``.
    
        Only keys that are present as
        attributes of the instance's class are allowed. These could be,
        for example, any mapped columns or relationships.
        """
        cls_ = type(self)
        for k in kwargs:
            if not hasattr(cls_, k):
                raise TypeError(
                    "%r is an invalid keyword argument for %s" % (k, cls_.__name__)
                )
>           setattr(self, k, kwargs[k])
E           AttributeError: property 'key' of 'SubscriptionTier' object has no setter

.pythonlibs/lib/python3.11/site-packages/sqlalchemy/orm/decl_base.py:2178: AttributeError
------------------ Captured log setup -------------------
INFO     app.blueprints_registry:blueprints_registry.py:123 Blueprint 'billing' registered successfully.
INFO     app:unit_utils.py:28 BatchTrack startup
=================== warnings summary ====================
tests/test_audit_canonicalization.py: 2 warnings
tests/test_auth_permissions.py: 8 warnings
tests/test_billing_and_tier_enforcement.py: 7 warnings
tests/test_expiration_canonicalization.py: 3 warnings
tests/test_google_oauth.py: 7 warnings
tests/test_inventory_fifo.py: 3 warnings
tests/test_inventory_routes_canonicalization.py: 2 warnings
tests/test_pos_integration_canonicalization.py: 1 warning
tests/test_product_sku.py: 4 warnings
tests/test_reservation_canonicalization.py: 2 warnings
tests/test_signup_tiers.py: 5 warnings
tests/test_stripe_webhooks.py: 4 warnings
  /home/runner/workspace/.pythonlibs/lib/python3.11/site-packages/flask_limiter/extension.py:333: UserWarning: Using the in-memory storage for tracking rate limits as no storage was explicitly specified. This is not recommended for production use. See: https://flask-limiter.readthedocs.io#configuring-a-storage-backend for documentation about configuring the storage backend.
    warnings.warn(

tests/test_audit_canonicalization.py: 2 warnings
tests/test_auth_permissions.py: 8 warnings
tests/test_billing_and_tier_enforcement.py: 7 warnings
tests/test_expiration_canonicalization.py: 1 warning
tests/test_google_oauth.py: 7 warnings
tests/test_inventory_fifo.py: 3 warnings
tests/test_inventory_routes_canonicalization.py: 1 warning
tests/test_pos_integration_canonicalization.py: 1 warning
tests/test_product_sku.py: 4 warnings
tests/test_reservation_canonicalization.py: 2 warnings
tests/test_signup_tiers.py: 5 warnings
tests/test_stripe_webhooks.py: 4 warnings
  /home/runner/workspace/.pythonlibs/lib/python3.11/site-packages/flask_sqlalchemy/extension.py:881: SAWarning: Can't sort tables for DROP; an unresolvable foreign key dependency exists between tables: batch, product_sku; and backend does not support ALTER.  To restore at least a partial sort, apply use_alter=True to ForeignKey and ForeignKeyConstraint objects involved in the cycle to mark these as known cycles that will be ignored.
    getattr(metadata, op_name)(bind=engine)

tests/test_billing_and_tier_enforcement.py::TestBillingAndTierEnforcement::test_tier_permission_is_the_hard_ceiling
tests/test_billing_and_tier_enforcement.py::TestBillingAndTierEnforcement::test_tier_permission_is_the_hard_ceiling
  /home/runner/workspace/app/models/models.py:323: LegacyAPIWarning: The Query.get() method is considered legacy as of the 1.x series of SQLAlchemy and becomes a legacy construct in 2.0. The method is now available as Session.get() (deprecated since: 2.0) (Background on SQLAlchemy 2.0 at: https://sqlalche.me/e/b8d9)
    role = Role.query.get(assignment.role_id)

tests/test_expiration_canonicalization.py::test_expiration_service_uses_canonical_adjustment
  /home/runner/workspace/app/blueprints/expiration/services.py:545: LegacyAPIWarning: The Query.get() method is considered legacy as of the 1.x series of SQLAlchemy and becomes a legacy construct in 2.0. The method is now available as Session.get() (deprecated since: 2.0) (Background on SQLAlchemy 2.0 at: https://sqlalche.me/e/b8d9)
    entry = InventoryHistory.query.get(entry_id)

tests/test_inventory_fifo.py::TestInventoryFIFOCharacterization::test_fifo_deduction_order
tests/test_inventory_fifo.py::TestInventoryFIFOCharacterization::test_fifo_deduction_order
tests/test_inventory_fifo.py::TestInventoryFIFOCharacterization::test_fifo_deduction_order
tests/test_inventory_fifo.py::TestInventoryFIFOCharacterization::test_inventory_adjustment_delegates_properly
  /home/runner/workspace/app/services/inventory_adjustment/_audit.py:77: LegacyAPIWarning: The Query.get() method is considered legacy as of the 1.x series of SQLAlchemy and becomes a legacy construct in 2.0. The method is now available as Session.get() (deprecated since: 2.0) (Background on SQLAlchemy 2.0 at: https://sqlalche.me/e/b8d9)
    item = InventoryItem.query.get(item_id)

tests/test_inventory_fifo.py::TestInventoryFIFOCharacterization::test_fifo_deduction_order
  /home/runner/workspace/app/services/stock_check.py:71: LegacyAPIWarning: The Query.get() method is considered legacy as of the 1.x series of SQLAlchemy and becomes a legacy construct in 2.0. The method is now available as Session.get() (deprecated since: 2.0) (Background on SQLAlchemy 2.0 at: https://sqlalche.me/e/b8d9)
    item = InventoryItem.query.get(inventory_item_id)

-- Docs: https://docs.pytest.org/en/stable/how-to/capture-warnings.html
================ short test summary info ================
FAILED tests/test_inventory_routes_canonicalization.py::TestInventoryRoutesCanonicalService::test_adjust_inventory_initial_stock_calls_canonical_service - AttributeError: property 'key' of 'SubscriptionTier'...
= 1 failed, 48 passed, 101 warnings