============================= test session starts ==============================
platform linux -- Python 3.11.13, pytest-8.3.5, pluggy-1.5.0 -- /home/runner/workspace/.pythonlibs/bin/python
cachedir: .pytest_cache
rootdir: /home/runner/workspace
collected 13 items                                                             

tests/test_inventory_routes_canonicalization.py::TestInventoryRoutesCanonicalService::test_adjust_inventory_initial_stock_calls_canonical_service PASSED [  7%]
tests/test_inventory_routes_canonicalization.py::TestInventoryRoutesCanonicalService::test_recount_adjustment_uses_canonical_service PASSED [ 15%]
tests/test_inventory_routes_canonicalization.py::TestInventoryRoutesCanonicalService::test_fifo_ops_uses_canonical_service FAILED [ 23%]
tests/test_inventory_routes_canonicalization.py::TestInventoryRoutesCanonicalService::test_batch_integration_uses_canonical_service PASSED [ 30%]
tests/test_inventory_routes_canonicalization.py::TestInventoryRoutesCanonicalService::test_reservation_service_uses_canonical_service FAILED [ 38%]
tests/test_inventory_routes_canonicalization.py::TestInventoryRoutesCanonicalService::test_pos_integration_uses_canonical_service PASSED [ 46%]
tests/test_inventory_routes_canonicalization.py::TestInventoryRoutesCanonicalService::test_inventory_routes_use_canonical_service PASSED [ 53%]
tests/test_inventory_routes_canonicalization.py::TestInventoryRoutesCanonicalService::test_expiration_service_uses_canonical_service FAILED [ 61%]
tests/test_inventory_routes_canonicalization.py::TestInventoryRoutesCanonicalService::test_no_direct_quantity_modifications PASSED [ 69%]
tests/test_inventory_routes_canonicalization.py::TestInventoryRoutesCanonicalService::test_canonical_service_handles_all_operation_types FAILED [ 76%]
tests/test_inventory_routes_canonicalization.py::TestInventoryRoutesCanonicalService::test_fifo_service_integration PASSED [ 84%]
tests/test_inventory_routes_canonicalization.py::TestInventoryRoutesCanonicalService::test_inventory_alerts_read_only_access PASSED [ 92%]
tests/test_inventory_routes_canonicalization.py::TestInventoryRoutesCanonicalService::test_product_service_uses_canonical_for_modifications FAILED [100%]

=================================== FAILURES ===================================
___ TestInventoryRoutesCanonicalService.test_fifo_ops_uses_canonical_service ___