============================= test session starts ==============================
platform linux -- Python 3.11.13, pytest-8.3.5, pluggy-1.5.0 -- /home/runner/workspace/.pythonlibs/bin/python
cachedir: .pytest_cache
rootdir: /home/runner/workspace
collected 1 item                                                               

tests/test_inventory_comprehensive.py::TestInventorySystemComprehensive::test_create_ingredient_with_initial_stock ERROR [100%]

======================================== ERRORS ========================================
_ ERROR at setup of TestInventorySystemComprehensive.test_create_ingredient_with_initial_stock _

self = <sqlalchemy.engine.base.Connection object at 0x7f9cade62010>
dialect = <sqlalchemy.dialects.sqlite.pysqlite.SQLiteDialect_pysqlite object at 0x7f9cb4b51290>
context = <sqlalchemy.dialects.sqlite.base.SQLiteExecutionContext object at 0x7f9cade62150>
statement = <sqlalchemy.dialects.sqlite.base.SQLiteCompiler object at 0x7f9cade62190>
parameters = [('Test Tier', None, 'monthly', 10, None, None, ...)]

    def _exec_single_context(
        self,
        dialect: Dialect,
        context: ExecutionContext,
        statement: Union[str, Compiled],
        parameters: Optional[_AnyMultiExecuteParams],
    ) -> CursorResult[Any]:
        """continue the _execute_context() method for a single DBAPI
        cursor.execute() or cursor.executemany() call.
    
        """
        if dialect.bind_typing is BindTyping.SETINPUTSIZES:
            generic_setinputsizes = context._prepare_set_input_sizes()
    
            if generic_setinputsizes:
                try:
                    dialect.do_set_input_sizes(
                        context.cursor, generic_setinputsizes, context
                    )
                except BaseException as e:
                    self._handle_dbapi_exception(
                        e, str(statement), parameters, None, context
                    )
    
        cursor, str_statement, parameters = (
            context.cursor,
            context.statement,
            context.parameters,
        )
    
        effective_parameters: Optional[_AnyExecuteParams]
    
        if not context.executemany:
            effective_parameters = parameters[0]
        else:
            effective_parameters = parameters
    
        if self._has_events or self.engine._has_events:
            for fn in self.dispatch.before_cursor_execute:
                str_statement, effective_parameters = fn(
                    self,
                    cursor,
                    str_statement,
                    effective_parameters,
                    context,
                    context.executemany,
                )
    
        if self._echo:
            self._log_info(str_statement)
    
            stats = context._get_cache_stats()
    
            if not self.engine.hide_parameters:
                self._log_info(
                    "[%s] %r",
                    stats,
                    sql_util._repr_params(
                        effective_parameters,
                        batches=10,
                        ismulti=context.executemany,
                    ),
                )
            else:
                self._log_info(
                    "[%s] [SQL parameters hidden due to hide_parameters=True]",
                    stats,
                )
    
        evt_handled: bool = False
        try:
            if context.execute_style is ExecuteStyle.EXECUTEMANY:
                effective_parameters = cast(
                    "_CoreMultiExecuteParams", effective_parameters
                )
                if self.dialect._has_events:
                    for fn in self.dialect.dispatch.do_executemany:
                        if fn(
                            cursor,
                            str_statement,
                            effective_parameters,
                            context,
                        ):
                            evt_handled = True
                            break
                if not evt_handled:
                    self.dialect.do_executemany(
                        cursor,
                        str_statement,
                        effective_parameters,
                        context,
                    )
            elif not effective_parameters and context.no_parameters:
                if self.dialect._has_events:
                    for fn in self.dialect.dispatch.do_execute_no_params:
                        if fn(cursor, str_statement, context):
                            evt_handled = True
                            break
                if not evt_handled:
                    self.dialect.do_execute_no_params(
                        cursor, str_statement, context
                    )
            else:
                effective_parameters = cast(
                    "_CoreSingleExecuteParams", effective_parameters
                )
                if self.dialect._has_events:
                    for fn in self.dialect.dispatch.do_execute:
                        if fn(
                            cursor,
                            str_statement,
                            effective_parameters,
                            context,
                        ):
                            evt_handled = True
                            break
                if not evt_handled:
>                   self.dialect.do_execute(
                        cursor, str_statement, effective_parameters, context
                    )

.pythonlibs/lib/python3.11/site-packages/sqlalchemy/engine/base.py:1964: 
_ _ _ _ _ _ _ _ _ _ _ _ _ _ _ _ _ _ _ _ _ _ _ _ _ _ _ _ _ _ _ _ _ _ _ _ _ _ _ _ _ _ _ _ 

self = <sqlalchemy.dialects.sqlite.pysqlite.SQLiteDialect_pysqlite object at 0x7f9cb4b51290>
cursor = <sqlite3.Cursor object at 0x7f9cade28ec0>
statement = 'INSERT INTO subscription_tier (name, description, tier_type, user_limit, max_users, max_recipes, max_batches, max_pro..., stripe_lookup_key, whop_product_key, created_at, updated_at) VALUES (?, ?, ?, ?, ?, ?, ?, ?, ?, ?, ?, ?, ?, ?, ?, ?)'
parameters = ('Test Tier', None, 'monthly', 10, None, None, ...)
context = <sqlalchemy.dialects.sqlite.base.SQLiteExecutionContext object at 0x7f9cade62150>

    def do_execute(self, cursor, statement, parameters, context=None):
>       cursor.execute(statement, parameters)
E       sqlite3.IntegrityError: UNIQUE constraint failed: subscription_tier.name

.pythonlibs/lib/python3.11/site-packages/sqlalchemy/engine/default.py:945: IntegrityError

The above exception was the direct cause of the following exception:

self = <tests.test_inventory_comprehensive.TestInventorySystemComprehensive object at 0x7f9cb4b73110>
app = <Flask 'app'>
db_session = <sqlalchemy.orm.scoping.scoped_session object at 0x7f9cb55b1150>

    @pytest.fixture
    def setup_test_data(self, app, db_session):
        """Setup test organization, user, and base items for testing"""
        with app.test_request_context():
            # Create tier
            tier = SubscriptionTier(
                name="Test Tier",
                tier_type="monthly",
                user_limit=10
            )
            db_session.add(tier)
>           db_session.flush()

tests/test_inventory_comprehensive.py:37: 
_ _ _ _ _ _ _ _ _ _ _ _ _ _ _ _ _ _ _ _ _ _ _ _ _ _ _ _ _ _ _ _ _ _ _ _ _ _ _ _ _ _ _ _ 
.pythonlibs/lib/python3.11/site-packages/sqlalchemy/orm/scoping.py:938: in flush
    return self._proxied.flush(objects=objects)
.pythonlibs/lib/python3.11/site-packages/sqlalchemy/orm/session.py:4353: in flush
    self._flush(objects)
.pythonlibs/lib/python3.11/site-packages/sqlalchemy/orm/session.py:4488: in _flush
    with util.safe_reraise():
.pythonlibs/lib/python3.11/site-packages/sqlalchemy/util/langhelpers.py:146: in __exit__
    raise exc_value.with_traceback(exc_tb)
.pythonlibs/lib/python3.11/site-packages/sqlalchemy/orm/session.py:4449: in _flush
    flush_context.execute()
.pythonlibs/lib/python3.11/site-packages/sqlalchemy/orm/unitofwork.py:466: in execute
    rec.execute(self)
.pythonlibs/lib/python3.11/site-packages/sqlalchemy/orm/unitofwork.py:642: in execute
    util.preloaded.orm_persistence.save_obj(
.pythonlibs/lib/python3.11/site-packages/sqlalchemy/orm/persistence.py:93: in save_obj
    _emit_insert_statements(
.pythonlibs/lib/python3.11/site-packages/sqlalchemy/orm/persistence.py:1233: in _emit_insert_statements
    result = connection.execute(
.pythonlibs/lib/python3.11/site-packages/sqlalchemy/engine/base.py:1416: in execute
    return meth(
.pythonlibs/lib/python3.11/site-packages/sqlalchemy/sql/elements.py:523: in _execute_on_connection
    return connection._execute_clauseelement(
.pythonlibs/lib/python3.11/site-packages/sqlalchemy/engine/base.py:1638: in _execute_clauseelement
    ret = self._execute_context(
.pythonlibs/lib/python3.11/site-packages/sqlalchemy/engine/base.py:1843: in _execute_context
    return self._exec_single_context(
.pythonlibs/lib/python3.11/site-packages/sqlalchemy/engine/base.py:1983: in _exec_single_context
    self._handle_dbapi_exception(
.pythonlibs/lib/python3.11/site-packages/sqlalchemy/engine/base.py:2352: in _handle_dbapi_exception
    raise sqlalchemy_exception.with_traceback(exc_info[2]) from e
.pythonlibs/lib/python3.11/site-packages/sqlalchemy/engine/base.py:1964: in _exec_single_context
    self.dialect.do_execute(
_ _ _ _ _ _ _ _ _ _ _ _ _ _ _ _ _ _ _ _ _ _ _ _ _ _ _ _ _ _ _ _ _ _ _ _ _ _ _ _ _ _ _ _ 

self = <sqlalchemy.dialects.sqlite.pysqlite.SQLiteDialect_pysqlite object at 0x7f9cb4b51290>
cursor = <sqlite3.Cursor object at 0x7f9cade28ec0>
statement = 'INSERT INTO subscription_tier (name, description, tier_type, user_limit, max_users, max_recipes, max_batches, max_pro..., stripe_lookup_key, whop_product_key, created_at, updated_at) VALUES (?, ?, ?, ?, ?, ?, ?, ?, ?, ?, ?, ?, ?, ?, ?, ?)'
parameters = ('Test Tier', None, 'monthly', 10, None, None, ...)
context = <sqlalchemy.dialects.sqlite.base.SQLiteExecutionContext object at 0x7f9cade62150>

    def do_execute(self, cursor, statement, parameters, context=None):
>       cursor.execute(statement, parameters)
E       sqlalchemy.exc.IntegrityError: (sqlite3.IntegrityError) UNIQUE constraint failed: subscription_tier.name
E       [SQL: INSERT INTO subscription_tier (name, description, tier_type, user_limit, max_users, max_recipes, max_batches, max_products, max_batchbot_requests, max_monthly_batches, is_customer_facing, billing_provider, stripe_lookup_key, whop_product_key, created_at, updated_at) VALUES (?, ?, ?, ?, ?, ?, ?, ?, ?, ?, ?, ?, ?, ?, ?, ?)]
E       [parameters: ('Test Tier', None, 'monthly', 10, None, None, None, None, None, None, 1, 'exempt', None, None, '2025-08-21 02:05:33.003904', '2025-08-21 02:05:33.003907')]
E       (Background on this error at: https://sqlalche.me/e/20/gkpj)

.pythonlibs/lib/python3.11/site-packages/sqlalchemy/engine/default.py:945: IntegrityError
-------------------------------- Captured stdout setup ---------------------------------

=== Blueprint Registration Summary ===
✅ Successful: 27
   - Authentication
   - Admin
   - Developer
   - Inventory
   - Recipes
   - Batches
   - Organization
   - Billing
   - Settings
   - Timers
   - Expiration
   - Conversion
   - Products Main
   - Product Inventory
   - Reservations
   - SKU Management
   - Product Variants
   - Product Alerts
   - Public API
   - Main API
   - Stock API
   - App Routes
   - Legal Routes
   - Bulk Stock
   - Fault Log
   - Tag Manager
   - Waitlist

🎉 All blueprints registered successfully!
---------------------------------- Captured log setup ----------------------------------
INFO     app:unit_utils.py:28 BatchTrack startup
=================================== warnings summary ===================================
tests/test_inventory_comprehensive.py::TestInventorySystemComprehensive::test_create_ingredient_with_initial_stock
  /home/runner/workspace/.pythonlibs/lib/python3.11/site-packages/flask_limiter/extension.py:333: UserWarning: Using the in-memory storage for tracking rate limits as no storage was explicitly specified. This is not recommended for production use. See: https://flask-limiter.readthedocs.io#configuring-a-storage-backend for documentation about configuring the storage backend.
    warnings.warn(

tests/test_inventory_comprehensive.py::TestInventorySystemComprehensive::test_create_ingredient_with_initial_stock
  /home/runner/workspace/.pythonlibs/lib/python3.11/site-packages/flask_sqlalchemy/extension.py:881: SAWarning: Can't sort tables for DROP; an unresolvable foreign key dependency exists between tables: batch, product_sku; and backend does not support ALTER.  To restore at least a partial sort, apply use_alter=True to ForeignKey and ForeignKeyConstraint objects involved in the cycle to mark these as known cycles that will be ignored.
    getattr(metadata, op_name)(bind=engine)

-- Docs: https://docs.pytest.org/en/stable/how-to/capture-warnings.html
=============================== short test summary info ================================
ERROR tests/test_inventory_comprehensive.py::TestInventorySystemComprehensive::test_create_ingredient_with_initial_stock - sqlalchemy.exc.IntegrityError: (sqlite3.IntegrityError) UNIQUE constraint failed: s...
============================= 2 warnings, 1 error in 5.51s =============================
