â„¹ï¸  updated_at column already exists
      âœ… Table 'custom_unit_mapping' timestamp columns up to date
   Checking table: conversion_log
      â„¹ï¸  created_at column already exists
      â„¹ï¸  updated_at column already exists
      âœ… Table 'conversion_log' timestamp columns up to date
   Checking table: tag
      âœ… Added created_at column
      âœ… Added updated_at column
âœ… Migration completed: Added 19 timestamp columns across all tables
âš ï¸  All timestamp columns added as nullable for safety
INFO  [alembic.runtime.migration] Running upgrade add_missing_created_at_columns -> add_missing_table_schemas, add missing table schemas for billing_snapshot, pricing_snapshot, and statistics
=== Adding missing table schemas ===
   Creating billing_snapshots table...
   Creating pricing_snapshots table...
   statistics table already exists - skipping
   Adding timestamps to existing organization_stats table...
âœ… Missing table schemas processed successfully
âš ï¸  Note: Skipping ingredient_category as requested
INFO  [alembic.runtime.migration] Running upgrade add_missing_table_schemas -> fix_password_hash_length, fix password_hash column length
=== Fixing password_hash column length ===
   Updating user.password_hash column length from 120 to 255...
   âœ… Updated password_hash column to varchar(255)
âœ… Migration completed: password_hash column can now store longer hashes
INFO  [alembic.runtime.migration] Running upgrade fix_password_hash_length -> 8b7aa70df87d, fix user_role_assignment constraints to allow NULL role_id for developer roles
=== Fixing user_role_assignment constraints ===
   Updating user_role_assignment.role_id to allow NULL...
   âœ… Updated role_id column to allow NULL values
   âœ… Added check constraint to ensure either role_id or developer_role_id is set
âœ… User role assignment constraints fixed successfully
INFO  [alembic.runtime.migration] Running upgrade 8b7aa70df87d -> 9d2a5c7f8b1e, fix inventory history constraints
=== Fixing inventory history constraints ===
   âœ… inventory_history table already exists
   Dropping unwanted quantity_before column...
   âœ… Dropped quantity_before column using direct SQL
   Adding missing column: remaining_quantity
   Adding missing column: fifo_code
   Adding missing column: expiration_date
   Adding missing column: fifo_reference_id
   Adding missing column: quantity_used
   Adding missing column: is_perishable
   Adding missing column: shelf_life_days
   Updating remaining_quantity for existing records...
   âœ… Updated remaining_quantity values
   Cleaning up invalid data...
   âœ… Cleaned up invalid data
   âœ… Added constraint: ck_inventory_history_remaining_quantity_non_negative
   âœ… Created index: idx_inventory_history_item_remaining
   âœ… Created index: idx_inventory_history_fifo_code
   âœ… Created index: idx_inventory_history_timestamp
âœ… Inventory history constraints fixed successfully
INFO  [alembic.runtime.migration] Running upgrade 9d2a5c7f8b1e -> 1a2b3c4d5e6f, force drop unwanted columns
=== Force dropping unwanted columns ===
   Database type detected: postgresql
   â„¹ï¸  Column quantity_before does not exist
   Attempting to drop column: quantity_after
   âœ… Dropped constraints for quantity_after (PostgreSQL)
   âœ… Dropped column: quantity_after (PostgreSQL)
   Attempting to drop column: reason
   âœ… Dropped constraints for reason (PostgreSQL)
   âœ… Dropped column: reason (PostgreSQL)
   Attempting to drop column: user_id
   âœ… Dropped constraints for user_id (PostgreSQL)
   âœ… Dropped column: user_id (PostgreSQL)
   âœ… Added required column: created_by
   âœ… Added required column: unit_cost
=== Force drop completed ===
INFO  [alembic.runtime.migration] Running upgrade 1a2b3c4d5e6f -> add_billing_columns_org, add billing columns to organization
=== Adding billing columns to organization table ===
   âœ… Organization table exists
   âœ… Column subscription_tier_id already exists
   Adding column: stripe_subscription_id
   âœ… Added stripe_subscription_id
   âœ… Column stripe_customer_id already exists
   Adding column: billing_info
   âœ… Added billing_info
   Adding column: next_billing_date
   âœ… Added next_billing_date
   âœ… Column subscription_status already exists
   Adding column: signup_source
   âœ… Added signup_source
   Adding column: promo_code
   âœ… Added promo_code
   Adding column: referral_code
   âœ… Added referral_code
   âœ… Column contact_email already exists
   Adding foreign key constraint for subscription_tier_id...
   âœ… Added foreign key constraint
   Updating default subscription_status for existing records...
   âœ… Updated subscription_status defaults
âœ… Billing columns migration completed
INFO  [alembic.runtime.migration] Running upgrade add_billing_columns_org -> whop_integration, Add Whop integration fields to Organization
INFO  [alembic.runtime.migration] Running upgrade whop_integration -> a1b2c3d4e5f6789012345678901234ab, Add Whop integration fields to SubscriptionTier
INFO  [alembic.runtime.migration] Running upgrade a1b2c3d4e5f6789012345678901234ab -> 0e15af770cb3, simplify subscription tier model - remove billing fields
=== Simplifying subscription tier model - removing billing fields ===
   Checking developer_permission table...
   âš ï¸  developer_permission.updated_at does not exist - skipping
   âš ï¸  developer_permission.created_at does not exist - skipping
   Checking developer_role table...
   Dropping developer_role.updated_at
   Dropping developer_role.created_at
   Checking subscription_tier table...
   âš ï¸  subscription_tier.whop_plan_id does not exist - skipping
   âš ï¸  subscription_tier.stripe_price_id does not exist - skipping
   âš ï¸  subscription_tier.billing_cycle does not exist - skipping
âœ… Migration completed: Simplified subscription tier model
INFO  [alembic.runtime.migration] Running upgrade 0e15af770cb3 -> f4e5d6c7b8a9, remove nonexistent billing columns
=== Removing nonexistent billing columns ===
   âœ… Column billing_cycle already doesn't exist
   âœ… Column pricing_category already doesn't exist
   âœ… Column price_amount already doesn't exist
   âœ… Column currency already doesn't exist
=== Migration completed ===
INFO  [alembic.runtime.migration] Running upgrade f4e5d6c7b8a9 -> drop_deprecated_billing_columns, drop deprecated billing columns
=== Dropping deprecated billing columns ===
   âœ… Column billing_cycle doesn't exist (already clean)
   âœ… Column pricing_category doesn't exist (already clean)
   âœ… Column price_amount doesn't exist (already clean)
   âœ… Column currency doesn't exist (already clean)
=== Migration completed ===
INFO  [alembic.runtime.migration] Running upgrade drop_deprecated_billing_columns -> add_offline_billing_support, Add offline billing support
=== Mock migration: add_offline_billing_support ===
   No changes to apply - this is a mock revision for production sync
âœ… Mock migration completed
INFO  [alembic.runtime.migration] Running upgrade add_offline_billing_support -> 3f7a8b9c2d5e, Add offline billing support and missing billing fields
=== Adding offline billing support and missing billing fields ===
   Adding offline support to subscription_tier...
   âœ… Added last_billing_sync
   âœ… Added grace_period_days
   Adding fields to organization...
   Adding column: last_online_sync
   âœ… Added last_online_sync
   Adding column: offline_tier_cache
   âœ… Added offline_tier_cache
   Adding column: billing_status
   âœ… Added billing_status
   âœ… Column stripe_customer_id already exists
   âœ… Column stripe_subscription_id already exists
   âœ… Column whop_license_key already exists
   âœ… Column whop_product_tier already exists
   âœ… Column whop_verified already exists
   Updating default values for existing records...
   âœ… Updated default values
âœ… Offline billing and missing fields migration completed
INFO  [alembic.runtime.migration] Running upgrade 3f7a8b9c2d5e -> 4246268c4e7c, add_oauth_and_email_verification_fields
=== Adding OAuth and email verification fields ===
   Adding created_at column to developer_permission...
   Adding created_at column to developer_role...
   âš ï¸  email_verified column already exists, skipping
   âš ï¸  email_verification_token column already exists, skipping
   Adding email_verification_sent_at column...
   Adding oauth_provider column...
   Adding oauth_provider_id column...
   âš ï¸  password_reset_token column already exists, skipping
   Adding password_reset_sent_at column...
   Adding google_id column...
âœ… Migration completed: OAuth and email verification fields
INFO  [alembic.runtime.migration] Running upgrade 4246268c4e7c -> fix_missing_email_verification, fix missing email verification columns
ðŸ”§ Fixing missing email verification columns...
   âœ… email_verification_sent_at column already exists
   âœ… password_reset_sent_at column already exists
âœ… Email verification columns fix completed
INFO  [alembic.runtime.migration] Running upgrade fix_missing_email_verification -> add_fallback_price_column, add_fallback_price_column
=== Adding fallback_price column to subscription_tier ===
   Adding fallback_price column...
âœ… fallback_price column added successfully
INFO  [alembic.runtime.migration] Running upgrade add_fallback_price_column -> 9a2b8c4d5e6f, fix missing oauth columns postgresql
=== OAuth Column Fix (SQLite/PostgreSQL compatible) ===
   âš ï¸  oauth_provider column already exists, skipping
   âš ï¸  oauth_provider_id column already exists, skipping
   âš ï¸  password_reset_token column already exists, skipping
   âš ï¸  password_reset_sent_at column already exists, skipping
   âš ï¸  email_verification_sent_at column already exists, skipping
   No columns to add - all OAuth columns already exist
âœ… OAuth columns migration completed
INFO  [alembic.runtime.migration] Running upgrade 9a2b8c4d5e6f -> b5c7d8e9f1a2, replace billing provider booleans with enum fields
=== Replacing billing provider booleans with enum fields ===
   Adding tier_type column...
   Adding billing_provider column...
   â„¹ï¸  subscription_tier table is empty - skipping data migration
   Dropping legacy boolean columns...
   âœ… Dropped requires_whop_billing
âœ… Billing provider enum migration completed
INFO  [alembic.runtime.migration] Running upgrade b5c7d8e9f1a2 -> fix_unit_symbol_nullable, make unit symbol nullable for custom units
=== Making unit symbol nullable ===
   â„¹ï¸  Index ix_unit_standard_unique doesn't exist, skipping
   âœ… Made symbol column nullable
   âœ… Created new ix_unit_symbol index
âœ… Migration completed: Unit symbol is now nullable
INFO  [alembic.runtime.migration] Running upgrade fix_unit_symbol_nullable -> c8f2e5a9b1d4, fix fallback_price column type from Numeric to String
=== Fixing fallback_price column type ===
   Converting fallback_price from Numeric to String...
âœ… fallback_price column type fixed
INFO  [alembic.runtime.migration] Running upgrade c8f2e5a9b1d4 -> fix_product_sku_name_column, fix product_sku name column mismatch
=== Fixing product_sku name/sku_name column mismatch ===
   name column exists: True
   sku_name column exists: True
   Both columns exist - migrating data and dropping 'name'
   âœ… Migrated name data to sku_name
   âœ… Dropped old 'name' column
INFO  [alembic.runtime.migration] Running upgrade fix_product_sku_name_column -> add_unique_constraint_stripe, add unique constraint on stripe event id
Creating stripe_event table...
âœ… Created stripe_event table
INFO  [alembic.runtime.migration] Running upgrade add_unique_constraint_stripe -> add_tier_key_column, add tier_key column to subscription_tier
=== Adding missing columns to subscription_tier ===
   Adding tier_key column...
âœ… tier_key column added successfully
   âš ï¸  max_users column already exists, skipping
   Adding max_monthly_batches column...
âœ… max_monthly_batches column added successfully
   Setting default values for max_monthly_batches...
   Populating tier_key values from key column...
=== Migration completed ===
INFO  [alembic.runtime.migration] Running upgrade add_tier_key_column -> add_legacy_compatibility_fields, add legacy compatibility fields to subscription tier
=== No-op migration: add_legacy_compatibility_fields ===
âœ… This is a placeholder migration with no changes
INFO  [alembic.runtime.migration] Running upgrade add_legacy_compatibility_fields -> 39e309ff02d1, add legacy compatibility fields to subscription tier
=== Adding legacy compatibility fields to subscription_tier ===
   Adding stripe_product_id column...
âœ… stripe_product_id column added successfully
   Adding stripe_price_id column...
âœ… stripe_price_id column added successfully
   âš ï¸  stripe_price_id_monthly column already exists, skipping
   âš ï¸  stripe_price_id_yearly column already exists, skipping
=== Legacy compatibility fields migration completed ===
INFO  [alembic.runtime.migration] Running upgrade 39e309ff02d1 -> add_is_verified_to_user, add is_verified field to user table
=== Adding is_verified field to user table ===
   Adding is_verified column...
âœ… is_verified column added successfully
=== Migration completed ===
INFO  [alembic.runtime.migration] Running upgrade add_is_verified_to_user -> add_email_verified_at_column, add email_verified_at column
=== Adding email_verified_at column (no-op) ===
   Column already exists in current schema
âœ… Migration completed
INFO  [alembic.runtime.migration] Running upgrade add_email_verified_at_column -> 6f9bc65166b3, Create unified inventory history and merge data
=== Creating UnifiedInventoryHistory and migrating data ===
   Creating unified_inventory_history table...
   Creating indexes...
   Migrating data from inventory_history...
   âœ… Successfully migrated inventory_history data
   Migrating data from product_sku_history...
   âœ… Successfully migrated product_sku_history data
   âœ… Unified inventory history migration completed
INFO  [alembic.runtime.migration] Running upgrade 6f9bc65166b3 -> 57d6ce45a761, empty message
INFO  [alembic.runtime.migration] Running upgrade 57d6ce45a761 -> clean_subscription_tier_billing, clean subscription tier billing structure
Traceback (most recent call last):
  File "/home/runner/workspace/.pythonlibs/lib/python3.11/site-packages/sqlalchemy/engine/base.py", line 1964, in _exec_single_context
    self.dialect.do_execute(
  File "/home/runner/workspace/.pythonlibs/lib/python3.11/site-packages/sqlalchemy/engine/default.py", line 945, in do_execute
    cursor.execute(statement, parameters)
psycopg2.errors.UndefinedColumn: column "is_customer_facing" does not exist
LINE 8:                 is_customer_facing,
                        ^


The above exception was the direct cause of the following exception:

Traceback (most recent call last):
  File "/home/runner/workspace/.pythonlibs/bin/flask", line 8, in <module>
    sys.exit(main())
             ^^^^^^
  File "/home/runner/workspace/.pythonlibs/lib/python3.11/site-packages/flask/cli.py", line 1131, in main
    cli.main()
  File "/home/runner/workspace/.pythonlibs/lib/python3.11/site-packages/click/core.py", line 1363, in main
    rv = self.invoke(ctx)
         ^^^^^^^^^^^^^^^^
  File "/home/runner/workspace/.pythonlibs/lib/python3.11/site-packages/click/core.py", line 1830, in invoke
    return _process_result(sub_ctx.command.invoke(sub_ctx))
                           ^^^^^^^^^^^^^^^^^^^^^^^^^^^^^^^
  File "/home/runner/workspace/.pythonlibs/lib/python3.11/site-packages/click/core.py", line 1830, in invoke
    return _process_result(sub_ctx.command.invoke(sub_ctx))
                           ^^^^^^^^^^^^^^^^^^^^^^^^^^^^^^^
  File "/home/runner/workspace/.pythonlibs/lib/python3.11/site-packages/click/core.py", line 1226, in invoke
    return ctx.invoke(self.callback, **ctx.params)
           ^^^^^^^^^^^^^^^^^^^^^^^^^^^^^^^^^^^^^^^
  File "/home/runner/workspace/.pythonlibs/lib/python3.11/site-packages/click/core.py", line 794, in invoke
    return callback(*args, **kwargs)
           ^^^^^^^^^^^^^^^^^^^^^^^^^
  File "/home/runner/workspace/.pythonlibs/lib/python3.11/site-packages/click/decorators.py", line 34, in new_func
    return f(get_current_context(), *args, **kwargs)
           ^^^^^^^^^^^^^^^^^^^^^^^^^^^^^^^^^^^^^^^^^
  File "/home/runner/workspace/.pythonlibs/lib/python3.11/site-packages/flask/cli.py", line 400, in decorator
    return ctx.invoke(f, *args, **kwargs)
           ^^^^^^^^^^^^^^^^^^^^^^^^^^^^^^
  File "/home/runner/workspace/.pythonlibs/lib/python3.11/site-packages/click/core.py", line 794, in invoke
    return callback(*args, **kwargs)
           ^^^^^^^^^^^^^^^^^^^^^^^^^
  File "/home/runner/workspace/.pythonlibs/lib/python3.11/site-packages/flask_migrate/cli.py", line 150, in upgrade
    _upgrade(directory, revision, sql, tag, x_arg)
  File "/home/runner/workspace/.pythonlibs/lib/python3.11/site-packages/flask_migrate/__init__.py", line 111, in wrapped
    f(*args, **kwargs)
  File "/home/runner/workspace/.pythonlibs/lib/python3.11/site-packages/flask_migrate/__init__.py", line 200, in upgrade
    command.upgrade(config, revision, sql=sql, tag=tag)
  File "/home/runner/workspace/.pythonlibs/lib/python3.11/site-packages/alembic/command.py", line 408, in upgrade
    script.run_env()
  File "/home/runner/workspace/.pythonlibs/lib/python3.11/site-packages/alembic/script/base.py", line 586, in run_env
    util.load_python_file(self.dir, "env.py")
  File "/home/runner/workspace/.pythonlibs/lib/python3.11/site-packages/alembic/util/pyfiles.py", line 95, in load_python_file
    module = load_module_py(module_id, path)
             ^^^^^^^^^^^^^^^^^^^^^^^^^^^^^^^
  File "/home/runner/workspace/.pythonlibs/lib/python3.11/site-packages/alembic/util/pyfiles.py", line 113, in load_module_py
    spec.loader.exec_module(module)  # type: ignore
    ^^^^^^^^^^^^^^^^^^^^^^^^^^^^^^^
  File "<frozen importlib._bootstrap_external>", line 940, in exec_module
  File "<frozen importlib._bootstrap>", line 241, in _call_with_frames_removed
  File "/home/runner/workspace/migrations/env.py", line 145, in <module>
    run_migrations_online()
  File "/home/runner/workspace/migrations/env.py", line 139, in run_migrations_online
    context.run_migrations()
  File "<string>", line 8, in run_migrations
  File "/home/runner/workspace/.pythonlibs/lib/python3.11/site-packages/alembic/runtime/environment.py", line 946, in run_migrations
    self.get_context().run_migrations(**kw)
  File "/home/runner/workspace/.pythonlibs/lib/python3.11/site-packages/alembic/runtime/migration.py", line 623, in run_migrations
    step.migration_fn(**kw)
  File "/home/runner/workspace/migrations/versions/clean_subscription_tier_billing.py", line 44, in upgrade
    connection.execute(sa.text("""
  File "/home/runner/workspace/.pythonlibs/lib/python3.11/site-packages/sqlalchemy/engine/base.py", line 1416, in execute
    return meth(
           ^^^^^
  File "/home/runner/workspace/.pythonlibs/lib/python3.11/site-packages/sqlalchemy/sql/elements.py", line 523, in _execute_on_connection
    return connection._execute_clauseelement(
           ^^^^^^^^^^^^^^^^^^^^^^^^^^^^^^^^^^
  File "/home/runner/workspace/.pythonlibs/lib/python3.11/site-packages/sqlalchemy/engine/base.py", line 1638, in _execute_clauseelement
    ret = self._execute_context(
          ^^^^^^^^^^^^^^^^^^^^^^
  File "/home/runner/workspace/.pythonlibs/lib/python3.11/site-packages/sqlalchemy/engine/base.py", line 1843, in _execute_context
    return self._exec_single_context(
           ^^^^^^^^^^^^^^^^^^^^^^^^^^
  File "/home/runner/workspace/.pythonlibs/lib/python3.11/site-packages/sqlalchemy/engine/base.py", line 1983, in _exec_single_context
    self._handle_dbapi_exception(
  File "/home/runner/workspace/.pythonlibs/lib/python3.11/site-packages/sqlalchemy/engine/base.py", line 2352, in _handle_dbapi_exception
    raise sqlalchemy_exception.with_traceback(exc_info[2]) from e
  File "/home/runner/workspace/.pythonlibs/lib/python3.11/site-packages/sqlalchemy/engine/base.py", line 1964, in _exec_single_context
    self.dialect.do_execute(
  File "/home/runner/workspace/.pythonlibs/lib/python3.11/site-packages/sqlalchemy/engine/default.py", line 945, in do_execute
    cursor.execute(statement, parameters)
sqlalchemy.exc.ProgrammingError: (psycopg2.errors.UndefinedColumn) column "is_customer_facing" does not exist
LINE 8:                 is_customer_facing,
                        ^

[SQL: 
            CREATE TABLE subscription_tier_new AS 
            SELECT 
                id,
                name,
                "key",
                description,
                is_customer_facing,
                is_available,
                stripe_lookup_key,
                created_at,
                updated_at,
                whop_product_key,
                fallback_price,
                last_billing_sync,
                grace_period_days,
                tier_type,
                COALESCE(billing_provider, 'exempt') as billing_provider,
                tier_key,
                max_users,
                max_monthly_batches,
                stripe_product_id,
                stripe_price_id,
                stripe_price_id_monthly,
                stripe_price_id_yearly,
                is_billing_exempt
            FROM subscription_tier;
        ]
(Background on this error at: https://sqlalche.me/e/20/f405)
