============================= test session starts ==============================
platform linux -- Python 3.11.13, pytest-8.3.5, pluggy-1.5.0 -- /nix/store/2lcqw1d28vklbk8ikiwad28iq2smwndv-python-wrapped-0.1.0/bin/python3
cachedir: .pytest_cache
rootdir: /home/runner/workspace
collected 49 items                                     

tests/test_audit_canonicalization.py::test_api_reservation_routes_uses_canonical_audit PASSED [  2%]
tests/test_audit_canonicalization.py::test_products_routes_uses_canonical_audit PASSED [  4%]
tests/test_auth_permissions.py::TestAuthPermissions::test_permission_required_decorator_allows_with_permission PASSED [  6%]
tests/test_auth_permissions.py::TestAuthPermissions::test_permission_required_returns_json_for_api PASSED [  8%]
tests/test_auth_permissions.py::TestAuthPermissions::test_any_permission_required_decorator PASSED [ 10%]
tests/test_auth_permissions.py::TestAuthPermissions::test_tier_required_decorator PASSED [ 12%]
tests/test_auth_permissions.py::TestAuthPermissions::test_user_has_any_permission_method PASSED [ 14%]
tests/test_auth_permissions.py::TestAuthPermissions::test_api_unauth_returns_json_401 PASSED [ 16%]
tests/test_auth_permissions.py::TestAuthPermissions::test_web_unauth_redirects_to_login PASSED [ 18%]
tests/test_auth_permissions.py::TestAuthPermissions::test_csrf_token_available_in_templates PASSED [ 20%]
tests/test_billing_and_tier_enforcement.py::TestBillingAndTierEnforcement::test_tier_permission_is_the_hard_ceiling PASSED [ 22%]
tests/test_billing_and_tier_enforcement.py::TestBillingAndTierEnforcement::test_billing_status_enforcement[active-200] PASSED [ 24%]
tests/test_billing_and_tier_enforcement.py::TestBillingAndTierEnforcement::test_billing_status_enforcement[past_due-302] PASSED [ 26%]
tests/test_billing_and_tier_enforcement.py::TestBillingAndTierEnforcement::test_billing_status_enforcement[suspended-302] PASSED [ 28%]
tests/test_billing_and_tier_enforcement.py::TestBillingAndTierEnforcement::test_billing_status_enforcement[canceled-302] PASSED [ 30%]
tests/test_billing_and_tier_enforcement.py::TestBillingAndTierEnforcement::test_developer_can_masquerade_regardless_of_billing PASSED [ 32%]
tests/test_billing_and_tier_enforcement.py::TestBillingAndTierEnforcement::test_complete_security_cascade PASSED [ 34%]
tests/test_expiration_canonicalization.py::test_expiration_service_uses_canonical_adjustment PASSED [ 36%]
tests/test_expiration_canonicalization.py::TestExpirationCanonicalService::test_mark_fifo_expired_calls_canonical_service PASSED [ 38%]
tests/test_expiration_canonicalization.py::TestExpirationCanonicalService::test_mark_product_expired_calls_canonical_service PASSED [ 40%]
tests/test_google_oauth.py::TestGoogleOAuthCharacterization::test_oauth_service_exists PASSED [ 42%]
tests/test_google_oauth.py::TestGoogleOAuthCharacterization::test_auth_login_endpoint_exists PASSED [ 44%]
tests/test_google_oauth.py::TestGoogleOAuthCharacterization::test_auth_callback_endpoint_exists PASSED [ 46%]
tests/test_google_oauth.py::TestGoogleOAuthCharacterization::test_oauth_state_validation_path PASSED [ 48%]
tests/test_google_oauth.py::TestGoogleOAuthCharacterization::test_oauth_service_methods_exist PASSED [ 51%]
tests/test_google_oauth.py::TestGoogleOAuthCharacterization::test_oauth_configuration_status PASSED [ 53%]
tests/test_google_oauth.py::TestGoogleOAuthCharacterization::test_oauth_callback_invalid_state PASSED [ 55%]
tests/test_inventory_fifo.py::TestInventoryFIFOCharacterization::test_single_entry_point_exists PASSED [ 57%]
tests/test_inventory_fifo.py::TestInventoryFIFOCharacterization::test_fifo_deduction_order FAILED [ 59%]
tests/test_inventory_fifo.py::TestInventoryFIFOCharacterization::test_inventory_adjustment_delegates_properly PASSED [ 61%]
tests/test_inventory_routes_canonicalization.py::TestInventoryRoutesCanonicalService::test_adjust_inventory_initial_stock_calls_canonical_service PASSED [ 63%]
tests/test_inventory_routes_canonicalization.py::test_recount_adjustment_uses_canonical_service PASSED [ 65%]
tests/test_pos_integration_canonicalization.py::test_pos_sale_uses_canonical_service PASSED [ 67%]
tests/test_pos_integration_canonicalization.py::TestPOSIntegrationCanonicalService::test_reserve_inventory_calls_canonical_service FAILED [ 69%]
tests/test_product_sku.py::TestProductSKUCharacterization::test_product_creation_flow PASSED [ 71%]
tests/test_product_sku.py::TestProductSKUCharacterization::test_sku_generation_constraints PASSED [ 73%]
tests/test_product_sku.py::TestProductSKUCharacterization::test_product_service_exists PASSED [ 75%]
tests/test_product_sku.py::TestProductSKUCharacterization::test_sku_creation_validation PASSED [ 77%]
tests/test_reservation_canonicalization.py::test_credit_specific_lot_called_on_reservation_release PASSED [ 79%]
tests/test_reservation_canonicalization.py::test_record_audit_entry_called_for_unreserved_audit PASSED [ 81%]
tests/test_signup_tiers.py::TestSignupTierCharacterization::test_signup_endpoint_exists PASSED [ 83%]
tests/test_signup_tiers.py::TestSignupTierCharacterization::test_tier_bypass_behavior PASSED [ 85%]
tests/test_signup_tiers.py::TestSignupTierCharacterization::test_organization_tier_assignment PASSED [ 87%]
tests/test_signup_tiers.py::TestSignupTierCharacterization::test_permission_gating_exists PASSED [ 89%]
tests/test_signup_tiers.py::TestSignupTierCharacterization::test_signup_service_delegation PASSED [ 91%]
tests/test_stripe_webhooks.py::TestStripeWebhookCharacterization::test_stripe_service_exists PASSED [ 93%]
tests/test_stripe_webhooks.py::TestStripeWebhookCharacterization::test_webhook_signature_verification_path_exists PASSED [ 95%]
tests/test_stripe_webhooks.py::TestStripeWebhookCharacterization::test_webhook_idempotency_behavior PASSED [ 97%]
tests/test_stripe_webhooks.py::TestStripeWebhookCharacterization::test_stripe_service_methods_exist PASSED [100%]

======================= FAILURES =======================
_ TestInventoryFIFOCharacterization.test_fifo_deduction_order _

self = <tests.test_inventory_fifo.TestInventoryFIFOCharacterization object at 0x7fac398abf10>
app = <Flask 'app'>
db_session = <sqlalchemy.orm.scoping.scoped_session object at 0x7fac3a5d9650>
test_user = <User testuser_1755730886353557>
test_org = <Organization 3>

    def test_fifo_deduction_order(self, app, db_session, test_user, test_org):
        """Test FIFO deduction follows first-in-first-out order."""
        with app.test_request_context():
            login_user(test_user)
    
            # Create inventory item
            item = InventoryItem(
                name="Test Ingredient",
                type="ingredient",
                unit="g",
                quantity=0.0,
                organization_id=test_org.id,
                created_by=test_user.id
            )
            db_session.add(item)
            db_session.flush()
    
            # Add stock in layers (oldest first)
            assert process_inventory_adjustment(
                item_id=item.id,
                quantity=100.0,
                change_type="restock",
                notes="First batch",
                created_by=test_user.id
            )
    
            assert process_inventory_adjustment(
                item_id=item.id,
                quantity=50.0,
                change_type="restock",
                notes="Second batch",
                created_by=test_user.id
            )
    
            # Verify total
            db_session.refresh(item)
            assert item.quantity == 150.0
    
            # Deduct and verify FIFO order
            assert process_inventory_adjustment(
                item_id=item.id,
                quantity=-75.0,
                change_type="batch",
                notes="FIFO test deduction",
                created_by=test_user.id
            )
    
            # Verify available quantity matches
>           from app.services.stock_check import check_stock_availability
E           ImportError: cannot import name 'check_stock_availability' from 'app.services.stock_check' (/home/runner/workspace/app/services/stock_check/__init__.py)

tests/test_inventory_fifo.py:63: ImportError
---------------- Captured stdout setup -----------------

=== Blueprint Registration Summary ===
âœ… Successful: 27
   - Authentication
   - Admin
   - Developer
   - Inventory
   - Recipes
   - Batches
   - Organization
   - Billing
   - Settings
   - Timers
   - Expiration
   - Conversion
   - Products Main
   - Product Inventory
   - Reservations
   - SKU Management
   - Product Variants
   - Product Alerts
   - Public API
   - Main API
   - Stock API
   - App Routes
   - Legal Routes
   - Bulk Stock
   - Fault Log
   - Tag Manager
   - Waitlist

ðŸŽ‰ All blueprints registered successfully!
------------------ Captured log setup ------------------
INFO     app:unit_utils.py:28 BatchTrack startup
------------------ Captured log call -------------------
INFO     app.services.inventory_adjustment._core:_core.py:33 CANONICAL INVENTORY ADJUSTMENT: item_id=1, quantity=100.0, change_type=restock, caller=tests/test_inventory_fifo.py:test_fifo_deduction_order
INFO     app.services.inventory_adjustment._core:_core.py:46 INITIAL STOCK: Detected item 1 has no FIFO history, delegating to creation logic
INFO     app.services.inventory_adjustment._fifo_ops:_fifo_ops.py:237 FIFO: Updating inventory item 1 quantity: 0.0 â†’ 100.0
INFO     app.services.inventory_adjustment._audit:_audit.py:102 Recorded audit entry for item 1: initial_stock
INFO     app.services.inventory_adjustment._core:_core.py:33 CANONICAL INVENTORY ADJUSTMENT: item_id=1, quantity=50.0, change_type=restock, caller=tests/test_inventory_fifo.py:test_fifo_deduction_order
INFO     app.services.inventory_adjustment._fifo_ops:_fifo_ops.py:237 FIFO: Updating inventory item 1 quantity: 100.0 â†’ 150.0
ERROR    app.services.inventory_adjustment._audit:_audit.py:107 Failed to record audit entry for item 1: (builtins.ValueError) could not convert string to float: 'Second batch'
[SQL: INSERT INTO unified_inventory_history (inventory_item_id, timestamp, change_type, quantity_change, unit, unit_cost, remaining_quantity, fifo_reference_id, fifo_code, batch_id, created_by, notes, quantity_used, used_for_batch_id, is_perishable, shelf_life_days, expiration_date, location_id, location_name, temperature_at_time, quality_status, compliance_status, quality_checked_by, customer, sale_price, order_id, reservation_id, is_reserved, sale_location, marketplace_order_id, marketplace_source, batch_number, lot_number, container_id, fifo_source, organization_id) VALUES (?, ?, ?, ?, ?, ?, ?, ?, ?, ?, ?, ?, ?, ?, ?, ?, ?, ?, ?, ?, ?, ?, ?, ?, ?, ?, ?, ?, ?, ?, ?, ?, ?, ?, ?, ?)]
[parameters: [{'remaining_quantity': 0.0, 'timestamp': datetime.datetime(2025, 8, 20, 23, 1, 27, 366574), 'change_type': 'restock', 'organization_id': 3, 'fifo_code ... (513 characters truncated) ... uality_checked_by': None, 'notes': None, 'quality_status': None, 'container_id': None, 'fifo_source': None, 'shelf_life_days': None, 'batch_id': None}]]
INFO     app.services.inventory_adjustment._core:_core.py:33 CANONICAL INVENTORY ADJUSTMENT: item_id=1, quantity=-75.0, change_type=batch, caller=tests/test_inventory_fifo.py:test_fifo_deduction_order
ERROR    app.services.inventory_adjustment._audit:_audit.py:107 Failed to record audit entry for item 1: (builtins.ValueError) could not convert string to float: 'FIFO test deduction'
[SQL: INSERT INTO unified_inventory_history (inventory_item_id, timestamp, change_type, quantity_change, unit, unit_cost, remaining_quantity, fifo_reference_id, fifo_code, batch_id, created_by, notes, quantity_used, used_for_batch_id, is_perishable, shelf_life_days, expiration_date, location_id, location_name, temperature_at_time, quality_status, compliance_status, quality_checked_by, customer, sale_price, order_id, reservation_id, is_reserved, sale_location, marketplace_order_id, marketplace_source, batch_number, lot_number, container_id, fifo_source, organization_id) VALUES (?, ?, ?, ?, ?, ?, ?, ?, ?, ?, ?, ?, ?, ?, ?, ?, ?, ?, ?, ?, ?, ?, ?, ?, ?, ?, ?, ?, ?, ?, ?, ?, ?, ?, ?, ?)]
[parameters: [{'remaining_quantity': 0.0, 'timestamp': datetime.datetime(2025, 8, 20, 23, 1, 27, 424558), 'change_type': 'batch', 'organization_id': 3, 'fifo_code': ... (518 characters truncated) ... uality_checked_by': None, 'notes': None, 'quality_status': None, 'container_id': None, 'fifo_source': None, 'shelf_life_days': None, 'batch_id': None}]]
_ TestPOSIntegrationCanonicalService.test_reserve_inventory_calls_canonical_service _

self = <tests.test_pos_integration_canonicalization.TestPOSIntegrationCanonicalService object at 0x7fac398cd150>
mock_user = <MagicMock name='current_user' id='140377616086736'>
mock_reservation = <MagicMock name='Reservation' id='140377615386192'>
mock_item = <MagicMock name='InventoryItem' id='140377615398672'>
mock_process = <MagicMock name='process_inventory_adjustment' id='140377631948624'>

    @patch('app.services.pos_integration.process_inventory_adjustment')
    @patch('app.services.pos_integration.InventoryItem')
    @patch('app.services.pos_integration.Reservation')
    @patch('app.services.pos_integration.current_user')
    def test_reserve_inventory_calls_canonical_service(self, mock_user, mock_reservation, mock_item, mock_process):
        """Test that inventory reservation calls process_inventory_adjustment"""
        # Mock the original inventory item
        mock_original_item = MagicMock()
        mock_original_item.id = 1
        mock_original_item.name = "Test Product"
        mock_original_item.type = 'product'
        mock_original_item.unit = 'piece'
        mock_original_item.cost_per_unit = 10.0
        mock_original_item.available_quantity = 50.0
        mock_original_item.organization_id = 1
    
        # Mock reserved item
        mock_reserved_item = MagicMock()
        mock_reserved_item.id = 2
        mock_reserved_item.quantity = 0.0
    
        mock_item.query.get.return_value = mock_original_item
        mock_item.query.filter_by.return_value.first.return_value = mock_reserved_item
    
        mock_user.id = 1
        mock_user.is_authenticated = True
        mock_user.organization_id = 1
    
        # Mock process_inventory_adjustment to succeed
        mock_process.return_value = True
    
        # Call the service
        success, message = POSIntegrationService.reserve_inventory(
            item_id=1,
            quantity=5.0,
            order_id="ORD-123",
            source="shopify",
            notes="Test reservation"
        )
    
        # Verify canonical service was called for deduction
        expected_calls = [
            # First call for deduction from original item
            ((), {
                'item_id': 1,
                'quantity': 5.0,
                'change_type': 'reserved',
                'notes': 'Reserved for order ORD-123 (shopify). Test reservation',
                'order_id': 'ORD-123',
                'created_by': 1
            }),
            # Second call for allocation to reserved item
            ((), {
                'item_id': 2,
                'quantity': 5.0,
                'change_type': 'reserved_allocation',
                'unit': 'piece',
                'notes': 'Reserved for order ORD-123. Test reservation',
                'created_by': 1,
                'cost_override': 10.0
            })
        ]
    
>       assert mock_process.call_count == 2
E       AssertionError: assert 0 == 2
E        +  where 0 = <MagicMock name='process_inventory_adjustment' id='140377631948624'>.call_count

tests/test_pos_integration_canonicalization.py:114: AssertionError
=================== warnings summary ===================
tests/test_audit_canonicalization.py: 2 warnings
tests/test_auth_permissions.py: 8 warnings
tests/test_billing_and_tier_enforcement.py: 7 warnings
tests/test_expiration_canonicalization.py: 3 warnings
tests/test_google_oauth.py: 7 warnings
tests/test_inventory_fifo.py: 3 warnings
tests/test_inventory_routes_canonicalization.py: 2 warnings
tests/test_pos_integration_canonicalization.py: 1 warning
tests/test_product_sku.py: 4 warnings
tests/test_reservation_canonicalization.py: 2 warnings
tests/test_signup_tiers.py: 5 warnings
tests/test_stripe_webhooks.py: 4 warnings
  /home/runner/workspace/.pythonlibs/lib/python3.11/site-packages/flask_limiter/extension.py:333: UserWarning: Using the in-memory storage for tracking rate limits as no storage was explicitly specified. This is not recommended for production use. See: https://flask-limiter.readthedocs.io#configuring-a-storage-backend for documentation about configuring the storage backend.
    warnings.warn(

tests/test_audit_canonicalization.py: 2 warnings
tests/test_auth_permissions.py: 8 warnings
tests/test_billing_and_tier_enforcement.py: 7 warnings
tests/test_expiration_canonicalization.py: 1 warning
tests/test_google_oauth.py: 7 warnings
tests/test_inventory_fifo.py: 3 warnings
tests/test_inventory_routes_canonicalization.py: 1 warning
tests/test_pos_integration_canonicalization.py: 1 warning
tests/test_product_sku.py: 4 warnings
tests/test_reservation_canonicalization.py: 2 warnings
tests/test_signup_tiers.py: 5 warnings
tests/test_stripe_webhooks.py: 4 warnings
  /home/runner/workspace/.pythonlibs/lib/python3.11/site-packages/flask_sqlalchemy/extension.py:881: SAWarning: Can't sort tables for DROP; an unresolvable foreign key dependency exists between tables: batch, product_sku; and backend does not support ALTER.  To restore at least a partial sort, apply use_alter=True to ForeignKey and ForeignKeyConstraint objects involved in the cycle to mark these as known cycles that will be ignored.
    getattr(metadata, op_name)(bind=engine)

tests/test_billing_and_tier_enforcement.py::TestBillingAndTierEnforcement::test_tier_permission_is_the_hard_ceiling
tests/test_billing_and_tier_enforcement.py::TestBillingAndTierEnforcement::test_tier_permission_is_the_hard_ceiling
  /home/runner/workspace/app/models/models.py:323: LegacyAPIWarning: The Query.get() method is considered legacy as of the 1.x series of SQLAlchemy and becomes a legacy construct in 2.0. The method is now available as Session.get() (deprecated since: 2.0) (Background on SQLAlchemy 2.0 at: https://sqlalche.me/e/b8d9)
    role = Role.query.get(assignment.role_id)

tests/test_expiration_canonicalization.py::test_expiration_service_uses_canonical_adjustment
  /home/runner/workspace/app/blueprints/expiration/services.py:545: LegacyAPIWarning: The Query.get() method is considered legacy as of the 1.x series of SQLAlchemy and becomes a legacy construct in 2.0. The method is now available as Session.get() (deprecated since: 2.0) (Background on SQLAlchemy 2.0 at: https://sqlalche.me/e/b8d9)
    entry = InventoryHistory.query.get(entry_id)

tests/test_inventory_fifo.py::TestInventoryFIFOCharacterization::test_fifo_deduction_order
tests/test_inventory_fifo.py::TestInventoryFIFOCharacterization::test_fifo_deduction_order
tests/test_inventory_fifo.py::TestInventoryFIFOCharacterization::test_fifo_deduction_order
tests/test_inventory_fifo.py::TestInventoryFIFOCharacterization::test_inventory_adjustment_delegates_properly
  /home/runner/workspace/app/services/inventory_adjustment/_audit.py:77: LegacyAPIWarning: The Query.get() method is considered legacy as of the 1.x series of SQLAlchemy and becomes a legacy construct in 2.0. The method is now available as Session.get() (deprecated since: 2.0) (Background on SQLAlchemy 2.0 at: https://sqlalche.me/e/b8d9)
    item = InventoryItem.query.get(item_id)

-- Docs: https://docs.pytest.org/en/stable/how-to/capture-warnings.html
=============== short test summary info ================
FAILED tests/test_inventory_fifo.py::TestInventoryFIFOCharacterization::test_fifo_deduction_order - ImportError: cannot import name 'check_stock_availa...
FAILED tests/test_pos_integration_canonicalization.py::TestPOSIntegrationCanonicalService::test_reserve_inventory_calls_canonical_service - AssertionError: assert 0 == 2
= 2 failed, 47 passed, 100 warnings in 67.97s (0:01:07) =
