
ðŸŽ‰ All blueprints registered successfully!
[2025-09-01 23:08:13,832] INFO in unit_utils: BatchTrack startup
INFO  [alembic.env] Imported model module: app.models.batch
INFO  [alembic.env] Imported model module: app.models.billing_snapshot
INFO  [alembic.env] Imported model module: app.models.category
INFO  [alembic.env] Imported model module: app.models.developer_permission
INFO  [alembic.env] Imported model module: app.models.developer_role
INFO  [alembic.env] Imported model module: app.models.inventory
INFO  [alembic.env] Imported model module: app.models.inventory_lot
INFO  [alembic.env] Imported model module: app.models.mixins
INFO  [alembic.env] Imported model module: app.models.models
INFO  [alembic.env] Imported model module: app.models.permission
INFO  [alembic.env] Imported model module: app.models.pricing_snapshot
INFO  [alembic.env] Imported model module: app.models.product
INFO  [alembic.env] Imported model module: app.models.recipe
INFO  [alembic.env] Imported model module: app.models.reservation
INFO  [alembic.env] Imported model module: app.models.role
INFO  [alembic.env] Imported model module: app.models.statistics
INFO  [alembic.env] Imported model module: app.models.stripe_event
INFO  [alembic.env] Imported model module: app.models.subscription_tier
INFO  [alembic.env] Imported model module: app.models.unified_inventory_history
INFO  [alembic.env] Imported model module: app.models.unit
INFO  [alembic.env] Imported model module: app.models.user_preferences
INFO  [alembic.env] Imported model module: app.models.user_role_assignment
INFO  [alembic.runtime.migration] Context impl PostgresqlImpl.
INFO  [alembic.runtime.migration] Will assume transactional DDL.
INFO  [alembic.runtime.migration] Running upgrade add_comprehensive_stats -> add_capacity_fields, Add capacity fields to inventory items and migrate container data
Traceback (most recent call last):
  File "/home/runner/workspace/.pythonlibs/lib/python3.11/site-packages/sqlalchemy/engine/base.py", line 1412, in execute
    meth = statement._execute_on_connection
           ^^^^^^^^^^^^^^^^^^^^^^^^^^^^^^^^
AttributeError: 'str' object has no attribute '_execute_on_connection'

The above exception was the direct cause of the following exception:

Traceback (most recent call last):
  File "/home/runner/workspace/.pythonlibs/bin/flask", line 8, in <module>
    sys.exit(main())
             ^^^^^^
  File "/home/runner/workspace/.pythonlibs/lib/python3.11/site-packages/flask/cli.py", line 1131, in main
    cli.main()
  File "/home/runner/workspace/.pythonlibs/lib/python3.11/site-packages/click/core.py", line 1363, in main
    rv = self.invoke(ctx)
         ^^^^^^^^^^^^^^^^
  File "/home/runner/workspace/.pythonlibs/lib/python3.11/site-packages/click/core.py", line 1830, in invoke
    return _process_result(sub_ctx.command.invoke(sub_ctx))
                           ^^^^^^^^^^^^^^^^^^^^^^^^^^^^^^^
  File "/home/runner/workspace/.pythonlibs/lib/python3.11/site-packages/click/core.py", line 1830, in invoke
    return _process_result(sub_ctx.command.invoke(sub_ctx))
                           ^^^^^^^^^^^^^^^^^^^^^^^^^^^^^^^
  File "/home/runner/workspace/.pythonlibs/lib/python3.11/site-packages/click/core.py", line 1226, in invoke
    return ctx.invoke(self.callback, **ctx.params)
           ^^^^^^^^^^^^^^^^^^^^^^^^^^^^^^^^^^^^^^^
  File "/home/runner/workspace/.pythonlibs/lib/python3.11/site-packages/click/core.py", line 794, in invoke
    return callback(*args, **kwargs)
           ^^^^^^^^^^^^^^^^^^^^^^^^^
  File "/home/runner/workspace/.pythonlibs/lib/python3.11/site-packages/click/decorators.py", line 34, in new_func
    return f(get_current_context(), *args, **kwargs)
           ^^^^^^^^^^^^^^^^^^^^^^^^^^^^^^^^^^^^^^^^^
  File "/home/runner/workspace/.pythonlibs/lib/python3.11/site-packages/flask/cli.py", line 400, in decorator
    return ctx.invoke(f, *args, **kwargs)
           ^^^^^^^^^^^^^^^^^^^^^^^^^^^^^^
  File "/home/runner/workspace/.pythonlibs/lib/python3.11/site-packages/click/core.py", line 794, in invoke
    return callback(*args, **kwargs)
           ^^^^^^^^^^^^^^^^^^^^^^^^^
  File "/home/runner/workspace/.pythonlibs/lib/python3.11/site-packages/flask_migrate/cli.py", line 150, in upgrade
    _upgrade(directory, revision, sql, tag, x_arg)
  File "/home/runner/workspace/.pythonlibs/lib/python3.11/site-packages/flask_migrate/__init__.py", line 111, in wrapped
    f(*args, **kwargs)
  File "/home/runner/workspace/.pythonlibs/lib/python3.11/site-packages/flask_migrate/__init__.py", line 200, in upgrade
    command.upgrade(config, revision, sql=sql, tag=tag)
  File "/home/runner/workspace/.pythonlibs/lib/python3.11/site-packages/alembic/command.py", line 408, in upgrade
    script.run_env()
  File "/home/runner/workspace/.pythonlibs/lib/python3.11/site-packages/alembic/script/base.py", line 586, in run_env
    util.load_python_file(self.dir, "env.py")
  File "/home/runner/workspace/.pythonlibs/lib/python3.11/site-packages/alembic/util/pyfiles.py", line 95, in load_python_file
    module = load_module_py(module_id, path)
             ^^^^^^^^^^^^^^^^^^^^^^^^^^^^^^^
  File "/home/runner/workspace/.pythonlibs/lib/python3.11/site-packages/alembic/util/pyfiles.py", line 113, in load_module_py
    spec.loader.exec_module(module)  # type: ignore
    ^^^^^^^^^^^^^^^^^^^^^^^^^^^^^^^
  File "<frozen importlib._bootstrap_external>", line 940, in exec_module
  File "<frozen importlib._bootstrap>", line 241, in _call_with_frames_removed
  File "/home/runner/workspace/migrations/env.py", line 145, in <module>
    run_migrations_online()
  File "/home/runner/workspace/migrations/env.py", line 139, in run_migrations_online
    context.run_migrations()
  File "<string>", line 8, in run_migrations
  File "/home/runner/workspace/.pythonlibs/lib/python3.11/site-packages/alembic/runtime/environment.py", line 946, in run_migrations
    self.get_context().run_migrations(**kw)
  File "/home/runner/workspace/.pythonlibs/lib/python3.11/site-packages/alembic/runtime/migration.py", line 623, in run_migrations
    step.migration_fn(**kw)
  File "/home/runner/workspace/migrations/versions/add_capacity_fields_to_inventory.py", line 27, in upgrade
    connection.execute("""
  File "/home/runner/workspace/.pythonlibs/lib/python3.11/site-packages/sqlalchemy/engine/base.py", line 1414, in execute
    raise exc.ObjectNotExecutableError(statement) from err
sqlalchemy.exc.ObjectNotExecutableError: Not an executable object: "\n        UPDATE inventory_item \n        SET capacity = storage_amount, \n            capacity_unit = storage_unit \n        WHERE type = 'container' \n        AND storage_amount IS NOT NULL\n    "
~/workspace$ 