, line 149, in run self.on_start() File "/home/runner/workspace/loadtests/locustfile.py", line 110, in on_start raise RescheduleTask(str(exc)) from exc locust.exception.RescheduleTask: No available load-test users

[2025-12-01 22:00:20,765] 4405ef259ab4/ERROR/locust.user.users: No available load-test users Traceback (most recent call last): File "/home/runner/workspace/loadtests/locustfile.py", line 56, in acquire return self._pool.get(timeout=5) ^^^^^^^^^^^^^^^^^^^^^^^^^ File "/nix/store/7d088dip86hlzri9sk0h78b63yfmx0a0-python3-3.11.13/lib/python3.11/queue.py", line 179, in get raise Empty _queue.Empty The above exception was the direct cause of the following exception: Traceback (most recent call last): File "/home/runner/workspace/loadtests/locustfile.py", line 108, in on_start self.credential = CREDENTIAL_POOL.acquire() ^^^^^^^^^^^^^^^^^^^^^^^^^ File "/home/runner/workspace/loadtests/locustfile.py", line 58, in acquire raise RuntimeError("No available load-test users") from exc RuntimeError: No available load-test users The above exception was the direct cause of the following exception: Traceback (most recent call last): File "/home/runner/workspace/.pythonlibs/lib/python3.11/site-packages/locust/user/users.py", line 149, in run self.on_start() File "/home/runner/workspace/loadtests/locustfile.py", line 110, in on_start raise RescheduleTask(str(exc)) from exc locust.exception.RescheduleTask: No available load-test users

[2025-12-01 22:00:20,767] 4405ef259ab4/ERROR/locust.user.users: No available load-test users Traceback (most recent call last): File "/home/runner/workspace/loadtests/locustfile.py", line 56, in acquire return self._pool.get(timeout=5) ^^^^^^^^^^^^^^^^^^^^^^^^^ File "/nix/store/7d088dip86hlzri9sk0h78b63yfmx0a0-python3-3.11.13/lib/python3.11/queue.py", line 179, in get raise Empty _queue.Empty The above exception was the direct cause of the following exception: Traceback (most recent call last): File "/home/runner/workspace/loadtests/locustfile.py", line 108, in on_start self.credential = CREDENTIAL_POOL.acquire() ^^^^^^^^^^^^^^^^^^^^^^^^^ File "/home/runner/workspace/loadtests/locustfile.py", line 58, in acquire raise RuntimeError("No available load-test users") from exc RuntimeError: No available load-test users The above exception was the direct cause of the following exception: Traceback (most recent call last): File "/home/runner/workspace/.pythonlibs/lib/python3.11/site-packages/locust/user/users.py", line 149, in run self.on_start() File "/home/runner/workspace/loadtests/locustfile.py", line 110, in on_start raise RescheduleTask(str(exc)) from exc locust.exception.RescheduleTask: No available load-test users

[2025-12-01 22:00:20,770] 4405ef259ab4/ERROR/locust.user.users: No available load-test users Traceback (most recent call last): File "/home/runner/workspace/loadtests/locustfile.py", line 56, in acquire return self._pool.get(timeout=5) ^^^^^^^^^^^^^^^^^^^^^^^^^ File "/nix/store/7d088dip86hlzri9sk0h78b63yfmx0a0-python3-3.11.13/lib/python3.11/queue.py", line 179, in get raise Empty _queue.Empty The above exception was the direct cause of the following exception: Traceback (most recent call last): File "/home/runner/workspace/loadtests/locustfile.py", line 108, in on_start self.credential = CREDENTIAL_POOL.acquire() ^^^^^^^^^^^^^^^^^^^^^^^^^ File "/home/runner/workspace/loadtests/locustfile.py", line 58, in acquire raise RuntimeError("No available load-test users") from exc RuntimeError: No available load-test users The above exception was the direct cause of the following exception: Traceback (most recent call last): File "/home/runner/workspace/.pythonlibs/lib/python3.11/site-packages/locust/user/users.py", line 149, in run self.on_start() File "/home/runner/workspace/loadtests/locustfile.py", line 110, in on_start raise RescheduleTask(str(exc)) from exc locust.exception.RescheduleTask: No available load-test users

[2025-12-01 22:00:20,772] 4405ef259ab4/ERROR/locust.user.users: No available load-test users Traceback (most recent call last): File "/home/runner/workspace/loadtests/locustfile.py", line 56, in acquire return self._pool.get(timeout=5) ^^^^^^^^^^^^^^^^^^^^^^^^^ File "/nix/store/7d088dip86hlzri9sk0h78b63yfmx0a0-python3-3.11.13/lib/python3.11/queue.py", line 179, in get raise Empty _queue.Empty The above exception was the direct cause of the following exception: Traceback (most recent call last): File "/home/runner/workspace/loadtests/locustfile.py", line 108, in on_start self.credential = CREDENTIAL_POOL.acquire() ^^^^^^^^^^^^^^^^^^^^^^^^^ File "/home/runner/workspace/loadtests/locustfile.py", line 58, in acquire raise RuntimeError("No available load-test users") from exc RuntimeError: No available load-test users The above exception was the direct cause of the following exception: Traceback (most recent call last): File "/home/runner/workspace/.pythonlibs/lib/python3.11/site-packages/locust/user/users.py", line 149, in run self.on_start() File "/home/runner/workspace/loadtests/locustfile.py", line 110, in on_start raise RescheduleTask(str(exc)) from exc locust.exception.RescheduleTask: No available load-test users