============================= test session starts ==============================
platform linux -- Python 3.11.13, pytest-8.3.5, pluggy-1.5.0 -- /home/runner/workspace/.pythonlibs/bin/python
cachedir: .pytest_cache
rootdir: /home/runner/workspace
collected 8 items                                                              

tests/test_auth_permissions.py::TestAuthPermissions::test_permission_required_decorator_allows_with_permission PASSED [ 12%]
tests/test_auth_permissions.py::TestAuthPermissions::test_permission_required_returns_json_for_api PASSED [ 25%]
tests/test_auth_permissions.py::TestAuthPermissions::test_any_permission_required_decorator PASSED [ 37%]
tests/test_auth_permissions.py::TestAuthPermissions::test_tier_required_decorator PASSED [ 50%]
tests/test_auth_permissions.py::TestAuthPermissions::test_user_has_any_permission_method PASSED [ 62%]
tests/test_auth_permissions.py::TestAuthPermissions::test_api_unauth_returns_json_401 PASSED [ 75%]
tests/test_auth_permissions.py::TestAuthPermissions::test_web_unauth_redirects_to_login PASSED [ 87%]
tests/test_auth_permissions.py::TestAuthPermissions::test_csrf_token_available_in_templates FAILED [100%]

=================================== FAILURES ===================================
__________ TestAuthPermissions.test_csrf_token_available_in_templates __________

self = <tests.test_auth_permissions.TestAuthPermissions object at 0x7ff7bb8ac310>
app = <Flask 'app'>, client = <FlaskClient <Flask 'app'>>
test_user = <User test@example.com>

    def test_csrf_token_available_in_templates(self, app, client, test_user):
        """Test that csrf_token is available in templates for an authenticated user"""
        with app.app_context():
            from flask import render_template_string
            from flask_login import login_user
    
            @app.route("/_csrf_check")
            def _csrf_check():
                # This route now requires login because of our middleware
                return render_template_string('<meta name="csrf-token" content="{{ csrf_token() }}">')
    
            # Properly log in the user using Flask-Login
            with client:
                with client.session_transaction() as sess:
                    sess['_user_id'] = str(test_user.id)
                    sess['_fresh'] = True
    
                # Make a request within the client context so Flask-Login loads the user
                resp = client.get("/_csrf_check")
>               assert resp.status_code == 200
E               assert 302 == 200
E                +  where 302 = <WrapperTestResponse streamed [302 FOUND]>.status_code

tests/test_auth_permissions.py:116: AssertionError
------------------------------ Captured log setup ------------------------------
INFO     app:unit_utils.py:28 BatchTrack startup
=============================== warnings summary ===============================
tests/test_auth_permissions.py::TestAuthPermissions::test_permission_required_decorator_allows_with_permission
tests/test_auth_permissions.py::TestAuthPermissions::test_permission_required_returns_json_for_api
tests/test_auth_permissions.py::TestAuthPermissions::test_any_permission_required_decorator
tests/test_auth_permissions.py::TestAuthPermissions::test_tier_required_decorator
tests/test_auth_permissions.py::TestAuthPermissions::test_user_has_any_permission_method
tests/test_auth_permissions.py::TestAuthPermissions::test_api_unauth_returns_json_401
tests/test_auth_permissions.py::TestAuthPermissions::test_web_unauth_redirects_to_login
tests/test_auth_permissions.py::TestAuthPermissions::test_csrf_token_available_in_templates
  /home/runner/workspace/.pythonlibs/lib/python3.11/site-packages/flask_limiter/extension.py:333: UserWarning: Using the in-memory storage for tracking rate limits as no storage was explicitly specified. This is not recommended for production use. See: https://flask-limiter.readthedocs.io#configuring-a-storage-backend for documentation about configuring the storage backend.
    warnings.warn(

-- Docs: https://docs.pytest.org/en/stable/how-to/capture-warnings.html
=========================== short test summary info ============================
FAILED tests/test_auth_permissions.py::TestAuthPermissions::test_csrf_token_available_in_templates - assert 302 == 200
=================== 1 failed, 7 passed, 8 warnings in 14.42s ===================
