g PostgreSQL database: postgresql://postgres:password@helium/heliumdb?ssl...
/home/runner/workspace/.pythonlibs/lib/python3.11/site-packages/flask_limiter/extension.py:333: UserWarning: Using the in-memory storage for tracking rate limits as no storage was explicitly specified. This is not recommended for production use. See: https://flask-limiter.readthedocs.io#configuring-a-storage-backend for documentation about configuring the storage backend.
  warnings.warn(

=== Blueprint Registration Summary ===
‚úÖ Successful: 29
   - Authentication
   - Admin
   - Developer
   - Inventory
   - Recipes
   - Batches
   - Organization
   - Billing
   - Settings
   - Timers
   - Expiration
   - Conversion
   - Products Main
   - Public API
   - Main API
   - Drawer Actions
   - Density Reference
   - Retention Drawer API
   - Global Link Drawer API
   - App Routes
   - Legal Routes
   - Bulk Stock
   - Fault Log
   - Tag Manager
   - Global Library Public
   - Waitlist
   - Public Tools
   - Production Planning
   - Exports

üéâ All blueprints registered successfully!
INFO  [alembic.env] Imported model module: app.models.addon
INFO  [alembic.env] Imported model module: app.models.batch
INFO  [alembic.env] Imported model module: app.models.billing_snapshot
INFO  [alembic.env] Imported model module: app.models.category
INFO  [alembic.env] Imported model module: app.models.developer_permission
INFO  [alembic.env] Imported model module: app.models.developer_role
INFO  [alembic.env] Imported model module: app.models.domain_event
INFO  [alembic.env] Imported model module: app.models.feature_flag
INFO  [alembic.env] Imported model module: app.models.freshness_snapshot
INFO  [alembic.env] Imported model module: app.models.global_item
INFO  [alembic.env] Imported model module: app.models.global_item_alias
INFO  [alembic.env] Imported model module: app.models.inventory
INFO  [alembic.env] Imported model module: app.models.inventory_lot
INFO  [alembic.env] Imported model module: app.models.mixins
INFO  [alembic.env] Imported model module: app.models.models
INFO  [alembic.env] Imported model module: app.models.permission
INFO  [alembic.env] Imported model module: app.models.pricing_snapshot
INFO  [alembic.env] Imported model module: app.models.product
INFO  [alembic.env] Imported model module: app.models.product_category
INFO  [alembic.env] Imported model module: app.models.recipe
INFO  [alembic.env] Imported model module: app.models.reservation
INFO  [alembic.env] Imported model module: app.models.retention
INFO  [alembic.env] Imported model module: app.models.role
INFO  [alembic.env] Imported model module: app.models.statistics
INFO  [alembic.env] Imported model module: app.models.stripe_event
INFO  [alembic.env] Imported model module: app.models.subscription_tier
INFO  [alembic.env] Imported model module: app.models.unified_inventory_history
INFO  [alembic.env] Imported model module: app.models.unit
INFO  [alembic.env] Imported model module: app.models.user_preferences
INFO  [alembic.env] Imported model module: app.models.user_role_assignment
INFO  [alembic.runtime.migration] Context impl PostgresqlImpl.
INFO  [alembic.runtime.migration] Will assume transactional DDL.
INFO  [alembic.runtime.migration] Running downgrade 0006_schema_alignment -> 0005_cleanup_guardrails, 0006 align schema with models
INFO  [alembic.runtime.migration] Running downgrade 0005_cleanup_guardrails -> 0004_seed_presets, 0005 cleanup guardrails
INFO  [alembic.runtime.migration] Running downgrade 0004_seed_presets -> 0003_postgres_specific, 0004 seed presets (guarded)
INFO  [alembic.runtime.migration] Running downgrade 0003_postgres_specific -> 0002_constraints_indexes_fks, 0003 postgres-specific extensions/enums/indexes
INFO  [alembic.runtime.migration] Running downgrade 0002_constraints_indexes_fks -> 0001_base_schema, 0002 add constraints/indexes/fks
INFO  [alembic.runtime.migration] Running downgrade 0001_base_schema -> , 0001 base schema (tables only)
   ‚ö†Ô∏è  Error during CASCADE drop: (psycopg2.errors.SyntaxError) syntax error at or near "user"
LINE 44:                 DROP TABLE IF EXISTS user CASCADE;
                                              ^

[SQL: 
                DROP TABLE IF EXISTS unified_inventory_history CASCADE;
                DROP TABLE IF EXISTS recipe_stats CASCADE;
                DROP TABLE IF EXISTS recipe_ingredient CASCADE;
                DROP TABLE IF EXISTS recipe_consumable CASCADE;
                DROP TABLE IF EXISTS organization_leaderboard_stats CASCADE;
                DROP TABLE IF EXISTS inventory_change_log CASCADE;
                DROP TABLE IF EXISTS inventory_lot CASCADE;
                DROP TABLE IF EXISTS inventory_efficiency_stats CASCADE;
                DROP TABLE IF EXISTS freshness_snapshot CASCADE;
                DROP TABLE IF EXISTS extra_batch_ingredient CASCADE;
                DROP TABLE IF EXISTS extra_batch_container CASCADE;
                DROP TABLE IF EXISTS extra_batch_consumable CASCADE;
                DROP TABLE IF EXISTS batch_inventory_log CASCADE;
                DROP TABLE IF EXISTS batch_ingredient CASCADE;
                DROP TABLE IF EXISTS batch_container CASCADE;
                DROP TABLE IF EXISTS batch_consumable CASCADE;
                DROP TABLE IF EXISTS retention_deletion_queue CASCADE;
                DROP TABLE IF EXISTS product_sku_history CASCADE;
                DROP TABLE IF EXISTS reservation CASCADE;
                DROP TABLE IF EXISTS product_sku CASCADE;
                DROP TABLE IF EXISTS inventory_history CASCADE;
                DROP TABLE IF EXISTS batch_stats CASCADE;
                DROP TABLE IF EXISTS user_role_assignment CASCADE;
                DROP TABLE IF EXISTS role_permission CASCADE;
                DROP TABLE IF EXISTS batch_timer CASCADE;
                DROP TABLE IF EXISTS batch CASCADE;
                DROP TABLE IF EXISTS recipe CASCADE;
                DROP TABLE IF EXISTS product_variant CASCADE;
                DROP TABLE IF EXISTS global_item_alias CASCADE;
                DROP TABLE IF EXISTS inventory_item CASCADE;
                DROP TABLE IF EXISTS global_item CASCADE;
                DROP TABLE IF EXISTS user_stats CASCADE;
                DROP TABLE IF EXISTS user_preferences CASCADE;
                DROP TABLE IF EXISTS unit CASCADE;
                DROP TABLE IF EXISTS tag CASCADE;
                DROP TABLE IF EXISTS role CASCADE;
                DROP TABLE IF EXISTS product CASCADE;
                DROP TABLE IF EXISTS inventory_category CASCADE;
                DROP TABLE IF EXISTS ingredient_category CASCADE;
                DROP TABLE IF EXISTS domain_event CASCADE;
                DROP TABLE IF EXISTS custom_unit_mapping CASCADE;
                DROP TABLE IF EXISTS conversion_log CASCADE;
                DROP TABLE IF EXISTS user CASCADE;
                DROP TABLE IF EXISTS storage_addon_subscription CASCADE;
                DROP TABLE IF EXISTS storage_addon_purchase CASCADE;
                DROP TABLE IF EXISTS organization_stats CASCADE;
                DROP TABLE IF EXISTS organization_addon CASCADE;
                DROP TABLE IF EXISTS billing_snapshots CASCADE;
                DROP TABLE IF EXISTS developer_role_permission CASCADE;
                DROP TABLE IF EXISTS product_category CASCADE;
                DROP TABLE IF EXISTS pricing_snapshots CASCADE;
                DROP TABLE IF EXISTS stripe_event CASCADE;
                DROP TABLE IF EXISTS feature_flag CASCADE;
                DROP TABLE IF EXISTS permission CASCADE;
                DROP TABLE IF EXISTS developer_role CASCADE;
                DROP TABLE IF EXISTS developer_permission CASCADE;
                DROP TABLE IF EXISTS addon CASCADE;
            ]
(Background on this error at: https://sqlalche.me/e/20/f405)
Traceback (most recent call last):
  File "/home/runner/workspace/.pythonlibs/lib/python3.11/site-packages/sqlalchemy/engine/base.py", line 1964, in _exec_single_context
    self.dialect.do_execute(
  File "/home/runner/workspace/.pythonlibs/lib/python3.11/site-packages/sqlalchemy/engine/default.py", line 945, in do_execute
    cursor.execute(statement, parameters)
psycopg2.errors.SyntaxError: syntax error at or near "user"
LINE 44:                 DROP TABLE IF EXISTS user CASCADE;
                                              ^


The above exception was the direct cause of the following exception:

Traceback (most recent call last):
  File "/home/runner/workspace/migrations/versions/0001_base_schema_0001_base_schema_tables_only.py", line 1486, in downgrade
    bind.execute(text("""
  File "/home/runner/workspace/.pythonlibs/lib/python3.11/site-packages/sqlalchemy/engine/base.py", line 1416, in execute
    return meth(
           ^^^^^
  File "/home/runner/workspace/.pythonlibs/lib/python3.11/site-packages/sqlalchemy/sql/elements.py", line 523, in _execute_on_connection
    return connection._execute_clauseelement(
           ^^^^^^^^^^^^^^^^^^^^^^^^^^^^^^^^^^
  File "/home/runner/workspace/.pythonlibs/lib/python3.11/site-packages/sqlalchemy/engine/base.py", line 1638, in _execute_clauseelement
    ret = self._execute_context(
          ^^^^^^^^^^^^^^^^^^^^^^
  File "/home/runner/workspace/.pythonlibs/lib/python3.11/site-packages/sqlalchemy/engine/base.py", line 1843, in _execute_context
    return self._exec_single_context(
           ^^^^^^^^^^^^^^^^^^^^^^^^^^
  File "/home/runner/workspace/.pythonlibs/lib/python3.11/site-packages/sqlalchemy/engine/base.py", line 1983, in _exec_single_context
    self._handle_dbapi_exception(
  File "/home/runner/workspace/.pythonlibs/lib/python3.11/site-packages/sqlalchemy/engine/base.py", line 2352, in _handle_dbapi_exception
    raise sqlalchemy_exception.with_traceback(exc_info[2]) from e
  File "/home/runner/workspace/.pythonlibs/lib/python3.11/site-packages/sqlalchemy/engine/base.py", line 1964, in _exec_single_context
    self.dialect.do_execute(
  File "/home/runner/workspace/.pythonlibs/lib/python3.11/site-packages/sqlalchemy/engine/default.py", line 945, in do_execute
    cursor.execute(statement, parameters)
sqlalchemy.exc.ProgrammingError: (psycopg2.errors.SyntaxError) syntax error at or near "user"
LINE 44:                 DROP TABLE IF EXISTS user CASCADE;
                                              ^

[SQL: 
                DROP TABLE IF EXISTS unified_inventory_history CASCADE;
                DROP TABLE IF EXISTS recipe_stats CASCADE;
                DROP TABLE IF EXISTS recipe_ingredient CASCADE;
                DROP TABLE IF EXISTS recipe_consumable CASCADE;
                DROP TABLE IF EXISTS organization_leaderboard_stats CASCADE;
                DROP TABLE IF EXISTS inventory_change_log CASCADE;
                DROP TABLE IF EXISTS inventory_lot CASCADE;
                DROP TABLE IF EXISTS inventory_efficiency_stats CASCADE;
                DROP TABLE IF EXISTS freshness_snapshot CASCADE;
                DROP TABLE IF EXISTS extra_batch_ingredient CASCADE;
                DROP TABLE IF EXISTS extra_batch_container CASCADE;
                DROP TABLE IF EXISTS extra_batch_consumable CASCADE;
                DROP TABLE IF EXISTS batch_inventory_log CASCADE;
                DROP TABLE IF EXISTS batch_ingredient CASCADE;
                DROP TABLE IF EXISTS batch_container CASCADE;
                DROP TABLE IF EXISTS batch_consumable CASCADE;
                DROP TABLE IF EXISTS retention_deletion_queue CASCADE;
                DROP TABLE IF EXISTS product_sku_history CASCADE;
                DROP TABLE IF EXISTS reservation CASCADE;
                DROP TABLE IF EXISTS product_sku CASCADE;
                DROP TABLE IF EXISTS inventory_history CASCADE;
                DROP TABLE IF EXISTS batch_stats CASCADE;
                DROP TABLE IF EXISTS user_role_assignment CASCADE;
                DROP TABLE IF EXISTS role_permission CASCADE;
                DROP TABLE IF EXISTS batch_timer CASCADE;
                DROP TABLE IF EXISTS batch CASCADE;
                DROP TABLE IF EXISTS recipe CASCADE;
                DROP TABLE IF EXISTS product_variant CASCADE;
                DROP TABLE IF EXISTS global_item_alias CASCADE;
                DROP TABLE IF EXISTS inventory_item CASCADE;
                DROP TABLE IF EXISTS global_item CASCADE;
                DROP TABLE IF EXISTS user_stats CASCADE;
                DROP TABLE IF EXISTS user_preferences CASCADE;
                DROP TABLE IF EXISTS unit CASCADE;
                DROP TABLE IF EXISTS tag CASCADE;
                DROP TABLE IF EXISTS role CASCADE;
                DROP TABLE IF EXISTS product CASCADE;
                DROP TABLE IF EXISTS inventory_category CASCADE;
                DROP TABLE IF EXISTS ingredient_category CASCADE;
                DROP TABLE IF EXISTS domain_event CASCADE;
                DROP TABLE IF EXISTS custom_unit_mapping CASCADE;
                DROP TABLE IF EXISTS conversion_log CASCADE;
                DROP TABLE IF EXISTS user CASCADE;
                DROP TABLE IF EXISTS storage_addon_subscription CASCADE;
                DROP TABLE IF EXISTS storage_addon_purchase CASCADE;
                DROP TABLE IF EXISTS organization_stats CASCADE;
                DROP TABLE IF EXISTS organization_addon CASCADE;
                DROP TABLE IF EXISTS billing_snapshots CASCADE;
                DROP TABLE IF EXISTS developer_role_permission CASCADE;
                DROP TABLE IF EXISTS product_category CASCADE;
                DROP TABLE IF EXISTS pricing_snapshots CASCADE;
                DROP TABLE IF EXISTS stripe_event CASCADE;
                DROP TABLE IF EXISTS feature_flag CASCADE;
                DROP TABLE IF EXISTS permission CASCADE;
                DROP TABLE IF EXISTS developer_role CASCADE;
                DROP TABLE IF EXISTS developer_permission CASCADE;
                DROP TABLE IF EXISTS addon CASCADE;
            ]
(Background on this error at: https://sqlalche.me/e/20/f405)

During handling of the above exception, another exception occurred:

Traceback (most recent call last):
  File "/home/runner/workspace/.pythonlibs/lib/python3.11/site-packages/sqlalchemy/engine/base.py", line 1964, in _exec_single_context
    self.dialect.do_execute(
  File "/home/runner/workspace/.pythonlibs/lib/python3.11/site-packages/sqlalchemy/engine/default.py", line 945, in do_execute
    cursor.execute(statement, parameters)
psycopg2.errors.InFailedSqlTransaction: current transaction is aborted, commands ignored until end of transaction block


The above exception was the direct cause of the following exception:

Traceback (most recent call last):
  File "/home/runner/workspace/.pythonlibs/bin/flask", line 8, in <module>
    sys.exit(main())
             ^^^^^^
  File "/home/runner/workspace/.pythonlibs/lib/python3.11/site-packages/flask/cli.py", line 1131, in main
    cli.main()
  File "/home/runner/workspace/.pythonlibs/lib/python3.11/site-packages/click/core.py", line 1363, in main
    rv = self.invoke(ctx)
         ^^^^^^^^^^^^^^^^
  File "/home/runner/workspace/.pythonlibs/lib/python3.11/site-packages/click/core.py", line 1830, in invoke
    return _process_result(sub_ctx.command.invoke(sub_ctx))
                           ^^^^^^^^^^^^^^^^^^^^^^^^^^^^^^^
  File "/home/runner/workspace/.pythonlibs/lib/python3.11/site-packages/click/core.py", line 1830, in invoke
    return _process_result(sub_ctx.command.invoke(sub_ctx))
                           ^^^^^^^^^^^^^^^^^^^^^^^^^^^^^^^
  File "/home/runner/workspace/.pythonlibs/lib/python3.11/site-packages/click/core.py", line 1226, in invoke
    return ctx.invoke(self.callback, **ctx.params)
           ^^^^^^^^^^^^^^^^^^^^^^^^^^^^^^^^^^^^^^^
  File "/home/runner/workspace/.pythonlibs/lib/python3.11/site-packages/click/core.py", line 794, in invoke
    return callback(*args, **kwargs)
           ^^^^^^^^^^^^^^^^^^^^^^^^^
  File "/home/runner/workspace/.pythonlibs/lib/python3.11/site-packages/click/decorators.py", line 34, in new_func
    return f(get_current_context(), *args, **kwargs)
           ^^^^^^^^^^^^^^^^^^^^^^^^^^^^^^^^^^^^^^^^^
  File "/home/runner/workspace/.pythonlibs/lib/python3.11/site-packages/flask/cli.py", line 400, in decorator
    return ctx.invoke(f, *args, **kwargs)
           ^^^^^^^^^^^^^^^^^^^^^^^^^^^^^^
  File "/home/runner/workspace/.pythonlibs/lib/python3.11/site-packages/click/core.py", line 794, in invoke
    return callback(*args, **kwargs)
           ^^^^^^^^^^^^^^^^^^^^^^^^^
  File "/home/runner/workspace/.pythonlibs/lib/python3.11/site-packages/flask_migrate/cli.py", line 168, in downgrade
    _downgrade(directory, revision, sql, tag, x_arg)
  File "/home/runner/workspace/.pythonlibs/lib/python3.11/site-packages/flask_migrate/__init__.py", line 111, in wrapped
    f(*args, **kwargs)
  File "/home/runner/workspace/.pythonlibs/lib/python3.11/site-packages/flask_migrate/__init__.py", line 210, in downgrade
    command.downgrade(config, revision, sql=sql, tag=tag)
  File "/home/runner/workspace/.pythonlibs/lib/python3.11/site-packages/alembic/command.py", line 455, in downgrade
    script.run_env()
  File "/home/runner/workspace/.pythonlibs/lib/python3.11/site-packages/alembic/script/base.py", line 586, in run_env
    util.load_python_file(self.dir, "env.py")
  File "/home/runner/workspace/.pythonlibs/lib/python3.11/site-packages/alembic/util/pyfiles.py", line 95, in load_python_file
    module = load_module_py(module_id, path)
             ^^^^^^^^^^^^^^^^^^^^^^^^^^^^^^^
  File "/home/runner/workspace/.pythonlibs/lib/python3.11/site-packages/alembic/util/pyfiles.py", line 113, in load_module_py
    spec.loader.exec_module(module)  # type: ignore
    ^^^^^^^^^^^^^^^^^^^^^^^^^^^^^^^
  File "<frozen importlib._bootstrap_external>", line 940, in exec_module
  File "<frozen importlib._bootstrap>", line 241, in _call_with_frames_removed
  File "/home/runner/workspace/migrations/env.py", line 192, in <module>
    run_migrations_online()
  File "/home/runner/workspace/migrations/env.py", line 186, in run_migrations_online
    context.run_migrations()
  File "<string>", line 8, in run_migrations
  File "/home/runner/workspace/.pythonlibs/lib/python3.11/site-packages/alembic/runtime/environment.py", line 946, in run_migrations
    self.get_context().run_migrations(**kw)
  File "/home/runner/workspace/.pythonlibs/lib/python3.11/site-packages/alembic/runtime/migration.py", line 623, in run_migrations
    step.migration_fn(**kw)
  File "/home/runner/workspace/migrations/versions/0001_base_schema_0001_base_schema_tables_only.py", line 1551, in downgrade
    tables = inspector.get_table_names()
             ^^^^^^^^^^^^^^^^^^^^^^^^^^^
  File "/home/runner/workspace/.pythonlibs/lib/python3.11/site-packages/sqlalchemy/engine/reflection.py", line 406, in get_table_names
    return self.dialect.get_table_names(
           ^^^^^^^^^^^^^^^^^^^^^^^^^^^^^
  File "<string>", line 2, in get_table_names
  File "/home/runner/workspace/.pythonlibs/lib/python3.11/site-packages/sqlalchemy/engine/reflection.py", line 106, in cache
    ret = fn(self, con, *args, **kw)
          ^^^^^^^^^^^^^^^^^^^^^^^^^^
  File "/home/runner/workspace/.pythonlibs/lib/python3.11/site-packages/sqlalchemy/dialects/postgresql/base.py", line 3499, in get_table_names
    return self._get_relnames_for_relkinds(
           ^^^^^^^^^^^^^^^^^^^^^^^^^^^^^^^^
  File "/home/runner/workspace/.pythonlibs/lib/python3.11/site-packages/sqlalchemy/dialects/postgresql/base.py", line 3495, in _get_relnames_for_relkinds
    return connection.scalars(query).all()
           ^^^^^^^^^^^^^^^^^^^^^^^^^
  File "/home/runner/workspace/.pythonlibs/lib/python3.11/site-packages/sqlalchemy/engine/base.py", line 1350, in scalars
    return self.execute(
           ^^^^^^^^^^^^^
  File "/home/runner/workspace/.pythonlibs/lib/python3.11/site-packages/sqlalchemy/engine/base.py", line 1416, in execute
    return meth(
           ^^^^^
  File "/home/runner/workspace/.pythonlibs/lib/python3.11/site-packages/sqlalchemy/sql/elements.py", line 523, in _execute_on_connection
    return connection._execute_clauseelement(
           ^^^^^^^^^^^^^^^^^^^^^^^^^^^^^^^^^^
  File "/home/runner/workspace/.pythonlibs/lib/python3.11/site-packages/sqlalchemy/engine/base.py", line 1638, in _execute_clauseelement
    ret = self._execute_context(
          ^^^^^^^^^^^^^^^^^^^^^^
  File "/home/runner/workspace/.pythonlibs/lib/python3.11/site-packages/sqlalchemy/engine/base.py", line 1843, in _execute_context
    return self._exec_single_context(
           ^^^^^^^^^^^^^^^^^^^^^^^^^^
  File "/home/runner/workspace/.pythonlibs/lib/python3.11/site-packages/sqlalchemy/engine/base.py", line 1983, in _exec_single_context
    self._handle_dbapi_exception(
  File "/home/runner/workspace/.pythonlibs/lib/python3.11/site-packages/sqlalchemy/engine/base.py", line 2352, in _handle_dbapi_exception
    raise sqlalchemy_exception.with_traceback(exc_info[2]) from e
  File "/home/runner/workspace/.pythonlibs/lib/python3.11/site-packages/sqlalchemy/engine/base.py", line 1964, in _exec_single_context
    self.dialect.do_execute(
  File "/home/runner/workspace/.pythonlibs/lib/python3.11/site-packages/sqlalchemy/engine/default.py", line 945, in do_execute
    cursor.execute(statement, parameters)
sqlalchemy.exc.InternalError: (psycopg2.errors.InFailedSqlTransaction) current transaction is aborted, commands ignored until end of transaction block

[SQL: SELECT pg_catalog.pg_class.relname 
FROM pg_catalog.pg_class JOIN pg_catalog.pg_namespace ON pg_catalog.pg_namespace.oid = pg_catalog.pg_class.relnamespace 
WHERE pg_catalog.pg_class.relkind = ANY (ARRAY[%(param_1)s, %(param_2)s]) AND pg_catalog.pg_class.relpersistence != %(relpersistence_1)s AND pg_catalog.pg_table_is_visible(pg_catalog.pg_class.oid) AND pg_catalog.pg_namespace.nspname != %(nspname_1)s]
[parameters: {'param_1': 'r', 'param_2': 'p', 'relpersistence_1': 't', 'nspname_1': 'pg_catalog'}]
(Background on this error at: https://sqlalche.me/e/20/2j85)
~/workspace$ 