:36,600 INFO: 172.31.77.226 - - [15/Aug/2025 17:47:36] "GET /static/style.css HTTP/1.1" 304 -
2025-08-15 17:47:42,193 INFO: 172.31.77.226 - - [15/Aug/2025 17:47:42] "GET /developer/subscription-tiers/ HTTP/1.1" 403 -
2025-08-15 17:47:44,226 INFO: 172.31.77.226 - - [15/Aug/2025 17:47:44] "GET /developer/dashboard HTTP/1.1" 200 -
2025-08-15 17:47:44,307 INFO: 172.31.77.226 - - [15/Aug/2025 17:47:44] "GET /static/style.css HTTP/1.1" 304 -
2025-08-15 17:47:44,384 INFO: 172.31.77.226 - - [15/Aug/2025 17:47:44] "GET /static/js/utils/utils.js HTTP/1.1" 304 -
2025-08-15 17:47:44,385 INFO: 172.31.77.226 - - [15/Aug/2025 17:47:44] "GET /static/js/main.js HTTP/1.1" 304 -
2025-08-15 17:47:44,395 INFO: 172.31.77.226 - - [15/Aug/2025 17:47:44] "GET /static/js/inventory/inventory_adjust.js HTTP/1.1" 304 -
2025-08-15 17:47:44,396 INFO: 172.31.77.226 - - [15/Aug/2025 17:47:44] "GET /static/style.css HTTP/1.1" 304 -
2025-08-15 17:47:44,399 INFO: 172.31.77.226 - - [15/Aug/2025 17:47:44] "GET /static/js/conversion/unit_converter.js HTTP/1.1" 304 -
2025-08-15 17:47:44,456 INFO: 172.31.77.226 - - [15/Aug/2025 17:47:44] "GET /static/js/expiration_alerts.js HTTP/1.1" 304 -
2025-08-15 17:48:56,163 INFO: 172.31.77.226 - - [15/Aug/2025 17:48:56] "GET /developer/organizations HTTP/1.1" 200 -
2025-08-15 17:48:56,328 INFO: 172.31.77.226 - - [15/Aug/2025 17:48:56] "GET /static/style.css HTTP/1.1" 304 -
2025-08-15 17:48:56,512 INFO: 172.31.77.226 - - [15/Aug/2025 17:48:56] "GET /static/js/main.js HTTP/1.1" 304 -
2025-08-15 17:48:56,536 INFO: 172.31.77.226 - - [15/Aug/2025 17:48:56] "GET /static/js/utils/utils.js HTTP/1.1" 304 -
2025-08-15 17:48:56,545 INFO: 172.31.77.226 - - [15/Aug/2025 17:48:56] "GET /static/js/inventory/inventory_adjust.js HTTP/1.1" 304 -
2025-08-15 17:48:56,548 INFO: 172.31.77.226 - - [15/Aug/2025 17:48:56] "GET /static/js/conversion/unit_converter.js HTTP/1.1" 304 -
2025-08-15 17:48:56,563 INFO: 172.31.77.226 - - [15/Aug/2025 17:48:56] "GET /static/js/expiration_alerts.js HTTP/1.1" 304 -
2025-08-15 17:48:56,590 INFO: 172.31.77.226 - - [15/Aug/2025 17:48:56] "GET /static/style.css HTTP/1.1" 304 -
DEBUG: Organization BatchTrack Organization (ID: 1)
DEBUG: Has tier record: True
DEBUG: Tier key: exempt
DEBUG: Tier name: Exempt Plan
DEBUG: Effective tier: exempt
DEBUG: Available tiers: ['solo', 'team', 'enterprise', 'exempt']
2025-08-15 17:49:00,148 INFO: 172.31.77.226 - - [15/Aug/2025 17:49:00] "GET /developer/organizations/1 HTTP/1.1" 200 -
2025-08-15 17:49:00,370 INFO: 172.31.77.226 - - [15/Aug/2025 17:49:00] "GET /static/style.css HTTP/1.1" 304 -
2025-08-15 17:49:00,486 INFO: 172.31.77.226 - - [15/Aug/2025 17:49:00] "GET /static/js/main.js HTTP/1.1" 304 -
2025-08-15 17:49:00,488 INFO: 172.31.77.226 - - [15/Aug/2025 17:49:00] "GET /static/js/utils/utils.js HTTP/1.1" 304 -
2025-08-15 17:49:00,536 INFO: 172.31.77.226 - - [15/Aug/2025 17:49:00] "GET /static/js/inventory/inventory_adjust.js HTTP/1.1" 304 -
2025-08-15 17:49:00,579 INFO: 172.31.77.226 - - [15/Aug/2025 17:49:00] "GET /static/js/conversion/unit_converter.js HTTP/1.1" 304 -
2025-08-15 17:49:00,580 INFO: 172.31.77.226 - - [15/Aug/2025 17:49:00] "GET /static/js/expiration_alerts.js HTTP/1.1" 304 -
2025-08-15 17:49:00,582 INFO: 172.31.77.226 - - [15/Aug/2025 17:49:00] "GET /static/style.css HTTP/1.1" 304 -
2025-08-15 17:49:03,674 INFO: 172.31.77.226 - - [15/Aug/2025 17:49:03] "GET /developer/select-org/1 HTTP/1.1" 302 -
2025-08-15 17:49:03,800 INFO: 172.31.77.226 - - [15/Aug/2025 17:49:03] "GET /user_dashboard HTTP/1.1" 500 -
Traceback (most recent call last):
  File "/home/runner/workspace/.pythonlibs/lib/python3.11/site-packages/sqlalchemy/engine/base.py", line 1964, in _exec_single_context
    self.dialect.do_execute(
  File "/home/runner/workspace/.pythonlibs/lib/python3.11/site-packages/sqlalchemy/engine/default.py", line 945, in do_execute
    cursor.execute(statement, parameters)
sqlite3.IntegrityError: NOT NULL constraint failed: user_preferences.organization_id

The above exception was the direct cause of the following exception:

Traceback (most recent call last):
  File "/home/runner/workspace/.pythonlibs/lib/python3.11/site-packages/flask/app.py", line 1536, in __call__
    return self.wsgi_app(environ, start_response)
           ^^^^^^^^^^^^^^^^^^^^^^^^^^^^^^^^^^^^^^
  File "/home/runner/workspace/.pythonlibs/lib/python3.11/site-packages/flask/app.py", line 1514, in wsgi_app
    response = self.handle_exception(e)
               ^^^^^^^^^^^^^^^^^^^^^^^^
  File "/home/runner/workspace/.pythonlibs/lib/python3.11/site-packages/flask/app.py", line 1511, in wsgi_app
    response = self.full_dispatch_request()
               ^^^^^^^^^^^^^^^^^^^^^^^^^^^^
  File "/home/runner/workspace/.pythonlibs/lib/python3.11/site-packages/flask/app.py", line 919, in full_dispatch_request
    rv = self.handle_user_exception(e)
         ^^^^^^^^^^^^^^^^^^^^^^^^^^^^^
  File "/home/runner/workspace/.pythonlibs/lib/python3.11/site-packages/flask/app.py", line 917, in full_dispatch_request
    rv = self.dispatch_request()
         ^^^^^^^^^^^^^^^^^^^^^^^
  File "/home/runner/workspace/.pythonlibs/lib/python3.11/site-packages/flask/app.py", line 902, in dispatch_request
    return self.ensure_sync(self.view_functions[rule.endpoint])(**view_args)  # type: ignore[no-any-return]
           ^^^^^^^^^^^^^^^^^^^^^^^^^^^^^^^^^^^^^^^^^^^^^^^^^^^^^^^^^^^^^^^^^^^^^^^^^^^^^^^^^^^^^^^^^^^^^^^^
  File "/home/runner/workspace/.pythonlibs/lib/python3.11/site-packages/flask_login/utils.py", line 290, in decorated_view
    return current_app.ensure_sync(func)(*args, **kwargs)
           ^^^^^^^^^^^^^^^^^^^^^^^^^^^^^^^^^^^^^^^^^^^^^^
  File "/home/runner/workspace/app/routes/app_routes.py", line 47, in dashboard
    alert_data = DashboardAlertService.get_dashboard_alerts(
                 ^^^^^^^^^^^^^^^^^^^^^^^^^^^^^^^^^^^^^^^^^^^
  File "/home/runner/workspace/app/services/dashboard_alerts.py", line 27, in get_dashboard_alerts
    user_prefs = UserPreferences.get_for_user(current_user.id)
                 ^^^^^^^^^^^^^^^^^^^^^^^^^^^^^^^^^^^^^^^^^^^^^
  File "/home/runner/workspace/app/models/user_preferences.py", line 50, in get_for_user
    db.session.commit()
  File "/home/runner/workspace/.pythonlibs/lib/python3.11/site-packages/sqlalchemy/orm/scoping.py", line 599, in commit
    return self._proxied.commit()
           ^^^^^^^^^^^^^^^^^^^^^^
  File "/home/runner/workspace/.pythonlibs/lib/python3.11/site-packages/sqlalchemy/orm/session.py", line 2032, in commit
    trans.commit(_to_root=True)
  File "<string>", line 2, in commit
  File "/home/runner/workspace/.pythonlibs/lib/python3.11/site-packages/sqlalchemy/orm/state_changes.py", line 139, in _go
    ret_value = fn(self, *arg, **kw)
                ^^^^^^^^^^^^^^^^^^^^
  File "/home/runner/workspace/.pythonlibs/lib/python3.11/site-packages/sqlalchemy/orm/session.py", line 1313, in commit
    self._prepare_impl()
  File "<string>", line 2, in _prepare_impl
  File "/home/runner/workspace/.pythonlibs/lib/python3.11/site-packages/sqlalchemy/orm/state_changes.py", line 139, in _go
    ret_value = fn(self, *arg, **kw)
                ^^^^^^^^^^^^^^^^^^^^
  File "/home/runner/workspace/.pythonlibs/lib/python3.11/site-packages/sqlalchemy/orm/session.py", line 1288, in _prepare_impl
    self.session.flush()
  File "/home/runner/workspace/.pythonlibs/lib/python3.11/site-packages/sqlalchemy/orm/session.py", line 4353, in flush
    self._flush(objects)
  File "/home/runner/workspace/.pythonlibs/lib/python3.11/site-packages/sqlalchemy/orm/session.py", line 4488, in _flush
    with util.safe_reraise():
  File "/home/runner/workspace/.pythonlibs/lib/python3.11/site-packages/sqlalchemy/util/langhelpers.py", line 146, in __exit__
    raise exc_value.with_traceback(exc_tb)
  File "/home/runner/workspace/.pythonlibs/lib/python3.11/site-packages/sqlalchemy/orm/session.py", line 4449, in _flush
    flush_context.execute()
  File "/home/runner/workspace/.pythonlibs/lib/python3.11/site-packages/sqlalchemy/orm/unitofwork.py", line 466, in execute
    rec.execute(self)
  File "/home/runner/workspace/.pythonlibs/lib/python3.11/site-packages/sqlalchemy/orm/unitofwork.py", line 642, in execute
    util.preloaded.orm_persistence.save_obj(
  File "/home/runner/workspace/.pythonlibs/lib/python3.11/site-packages/sqlalchemy/orm/persistence.py", line 93, in save_obj
    _emit_insert_statements(
  File "/home/runner/workspace/.pythonlibs/lib/python3.11/site-packages/sqlalchemy/orm/persistence.py", line 1233, in _emit_insert_statements
    result = connection.execute(
             ^^^^^^^^^^^^^^^^^^^
  File "/home/runner/workspace/.pythonlibs/lib/python3.11/site-packages/sqlalchemy/engine/base.py", line 1416, in execute
    return meth(
           ^^^^^
  File "/home/runner/workspace/.pythonlibs/lib/python3.11/site-packages/sqlalchemy/sql/elements.py", line 523, in _execute_on_connection
    return connection._execute_clauseelement(
           ^^^^^^^^^^^^^^^^^^^^^^^^^^^^^^^^^^
  File "/home/runner/workspace/.pythonlibs/lib/python3.11/site-packages/sqlalchemy/engine/base.py", line 1638, in _execute_clauseelement
    ret = self._execute_context(
          ^^^^^^^^^^^^^^^^^^^^^^
  File "/home/runner/workspace/.pythonlibs/lib/python3.11/site-packages/sqlalchemy/engine/base.py", line 1843, in _execute_context
    return self._exec_single_context(
           ^^^^^^^^^^^^^^^^^^^^^^^^^^
  File "/home/runner/workspace/.pythonlibs/lib/python3.11/site-packages/sqlalchemy/engine/base.py", line 1983, in _exec_single_context
    self._handle_dbapi_exception(
  File "/home/runner/workspace/.pythonlibs/lib/python3.11/site-packages/sqlalchemy/engine/base.py", line 2352, in _handle_dbapi_exception
    raise sqlalchemy_exception.with_traceback(exc_info[2]) from e
  File "/home/runner/workspace/.pythonlibs/lib/python3.11/site-packages/sqlalchemy/engine/base.py", line 1964, in _exec_single_context
    self.dialect.do_execute(
  File "/home/runner/workspace/.pythonlibs/lib/python3.11/site-packages/sqlalchemy/engine/default.py", line 945, in do_execute
    cursor.execute(statement, parameters)
sqlalchemy.exc.IntegrityError: (sqlite3.IntegrityError) NOT NULL constraint failed: user_preferences.organization_id
[SQL: INSERT INTO user_preferences (user_id, organization_id, max_dashboard_alerts, show_expiration_alerts, show_timer_alerts, show_low_stock_alerts, show_batch_alerts, show_fault_alerts, show_alert_badges, dashboard_layout, compact_view, show_quick_actions, timezone, created_at, updated_at) VALUES (?, ?, ?, ?, ?, ?, ?, ?, ?, ?, ?, ?, ?, ?, ?)]
[parameters: (1, None, 3, 1, 1, 1, 1, 1, 1, 'standard', 0, 1, 'America/New_York', '2025-08-15 17:49:03.764525', '2025-08-15 17:49:03.764528')]
(Background on this error at: https://sqlalche.me/e/20/gkpj)
2025-08-15 17:49:03,899 INFO: 172.31.77.226 - - [15/Aug/2025 17:49:03] "GET /user_dashboard?__debugger__=yes&cmd=resource&f=style.css HTTP/1.1" 304 -
2025-08-15 17:49:03,902 INFO: 172.31.77.226 - - [15/Aug/2025 17:49:03] "GET /user_dashboard?__debugger__=yes&cmd=resource&f=debugger.js HTTP/1.1" 304 -