/home/runner/workspace/.pythonlibs/lib/python3.11/site-packages/flask_limiter/extension.py:333: UserWarning: Using the in-memory storage for tracking rate limits as no storage was explicitly specified. This is not recommended for production use. See: https://flask-limiter.readthedocs.io#configuring-a-storage-backend for documentation about configuring the storage backend.
  warnings.warn(
[2025-08-15 17:20:35,259] INFO in unit_utils: BatchTrack startup
INFO  [alembic.env] Imported model module: app.models.batch
INFO  [alembic.env] Imported model module: app.models.billing_snapshot
INFO  [alembic.env] Imported model module: app.models.category
INFO  [alembic.env] Imported model module: app.models.developer_permission
INFO  [alembic.env] Imported model module: app.models.developer_role
INFO  [alembic.env] Imported model module: app.models.inventory
INFO  [alembic.env] Imported model module: app.models.mixins
INFO  [alembic.env] Imported model module: app.models.models
INFO  [alembic.env] Imported model module: app.models.permission
INFO  [alembic.env] Imported model module: app.models.pricing_snapshot
INFO  [alembic.env] Imported model module: app.models.product
INFO  [alembic.env] Imported model module: app.models.recipe
INFO  [alembic.env] Imported model module: app.models.reservation
INFO  [alembic.env] Imported model module: app.models.role
INFO  [alembic.env] Imported model module: app.models.statistics
INFO  [alembic.env] Imported model module: app.models.stripe_event
INFO  [alembic.env] Imported model module: app.models.subscription_tier
INFO  [alembic.env] Imported model module: app.models.unified_inventory_history
INFO  [alembic.env] Imported model module: app.models.unit
INFO  [alembic.env] Imported model module: app.models.user_preferences
INFO  [alembic.env] Imported model module: app.models.user_role_assignment
INFO  [alembic.runtime.migration] Context impl SQLiteImpl.
INFO  [alembic.runtime.migration] Will assume non-transactional DDL.
INFO  [alembic.runtime.migration] Running upgrade 57d6ce45a761 -> clean_subscription_tier_billing, clean subscription tier billing structure
Traceback (most recent call last):
  File "/home/runner/workspace/.pythonlibs/lib/python3.11/site-packages/sqlalchemy/engine/base.py", line 1964, in _exec_single_context
    self.dialect.do_execute(
  File "/home/runner/workspace/.pythonlibs/lib/python3.11/site-packages/sqlalchemy/engine/default.py", line 945, in do_execute
    cursor.execute(statement, parameters)
sqlite3.IntegrityError: NOT NULL constraint failed: _alembic_tmp_subscription_tier.billing_provider

The above exception was the direct cause of the following exception:

Traceback (most recent call last):
  File "/home/runner/workspace/.pythonlibs/bin/flask", line 8, in <module>
    sys.exit(main())
             ^^^^^^
  File "/home/runner/workspace/.pythonlibs/lib/python3.11/site-packages/flask/cli.py", line 1131, in main
    cli.main()
  File "/home/runner/workspace/.pythonlibs/lib/python3.11/site-packages/click/core.py", line 1363, in main
    rv = self.invoke(ctx)
         ^^^^^^^^^^^^^^^^
  File "/home/runner/workspace/.pythonlibs/lib/python3.11/site-packages/click/core.py", line 1830, in invoke
    return _process_result(sub_ctx.command.invoke(sub_ctx))
                           ^^^^^^^^^^^^^^^^^^^^^^^^^^^^^^^
  File "/home/runner/workspace/.pythonlibs/lib/python3.11/site-packages/click/core.py", line 1830, in invoke
    return _process_result(sub_ctx.command.invoke(sub_ctx))
                           ^^^^^^^^^^^^^^^^^^^^^^^^^^^^^^^
  File "/home/runner/workspace/.pythonlibs/lib/python3.11/site-packages/click/core.py", line 1226, in invoke
    return ctx.invoke(self.callback, **ctx.params)
           ^^^^^^^^^^^^^^^^^^^^^^^^^^^^^^^^^^^^^^^
  File "/home/runner/workspace/.pythonlibs/lib/python3.11/site-packages/click/core.py", line 794, in invoke
    return callback(*args, **kwargs)
           ^^^^^^^^^^^^^^^^^^^^^^^^^
  File "/home/runner/workspace/.pythonlibs/lib/python3.11/site-packages/click/decorators.py", line 34, in new_func
    return f(get_current_context(), *args, **kwargs)
           ^^^^^^^^^^^^^^^^^^^^^^^^^^^^^^^^^^^^^^^^^
  File "/home/runner/workspace/.pythonlibs/lib/python3.11/site-packages/flask/cli.py", line 400, in decorator
    return ctx.invoke(f, *args, **kwargs)
           ^^^^^^^^^^^^^^^^^^^^^^^^^^^^^^
  File "/home/runner/workspace/.pythonlibs/lib/python3.11/site-packages/click/core.py", line 794, in invoke
    return callback(*args, **kwargs)
           ^^^^^^^^^^^^^^^^^^^^^^^^^
  File "/home/runner/workspace/.pythonlibs/lib/python3.11/site-packages/flask_migrate/cli.py", line 150, in upgrade
    _upgrade(directory, revision, sql, tag, x_arg)
  File "/home/runner/workspace/.pythonlibs/lib/python3.11/site-packages/flask_migrate/__init__.py", line 111, in wrapped
    f(*args, **kwargs)
  File "/home/runner/workspace/.pythonlibs/lib/python3.11/site-packages/flask_migrate/__init__.py", line 200, in upgrade
    command.upgrade(config, revision, sql=sql, tag=tag)
  File "/home/runner/workspace/.pythonlibs/lib/python3.11/site-packages/alembic/command.py", line 408, in upgrade
    script.run_env()
  File "/home/runner/workspace/.pythonlibs/lib/python3.11/site-packages/alembic/script/base.py", line 586, in run_env
    util.load_python_file(self.dir, "env.py")
  File "/home/runner/workspace/.pythonlibs/lib/python3.11/site-packages/alembic/util/pyfiles.py", line 95, in load_python_file
    module = load_module_py(module_id, path)
             ^^^^^^^^^^^^^^^^^^^^^^^^^^^^^^^
  File "/home/runner/workspace/.pythonlibs/lib/python3.11/site-packages/alembic/util/pyfiles.py", line 113, in load_module_py
    spec.loader.exec_module(module)  # type: ignore
    ^^^^^^^^^^^^^^^^^^^^^^^^^^^^^^^
  File "<frozen importlib._bootstrap_external>", line 940, in exec_module
  File "<frozen importlib._bootstrap>", line 241, in _call_with_frames_removed
  File "/home/runner/workspace/migrations/env.py", line 145, in <module>
    run_migrations_online()
  File "/home/runner/workspace/migrations/env.py", line 139, in run_migrations_online
    context.run_migrations()
  File "<string>", line 8, in run_migrations
  File "/home/runner/workspace/.pythonlibs/lib/python3.11/site-packages/alembic/runtime/environment.py", line 946, in run_migrations
    self.get_context().run_migrations(**kw)
  File "/home/runner/workspace/.pythonlibs/lib/python3.11/site-packages/alembic/runtime/migration.py", line 623, in run_migrations
    step.migration_fn(**kw)
  File "/home/runner/workspace/migrations/versions/clean_subscription_tier_billing.py", line 30, in upgrade
    with op.batch_alter_table('subscription_tier', schema=None) as batch_op:
  File "/nix/store/7d088dip86hlzri9sk0h78b63yfmx0a0-python3-3.11.13/lib/python3.11/contextlib.py", line 144, in __exit__
    next(self.gen)
  File "/home/runner/workspace/.pythonlibs/lib/python3.11/site-packages/alembic/operations/base.py", line 397, in batch_alter_table
    impl.flush()
  File "/home/runner/workspace/.pythonlibs/lib/python3.11/site-packages/alembic/operations/batch.py", line 163, in flush
    batch_impl._create(self.impl)
  File "/home/runner/workspace/.pythonlibs/lib/python3.11/site-packages/alembic/operations/batch.py", line 450, in _create
    op_impl._exec(
  File "/home/runner/workspace/.pythonlibs/lib/python3.11/site-packages/alembic/ddl/impl.py", line 246, in _exec
    return conn.execute(construct, params)
           ^^^^^^^^^^^^^^^^^^^^^^^^^^^^^^^
  File "/home/runner/workspace/.pythonlibs/lib/python3.11/site-packages/sqlalchemy/engine/base.py", line 1416, in execute
    return meth(
           ^^^^^
  File "/home/runner/workspace/.pythonlibs/lib/python3.11/site-packages/sqlalchemy/sql/elements.py", line 523, in _execute_on_connection
    return connection._execute_clauseelement(
           ^^^^^^^^^^^^^^^^^^^^^^^^^^^^^^^^^^
  File "/home/runner/workspace/.pythonlibs/lib/python3.11/site-packages/sqlalchemy/engine/base.py", line 1638, in _execute_clauseelement
    ret = self._execute_context(
          ^^^^^^^^^^^^^^^^^^^^^^
  File "/home/runner/workspace/.pythonlibs/lib/python3.11/site-packages/sqlalchemy/engine/base.py", line 1843, in _execute_context
    return self._exec_single_context(
           ^^^^^^^^^^^^^^^^^^^^^^^^^^
  File "/home/runner/workspace/.pythonlibs/lib/python3.11/site-packages/sqlalchemy/engine/base.py", line 1983, in _exec_single_context
    self._handle_dbapi_exception(
  File "/home/runner/workspace/.pythonlibs/lib/python3.11/site-packages/sqlalchemy/engine/base.py", line 2352, in _handle_dbapi_exception
    raise sqlalchemy_exception.with_traceback(exc_info[2]) from e
  File "/home/runner/workspace/.pythonlibs/lib/python3.11/site-packages/sqlalchemy/engine/base.py", line 1964, in _exec_single_context
    self.dialect.do_execute(
  File "/home/runner/workspace/.pythonlibs/lib/python3.11/site-packages/sqlalchemy/engine/default.py", line 945, in do_execute
    cursor.execute(statement, parameters)
sqlalchemy.exc.IntegrityError: (sqlite3.IntegrityError) NOT NULL constraint failed: _alembic_tmp_subscription_tier.billing_provider
[SQL: INSERT INTO _alembic_tmp_subscription_tier (id, name, "key", description, user_limit, is_customer_facing, is_available, stripe_lookup_key, created_at, updated_at, whop_product_key, fallback_price, last_billing_sync, grace_period_days, tier_type, billing_provider, tier_key, max_users, max_monthly_batches, stripe_product_id, stripe_price_id, stripe_price_id_monthly, stripe_price_id_yearly, is_billing_exempt) SELECT subscription_tier.id, subscription_tier.name, subscription_tier."key", subscription_tier.description, subscription_tier.user_limit, subscription_tier.is_customer_facing, subscription_tier.is_available, subscription_tier.stripe_lookup_key, subscription_tier.created_at, subscription_tier.updated_at, subscription_tier.whop_product_key, subscription_tier.fallback_price, subscription_tier.last_billing_sync, subscription_tier.grace_period_days, subscription_tier.tier_type, subscription_tier.billing_provider, subscription_tier.tier_key, subscription_tier.max_users, subscription_tier.max_monthly_batches, subscription_tier.stripe_product_id, subscription_tier.stripe_price_id, subscription_tier.stripe_price_id_monthly, subscription_tier.stripe_price_id_yearly, subscription_tier.is_billing_exempt 
FROM subscription_tier]
(Background on this error at: https://sqlalche.me/e/20/gkpj)