render@srv-d21alungi27c73dn1440-7877b59bf-b4wrk:~/project/src$ flask db upgrade
DEBUG: Billing blueprint imported successfully: <Blueprint 'billing'>
DEBUG: Billing blueprint name: billing
DEBUG: Billing blueprint url_prefix: /billing
DEBUG: Billing blueprint registered successfully
Registered API routes: ['/api/reservations/create', '/api/reservations/release/<int:reservation_id>', '/api/reservations/convert-to-sale/<int:reservation_id>', '/api/reservations/expire-old', '/api/products/<int:product_id>/variants', '/api/dismiss-alert', '/api/dashboard-alerts', '/api/server-time', '/api/server-time', '/api/dismiss-alert', '/api/dashboard-alerts', '/api/check-stock', '/api/categories', '/api/ingredient/<int:id>/density', '/api/debug-containers', '/api/available-containers/<int:recipe_id>', '/api/containers/available', '/api/batches/<int:batch_id>/containers', '/api/batches/<int:batch_id>/containers/<int:container_id>', '/api/batches/<int:batch_id>/containers/<int:container_id>/adjust', '/api/api/fifo-details/<int:inventory_id>', '/api/api/batch-inventory-summary/<int:batch_id>', '/api/api/reservations/create', '/api/api/reservations/release/<int:reservation_id>', '/api/api/reservations/convert-to-sale/<int:reservation_id>', '/api/api/reservations/expire-old', '/api/dashboard-alerts', '/api/dismiss-alert', '/api/units', '/api/convert-units']
Container routes found: ['/settings/bulk-update-containers', '/api/debug-containers', '/api/available-containers/<int:recipe_id>', '/api/containers/available', '/api/batches/<int:batch_id>/containers', '/api/batches/<int:batch_id>/containers/<int:container_id>', '/api/batches/<int:batch_id>/containers/<int:container_id>/adjust', '/debug-containers', '/available-containers/<int:recipe_id>', '/containers/available', '/batches/<int:batch_id>/containers', '/batches/<int:batch_id>/containers/<int:container_id>', '/batches/<int:batch_id>/containers/<int:container_id>/adjust']
Billing routes found: ['/billing/reconciliation-needed', '/billing/reconcile-to-free', '/billing/upgrade', '/billing/checkout/<tier>/<billing_cycle>', '/billing/checkout/<tier>', '/billing/customer-portal', '/billing/cancel-subscription', '/billing/webhooks/stripe', '/billing/complete-signup-from-stripe', '/billing/debug']
Billing endpoints: [('/billing/reconciliation-needed', 'billing.reconciliation_needed'), ('/billing/reconcile-to-free', 'billing.reconcile_to_free'), ('/billing/upgrade', 'billing.upgrade'), ('/billing/checkout/<tier>/<billing_cycle>', 'billing.checkout'), ('/billing/checkout/<tier>', 'billing.checkout'), ('/billing/customer-portal', 'billing.customer_portal'), ('/billing/cancel-subscription', 'billing.cancel_subscription'), ('/billing/webhooks/stripe', 'billing.stripe_webhook'), ('/billing/complete-signup-from-stripe', 'billing.complete_signup_from_stripe'), ('/billing/debug', 'billing.debug_billing')]
[2025-07-31 22:32:34,253] INFO in unit_utils: BatchTrack startup
INFO  [alembic.runtime.migration] Context impl PostgresqlImpl.
INFO  [alembic.runtime.migration] Will assume transactional DDL.
render@srv-d21alungi27c73dn1440-7877b59bf-b4wrk:~/project/src$ flask seed-all
DEBUG: Billing blueprint imported successfully: <Blueprint 'billing'>
DEBUG: Billing blueprint name: billing
DEBUG: Billing blueprint url_prefix: /billing
DEBUG: Billing blueprint registered successfully
Registered API routes: ['/api/reservations/create', '/api/reservations/release/<int:reservation_id>', '/api/reservations/convert-to-sale/<int:reservation_id>', '/api/reservations/expire-old', '/api/products/<int:product_id>/variants', '/api/dismiss-alert', '/api/dashboard-alerts', '/api/server-time', '/api/server-time', '/api/dismiss-alert', '/api/dashboard-alerts', '/api/check-stock', '/api/categories', '/api/ingredient/<int:id>/density', '/api/debug-containers', '/api/available-containers/<int:recipe_id>', '/api/containers/available', '/api/batches/<int:batch_id>/containers', '/api/batches/<int:batch_id>/containers/<int:container_id>', '/api/batches/<int:batch_id>/containers/<int:container_id>/adjust', '/api/api/fifo-details/<int:inventory_id>', '/api/api/batch-inventory-summary/<int:batch_id>', '/api/api/reservations/create', '/api/api/reservations/release/<int:reservation_id>', '/api/api/reservations/convert-to-sale/<int:reservation_id>', '/api/api/reservations/expire-old', '/api/dashboard-alerts', '/api/dismiss-alert', '/api/units', '/api/convert-units']
Container routes found: ['/settings/bulk-update-containers', '/api/debug-containers', '/api/available-containers/<int:recipe_id>', '/api/containers/available', '/api/batches/<int:batch_id>/containers', '/api/batches/<int:batch_id>/containers/<int:container_id>', '/api/batches/<int:batch_id>/containers/<int:container_id>/adjust', '/debug-containers', '/available-containers/<int:recipe_id>', '/containers/available', '/batches/<int:batch_id>/containers', '/batches/<int:batch_id>/containers/<int:container_id>', '/batches/<int:batch_id>/containers/<int:container_id>/adjust']
Billing routes found: ['/billing/reconciliation-needed', '/billing/reconcile-to-free', '/billing/upgrade', '/billing/checkout/<tier>/<billing_cycle>', '/billing/checkout/<tier>', '/billing/customer-portal', '/billing/cancel-subscription', '/billing/webhooks/stripe', '/billing/complete-signup-from-stripe', '/billing/debug']
Billing endpoints: [('/billing/reconciliation-needed', 'billing.reconciliation_needed'), ('/billing/reconcile-to-free', 'billing.reconcile_to_free'), ('/billing/upgrade', 'billing.upgrade'), ('/billing/checkout/<tier>/<billing_cycle>', 'billing.checkout'), ('/billing/checkout/<tier>', 'billing.checkout'), ('/billing/customer-portal', 'billing.customer_portal'), ('/billing/cancel-subscription', 'billing.cancel_subscription'), ('/billing/webhooks/stripe', 'billing.stripe_webhook'), ('/billing/complete-signup-from-stripe', 'billing.complete_signup_from_stripe'), ('/billing/debug', 'billing.debug_billing')]
[2025-07-31 22:32:41,316] INFO in unit_utils: BatchTrack startup
Usage: flask [OPTIONS] COMMAND [ARGS]...
Try 'flask --help' for help.

Error: No such command 'seed-all'.
render@srv-d21alungi27c73dn1440-7877b59bf-b4wrk:~/project/src$ flsk init-production
bash: flsk: command not found
render@srv-d21alungi27c73dn1440-7877b59bf-b4wrk:~/project/src$ flask init-production
DEBUG: Billing blueprint imported successfully: <Blueprint 'billing'>
DEBUG: Billing blueprint name: billing
DEBUG: Billing blueprint url_prefix: /billing
DEBUG: Billing blueprint registered successfully
Registered API routes: ['/api/reservations/create', '/api/reservations/release/<int:reservation_id>', '/api/reservations/convert-to-sale/<int:reservation_id>', '/api/reservations/expire-old', '/api/products/<int:product_id>/variants', '/api/dismiss-alert', '/api/dashboard-alerts', '/api/server-time', '/api/server-time', '/api/dismiss-alert', '/api/dashboard-alerts', '/api/check-stock', '/api/categories', '/api/ingredient/<int:id>/density', '/api/debug-containers', '/api/available-containers/<int:recipe_id>', '/api/containers/available', '/api/batches/<int:batch_id>/containers', '/api/batches/<int:batch_id>/containers/<int:container_id>', '/api/batches/<int:batch_id>/containers/<int:container_id>/adjust', '/api/api/fifo-details/<int:inventory_id>', '/api/api/batch-inventory-summary/<int:batch_id>', '/api/api/reservations/create', '/api/api/reservations/release/<int:reservation_id>', '/api/api/reservations/convert-to-sale/<int:reservation_id>', '/api/api/reservations/expire-old', '/api/dashboard-alerts', '/api/dismiss-alert', '/api/units', '/api/convert-units']
Container routes found: ['/settings/bulk-update-containers', '/api/debug-containers', '/api/available-containers/<int:recipe_id>', '/api/containers/available', '/api/batches/<int:batch_id>/containers', '/api/batches/<int:batch_id>/containers/<int:container_id>', '/api/batches/<int:batch_id>/containers/<int:container_id>/adjust', '/debug-containers', '/available-containers/<int:recipe_id>', '/containers/available', '/batches/<int:batch_id>/containers', '/batches/<int:batch_id>/containers/<int:container_id>', '/batches/<int:batch_id>/containers/<int:container_id>/adjust']
Billing routes found: ['/billing/reconciliation-needed', '/billing/reconcile-to-free', '/billing/upgrade', '/billing/checkout/<tier>/<billing_cycle>', '/billing/checkout/<tier>', '/billing/customer-portal', '/billing/cancel-subscription', '/billing/webhooks/stripe', '/billing/complete-signup-from-stripe', '/billing/debug']
Billing endpoints: [('/billing/reconciliation-needed', 'billing.reconciliation_needed'), ('/billing/reconcile-to-free', 'billing.reconcile_to_free'), ('/billing/upgrade', 'billing.upgrade'), ('/billing/checkout/<tier>/<billing_cycle>', 'billing.checkout'), ('/billing/checkout/<tier>', 'billing.checkout'), ('/billing/customer-portal', 'billing.customer_portal'), ('/billing/cancel-subscription', 'billing.cancel_subscription'), ('/billing/webhooks/stripe', 'billing.stripe_webhook'), ('/billing/complete-signup-from-stripe', 'billing.complete_signup_from_stripe'), ('/billing/debug', 'billing.debug_billing')]
[2025-07-31 22:33:01,329] INFO in unit_utils: BatchTrack startup
üöÄ BatchTrack Production Seeding Starting...
‚ö†Ô∏è  Assumes database schema is already migrated (flask db upgrade)
=== Step 1: System foundations ===
=== Seeding Consolidated Permissions System ===
Seeding organization permissions...
Processing category: Main dashboard and overview features
‚ùå Production seeding failed: (psycopg2.errors.UndefinedColumn) column permission.category does not exist
LINE 1: ...permission.description AS permission_description, permission...
                                                             ^

[SQL: SELECT permission.id AS permission_id, permission.name AS permission_name, permission.description AS permission_description, permission.category AS permission_category, permission.is_active AS permission_is_active, permission.created_at AS permission_created_at 
FROM permission 
WHERE permission.name = %(name_1)s 
 LIMIT %(param_1)s]
[parameters: {'name_1': 'dashboard.view', 'param_1': 1}]
(Background on this error at: https://sqlalche.me/e/20/f405)
Traceback (most recent call last):
  File "/opt/render/project/src/.venv/lib/python3.13/site-packages/sqlalchemy/engine/base.py", line 1964, in _exec_single_context
    self.dialect.do_execute(
    ~~~~~~~~~~~~~~~~~~~~~~~^
        cursor, str_statement, effective_parameters, context
        ^^^^^^^^^^^^^^^^^^^^^^^^^^^^^^^^^^^^^^^^^^^^^^^^^^^^
    )
    ^
  File "/opt/render/project/src/.venv/lib/python3.13/site-packages/sqlalchemy/engine/default.py", line 945, in do_execute
    cursor.execute(statement, parameters)
    ~~~~~~~~~~~~~~^^^^^^^^^^^^^^^^^^^^^^^
psycopg2.errors.UndefinedColumn: column permission.category does not exist
LINE 1: ...permission.description AS permission_description, permission...
                                                             ^


The above exception was the direct cause of the following exception:

Traceback (most recent call last):
  File "/opt/render/project/src/.venv/bin/flask", line 8, in <module>
    sys.exit(main())
             ~~~~^^
  File "/opt/render/project/src/.venv/lib/python3.13/site-packages/flask/cli.py", line 1129, in main
    cli.main()
    ~~~~~~~~^^
  File "/opt/render/project/src/.venv/lib/python3.13/site-packages/click/core.py", line 1082, in main
    rv = self.invoke(ctx)
  File "/opt/render/project/src/.venv/lib/python3.13/site-packages/click/core.py", line 1697, in invoke
    return _process_result(sub_ctx.command.invoke(sub_ctx))
                           ~~~~~~~~~~~~~~~~~~~~~~^^^^^^^^^
  File "/opt/render/project/src/.venv/lib/python3.13/site-packages/click/core.py", line 1443, in invoke
    return ctx.invoke(self.callback, **ctx.params)
           ~~~~~~~~~~^^^^^^^^^^^^^^^^^^^^^^^^^^^^^
  File "/opt/render/project/src/.venv/lib/python3.13/site-packages/click/core.py", line 788, in invoke
    return __callback(*args, **kwargs)
  File "/opt/render/project/src/.venv/lib/python3.13/site-packages/click/decorators.py", line 33, in new_func
    return f(get_current_context(), *args, **kwargs)
  File "/opt/render/project/src/.venv/lib/python3.13/site-packages/flask/cli.py", line 400, in decorator
    return ctx.invoke(f, *args, **kwargs)
           ~~~~~~~~~~^^^^^^^^^^^^^^^^^^^^
  File "/opt/render/project/src/.venv/lib/python3.13/site-packages/click/core.py", line 788, in invoke
    return __callback(*args, **kwargs)
  File "/opt/render/project/src/app/management.py", line 53, in init_production_command
    seed_consolidated_permissions()  # Must be FIRST - creates permissions
    ~~~~~~~~~~~~~~~~~~~~~~~~~~~~~^^
  File "/opt/render/project/src/app/seeders/consolidated_permission_seeder.py", line 252, in seed_consolidated_permissions
    seed_organization_permissions()
    ~~~~~~~~~~~~~~~~~~~~~~~~~~~~~^^
  File "/opt/render/project/src/app/seeders/consolidated_permission_seeder.py", line 32, in seed_organization_permissions
    existing = Permission.query.filter_by(name=perm_data['name']).first()
  File "/opt/render/project/src/.venv/lib/python3.13/site-packages/sqlalchemy/orm/query.py", line 2759, in first
    return self.limit(1)._iter().first()  # type: ignore
           ~~~~~~~~~~~~~~~~~~~^^
  File "/opt/render/project/src/.venv/lib/python3.13/site-packages/sqlalchemy/orm/query.py", line 2858, in _iter
    result: Union[ScalarResult[_T], Result[_T]] = self.session.execute(
                                                  ~~~~~~~~~~~~~~~~~~~~^
        statement,
        ^^^^^^^^^^
        params,
        ^^^^^^^
        execution_options={"_sa_orm_load_options": self.load_options},
        ^^^^^^^^^^^^^^^^^^^^^^^^^^^^^^^^^^^^^^^^^^^^^^^^^^^^^^^^^^^^^^
    )
    ^
  File "/opt/render/project/src/.venv/lib/python3.13/site-packages/sqlalchemy/orm/session.py", line 2365, in execute
    return self._execute_internal(
           ~~~~~~~~~~~~~~~~~~~~~~^
        statement,
        ^^^^^^^^^^
    ...<4 lines>...
        _add_event=_add_event,
        ^^^^^^^^^^^^^^^^^^^^^^
    )
    ^
  File "/opt/render/project/src/.venv/lib/python3.13/site-packages/sqlalchemy/orm/session.py", line 2251, in _execute_internal
    result: Result[Any] = compile_state_cls.orm_execute_statement(
                          ~~~~~~~~~~~~~~~~~~~~~~~~~~~~~~~~~~~~~~~^
        self,
        ^^^^^
    ...<4 lines>...
        conn,
        ^^^^^
    )
    ^
  File "/opt/render/project/src/.venv/lib/python3.13/site-packages/sqlalchemy/orm/context.py", line 306, in orm_execute_statement
    result = conn.execute(
        statement, params or {}, execution_options=execution_options
    )
  File "/opt/render/project/src/.venv/lib/python3.13/site-packages/sqlalchemy/engine/base.py", line 1416, in execute
    return meth(
        self,
        distilled_parameters,
        execution_options or NO_OPTIONS,
    )
  File "/opt/render/project/src/.venv/lib/python3.13/site-packages/sqlalchemy/sql/elements.py", line 523, in _execute_on_connection
    return connection._execute_clauseelement(
           ~~~~~~~~~~~~~~~~~~~~~~~~~~~~~~~~~^
        self, distilled_params, execution_options
        ^^^^^^^^^^^^^^^^^^^^^^^^^^^^^^^^^^^^^^^^^
    )
    ^
  File "/opt/render/project/src/.venv/lib/python3.13/site-packages/sqlalchemy/engine/base.py", line 1638, in _execute_clauseelement
    ret = self._execute_context(
        dialect,
    ...<8 lines>...
        cache_hit=cache_hit,
    )
  File "/opt/render/project/src/.venv/lib/python3.13/site-packages/sqlalchemy/engine/base.py", line 1843, in _execute_context
    return self._exec_single_context(
           ~~~~~~~~~~~~~~~~~~~~~~~~~^
        dialect, context, statement, parameters
        ^^^^^^^^^^^^^^^^^^^^^^^^^^^^^^^^^^^^^^^
    )
    ^
  File "/opt/render/project/src/.venv/lib/python3.13/site-packages/sqlalchemy/engine/base.py", line 1983, in _exec_single_context
    self._handle_dbapi_exception(
    ~~~~~~~~~~~~~~~~~~~~~~~~~~~~^
        e, str_statement, effective_parameters, cursor, context
        ^^^^^^^^^^^^^^^^^^^^^^^^^^^^^^^^^^^^^^^^^^^^^^^^^^^^^^^
    )
    ^
  File "/opt/render/project/src/.venv/lib/python3.13/site-packages/sqlalchemy/engine/base.py", line 2352, in _handle_dbapi_exception
    raise sqlalchemy_exception.with_traceback(exc_info[2]) from e
  File "/opt/render/project/src/.venv/lib/python3.13/site-packages/sqlalchemy/engine/base.py", line 1964, in _exec_single_context
    self.dialect.do_execute(
    ~~~~~~~~~~~~~~~~~~~~~~~^
        cursor, str_statement, effective_parameters, context
        ^^^^^^^^^^^^^^^^^^^^^^^^^^^^^^^^^^^^^^^^^^^^^^^^^^^^
    )
    ^
  File "/opt/render/project/src/.venv/lib/python3.13/site-packages/sqlalchemy/engine/default.py", line 945, in do_execute
    cursor.execute(statement, parameters)
    ~~~~~~~~~~~~~~^^^^^^^^^^^^^^^^^^^^^^^
sqlalchemy.exc.ProgrammingError: (psycopg2.errors.UndefinedColumn) column permission.category does not exist
LINE 1: ...permission.description AS permission_description, permission...
                                                             ^

[SQL: SELECT permission.id AS permission_id, permission.name AS permission_name, permission.description AS permission_description, permission.category AS permission_category, permission.is_active AS permission_is_active, permission.created_at AS permission_created_at 
FROM permission 
WHERE permission.name = %(name_1)s 
 LIMIT %(param_1)s]
[parameters: {'name_1': 'dashboard.view', 'param_1': 1}]
(Background on this error at: https://sqlalche.me/e/20/f405)
render@srv-d21alungi27c73dn1440-7877b59bf-b4wrk:~/project/src$ 