============================= test session starts ==============================
platform linux -- Python 3.11.13, pytest-8.3.5, pluggy-1.5.0 -- /home/runner/workspace/.pythonlibs/bin/python
cachedir: .pytest_cache
rootdir: /home/runner/workspace
collected 39 items                                                                      

tests/test_audit_canonicalization.py::test_api_reservation_routes_uses_canonical_audit PASSED [  2%]
tests/test_audit_canonicalization.py::test_products_routes_uses_canonical_audit PASSED [  5%]
tests/test_auth_permissions.py::TestAuthPermissions::test_permission_required_decorator_allows_with_permission PASSED [  7%]
tests/test_auth_permissions.py::TestAuthPermissions::test_permission_required_returns_json_for_api FAILED [ 10%]
tests/test_auth_permissions.py::TestAuthPermissions::test_any_permission_required_decorator PASSED [ 12%]
tests/test_auth_permissions.py::TestAuthPermissions::test_tier_required_decorator PASSED [ 15%]
tests/test_auth_permissions.py::TestAuthPermissions::test_user_has_any_permission_method PASSED [ 17%]
tests/test_expiration_canonicalization.py::test_expiration_service_uses_canonical_adjustment PASSED [ 20%]
tests/test_expiration_canonicalization.py::TestExpirationCanonicalService::test_mark_fifo_expired_calls_canonical_service PASSED [ 23%]
tests/test_expiration_canonicalization.py::TestExpirationCanonicalService::test_mark_product_expired_calls_canonical_service PASSED [ 25%]
tests/test_google_oauth.py::TestGoogleOAuthCharacterization::test_oauth_service_exists PASSED [ 28%]
tests/test_google_oauth.py::TestGoogleOAuthCharacterization::test_auth_login_endpoint_exists PASSED [ 30%]
tests/test_google_oauth.py::TestGoogleOAuthCharacterization::test_auth_callback_endpoint_exists PASSED [ 33%]
tests/test_google_oauth.py::TestGoogleOAuthCharacterization::test_oauth_state_validation_path PASSED [ 35%]
tests/test_google_oauth.py::TestGoogleOAuthCharacterization::test_oauth_service_methods_exist PASSED [ 38%]
tests/test_google_oauth.py::TestGoogleOAuthCharacterization::test_oauth_configuration_status PASSED [ 41%]
tests/test_google_oauth.py::TestGoogleOAuthCharacterization::test_oauth_callback_invalid_state PASSED [ 43%]
tests/test_inventory_fifo.py::TestInventoryFIFOCharacterization::test_single_entry_point_exists PASSED [ 46%]
tests/test_inventory_fifo.py::TestInventoryFIFOCharacterization::test_fifo_deduction_order PASSED [ 48%]
tests/test_inventory_fifo.py::TestInventoryFIFOCharacterization::test_inventory_adjustment_delegates_properly PASSED [ 51%]
tests/test_inventory_routes_canonicalization.py::test_recount_adjustment_uses_canonical_service PASSED [ 53%]
tests/test_inventory_routes_canonicalization.py::TestInventoryRoutesCanonicalService::test_adjust_inventory_initial_stock_calls_canonical_service PASSED [ 56%]
tests/test_pos_integration_canonicalization.py::test_pos_sale_uses_canonical_service PASSED [ 58%]
tests/test_pos_integration_canonicalization.py::TestPOSIntegrationCanonicalService::test_reserve_inventory_calls_canonical_service PASSED [ 61%]
tests/test_product_sku.py::TestProductSKUCharacterization::test_product_creation_flow PASSED [ 64%]
tests/test_product_sku.py::TestProductSKUCharacterization::test_sku_generation_constraints PASSED [ 66%]
tests/test_product_sku.py::TestProductSKUCharacterization::test_product_service_exists PASSED [ 69%]
tests/test_product_sku.py::TestProductSKUCharacterization::test_sku_creation_validation PASSED [ 71%]
tests/test_reservation_canonicalization.py::test_credit_specific_lot_called_on_reservation_release PASSED [ 74%]
tests/test_reservation_canonicalization.py::test_record_audit_entry_called_for_unreserved_audit PASSED [ 76%]
tests/test_signup_tiers.py::TestSignupTierCharacterization::test_signup_endpoint_exists PASSED [ 79%]
tests/test_signup_tiers.py::TestSignupTierCharacterization::test_tier_bypass_behavior PASSED [ 82%]
tests/test_signup_tiers.py::TestSignupTierCharacterization::test_organization_tier_assignment PASSED [ 84%]
tests/test_signup_tiers.py::TestSignupTierCharacterization::test_permission_gating_exists PASSED [ 87%]
tests/test_signup_tiers.py::TestSignupTierCharacterization::test_signup_service_delegation PASSED [ 89%]
tests/test_stripe_webhooks.py::TestStripeWebhookCharacterization::test_stripe_service_exists PASSED [ 92%]
tests/test_stripe_webhooks.py::TestStripeWebhookCharacterization::test_webhook_signature_verification_path_exists PASSED [ 94%]
tests/test_stripe_webhooks.py::TestStripeWebhookCharacterization::test_webhook_idempotency_behavior PASSED [ 97%]
tests/test_stripe_webhooks.py::TestStripeWebhookCharacterization::test_stripe_service_methods_exist PASSED [100%]

======================================= FAILURES ========================================
___________ TestAuthPermissions.test_permission_required_returns_json_for_api ___________

self = <tests.test_auth_permissions.TestAuthPermissions object at 0x7f933ce6ec90>
app = <Flask 'app'>, client = <FlaskClient <Flask 'app'>>

    def test_permission_required_returns_json_for_api(self, app, client):
        """Test that API endpoints return JSON when permission denied"""
        with app.app_context():
            @app.route('/api/test-perm')
            @permission_required('test.permission')
            def api_test_route():
                return {'status': 'success'}
    
            response = client.get('/api/test-perm')
            # Should return JSON unauthorized response
>           assert response.status_code == 401
E           assert 302 == 401
E            +  where 302 = <WrapperTestResponse streamed [302 FOUND]>.status_code

tests/test_auth_permissions.py:34: AssertionError
---------------------------------- Captured log setup -----------------------------------
INFO     app:unit_utils.py:28 BatchTrack startup
=================================== warnings summary ====================================
tests/test_audit_canonicalization.py: 2 warnings
tests/test_auth_permissions.py: 5 warnings
tests/test_expiration_canonicalization.py: 3 warnings
tests/test_google_oauth.py: 7 warnings
tests/test_inventory_fifo.py: 3 warnings
tests/test_inventory_routes_canonicalization.py: 2 warnings
tests/test_pos_integration_canonicalization.py: 1 warning
tests/test_product_sku.py: 4 warnings
tests/test_reservation_canonicalization.py: 2 warnings
tests/test_signup_tiers.py: 5 warnings
tests/test_stripe_webhooks.py: 4 warnings
  /home/runner/workspace/.pythonlibs/lib/python3.11/site-packages/flask_limiter/extension.py:333: UserWarning: Using the in-memory storage for tracking rate limits as no storage was explicitly specified. This is not recommended for production use. See: https://flask-limiter.readthedocs.io#configuring-a-storage-backend for documentation about configuring the storage backend.
    warnings.warn(

tests/test_expiration_canonicalization.py::test_expiration_service_uses_canonical_adjustment
  /home/runner/workspace/app/blueprints/expiration/services.py:545: LegacyAPIWarning: The Query.get() method is considered legacy as of the 1.x series of SQLAlchemy and becomes a legacy construct in 2.0. The method is now available as Session.get() (deprecated since: 2.0) (Background on SQLAlchemy 2.0 at: https://sqlalche.me/e/b8d9)
    entry = InventoryHistory.query.get(entry_id)

tests/test_inventory_fifo.py::TestInventoryFIFOCharacterization::test_fifo_deduction_order
tests/test_inventory_fifo.py::TestInventoryFIFOCharacterization::test_fifo_deduction_order
tests/test_inventory_fifo.py::TestInventoryFIFOCharacterization::test_fifo_deduction_order
tests/test_inventory_fifo.py::TestInventoryFIFOCharacterization::test_inventory_adjustment_delegates_properly
  /home/runner/workspace/app/services/inventory_adjustment/_audit.py:77: LegacyAPIWarning: The Query.get() method is considered legacy as of the 1.x series of SQLAlchemy and becomes a legacy construct in 2.0. The method is now available as Session.get() (deprecated since: 2.0) (Background on SQLAlchemy 2.0 at: https://sqlalche.me/e/b8d9)
    item = InventoryItem.query.get(item_id)

tests/test_inventory_fifo.py::TestInventoryFIFOCharacterization::test_fifo_deduction_order
  /home/runner/workspace/app/services/stock_check.py:71: LegacyAPIWarning: The Query.get() method is considered legacy as of the 1.x series of SQLAlchemy and becomes a legacy construct in 2.0. The method is now available as Session.get() (deprecated since: 2.0) (Background on SQLAlchemy 2.0 at: https://sqlalche.me/e/b8d9)
    item = InventoryItem.query.get(inventory_item_id)

tests/test_inventory_routes_canonicalization.py::test_recount_adjustment_uses_canonical_service
  /home/runner/workspace/.pythonlibs/lib/python3.11/site-packages/flask_sqlalchemy/query.py:30: LegacyAPIWarning: The Query.get() method is considered legacy as of the 1.x series of SQLAlchemy and becomes a legacy construct in 2.0. The method is now available as Session.get() (deprecated since: 2.0) (Background on SQLAlchemy 2.0 at: https://sqlalche.me/e/b8d9)
    rv = self.get(ident)

-- Docs: https://docs.pytest.org/en/stable/how-to/capture-warnings.html
================================ short test summary info ================================
FAILED tests/test_auth_permissions.py::TestAuthPermissions::test_permission_required_returns_json_for_api - assert 302 == 401
====================== 1 failed, 38 passed, 45 warnings in 39.02s =======================
