mbic.env] Imported model module: app.models.unified_inventory_history
INFO  [alembic.env] Imported model module: app.models.unit
INFO  [alembic.env] Imported model module: app.models.user_preferences
INFO  [alembic.env] Imported model module: app.models.user_role_assignment
INFO  [alembic.runtime.migration] Context impl PostgresqlImpl.
INFO  [alembic.runtime.migration] Will assume transactional DDL.
INFO  [alembic.runtime.migration] Running downgrade 0005_cleanup_guardrails -> 0004_seed_presets, 0005 cleanup guardrails and ingredient attribute expansion
⚠️  Could not revert column types: (psycopg2.errors.DatatypeMismatch) column "recommended_fragrance_load_pct" cannot be cast automatically to type double precision
HINT:  You might need to specify "USING recommended_fragrance_load_pct::double precision".

[SQL: ALTER TABLE global_item ALTER COLUMN recommended_fragrance_load_pct TYPE FLOAT ]
(Background on this error at: https://sqlalche.me/e/20/f405)
⚠️  Could not rename aliases column: (psycopg2.errors.InFailedSqlTransaction) current transaction is aborted, commands ignored until end of transaction block

[SQL: SELECT pg_catalog.pg_attribute.attname AS name, pg_catalog.format_type(pg_catalog.pg_attribute.atttypid, pg_catalog.pg_attribute.atttypmod) AS format_type, (SELECT pg_catalog.pg_get_expr(pg_catalog.pg_attrdef.adbin, pg_catalog.pg_attrdef.adrelid) AS pg_get_expr_1 
FROM pg_catalog.pg_attrdef 
WHERE pg_catalog.pg_attrdef.adrelid = pg_catalog.pg_attribute.attrelid AND pg_catalog.pg_attrdef.adnum = pg_catalog.pg_attribute.attnum AND pg_catalog.pg_attribute.atthasdef) AS "default", pg_catalog.pg_attribute.attnotnull AS not_null, pg_catalog.pg_class.relname AS table_name, pg_catalog.pg_description.description AS comment, pg_catalog.pg_attribute.attgenerated AS generated, (SELECT json_build_object(%(json_build_object_2)s, pg_catalog.pg_attribute.attidentity = %(attidentity_1)s, %(json_build_object_3)s, pg_catalog.pg_sequence.seqstart, %(json_build_object_4)s, pg_catalog.pg_sequence.seqincrement, %(json_build_object_5)s, pg_catalog.pg_sequence.seqmin, %(json_build_object_6)s, pg_catalog.pg_sequence.seqmax, %(json_build_object_7)s, pg_catalog.pg_sequence.seqcache, %(json_build_object_8)s, pg_catalog.pg_sequence.seqcycle) AS json_build_object_1 
FROM pg_catalog.pg_sequence 
WHERE pg_catalog.pg_attribute.attidentity != %(attidentity_2)s AND pg_catalog.pg_sequence.seqrelid = CAST(CAST(pg_catalog.pg_get_serial_sequence(CAST(CAST(pg_catalog.pg_attribute.attrelid AS REGCLASS) AS TEXT), pg_catalog.pg_attribute.attname) AS REGCLASS) AS OID)) AS identity_options 
FROM pg_catalog.pg_class LEFT OUTER JOIN pg_catalog.pg_attribute ON pg_catalog.pg_class.oid = pg_catalog.pg_attribute.attrelid AND pg_catalog.pg_attribute.attnum > %(attnum_1)s AND NOT pg_catalog.pg_attribute.attisdropped LEFT OUTER JOIN pg_catalog.pg_description ON pg_catalog.pg_description.objoid = pg_catalog.pg_attribute.attrelid AND pg_catalog.pg_description.objsubid = pg_catalog.pg_attribute.attnum JOIN pg_catalog.pg_namespace ON pg_catalog.pg_namespace.oid = pg_catalog.pg_class.relnamespace 
WHERE pg_catalog.pg_class.relkind = ANY (ARRAY[%(param_1)s, %(param_2)s, %(param_3)s, %(param_4)s, %(param_5)s]) AND pg_catalog.pg_table_is_visible(pg_catalog.pg_class.oid) AND pg_catalog.pg_namespace.nspname != %(nspname_1)s AND pg_catalog.pg_class.relname IN (%(filter_names_1)s) ORDER BY pg_catalog.pg_class.relname, pg_catalog.pg_attribute.attnum]
[parameters: {'json_build_object_2': 'always', 'attidentity_1': 'a', 'json_build_object_3': 'start', 'json_build_object_4': 'increment', 'json_build_object_5': 'minvalue', 'json_build_object_6': 'maxvalue', 'json_build_object_7': 'cache', 'json_build_object_8': 'cycle', 'attidentity_2': '', 'attnum_1': 0, 'param_1': 'r', 'param_2': 'p', 'param_3': 'f', 'param_4': 'v', 'param_5': 'm', 'nspname_1': 'pg_catalog', 'filter_names_1': 'global_item'}]
(Background on this error at: https://sqlalche.me/e/20/2j85)
Traceback (most recent call last):
  File "/home/runner/workspace/.pythonlibs/lib/python3.11/site-packages/sqlalchemy/engine/base.py", line 1964, in _exec_single_context
    self.dialect.do_execute(
  File "/home/runner/workspace/.pythonlibs/lib/python3.11/site-packages/sqlalchemy/engine/default.py", line 945, in do_execute
    cursor.execute(statement, parameters)
psycopg2.errors.InFailedSqlTransaction: current transaction is aborted, commands ignored until end of transaction block


The above exception was the direct cause of the following exception:

Traceback (most recent call last):
  File "/home/runner/workspace/.pythonlibs/bin/flask", line 8, in <module>
    sys.exit(main())
             ^^^^^^
  File "/home/runner/workspace/.pythonlibs/lib/python3.11/site-packages/flask/cli.py", line 1129, in main
    cli.main()
  File "/home/runner/workspace/.pythonlibs/lib/python3.11/site-packages/click/core.py", line 1082, in main
    rv = self.invoke(ctx)
         ^^^^^^^^^^^^^^^^
  File "/home/runner/workspace/.pythonlibs/lib/python3.11/site-packages/click/core.py", line 1697, in invoke
    return _process_result(sub_ctx.command.invoke(sub_ctx))
                           ^^^^^^^^^^^^^^^^^^^^^^^^^^^^^^^
  File "/home/runner/workspace/.pythonlibs/lib/python3.11/site-packages/click/core.py", line 1697, in invoke
    return _process_result(sub_ctx.command.invoke(sub_ctx))
                           ^^^^^^^^^^^^^^^^^^^^^^^^^^^^^^^
  File "/home/runner/workspace/.pythonlibs/lib/python3.11/site-packages/click/core.py", line 1443, in invoke
    return ctx.invoke(self.callback, **ctx.params)
           ^^^^^^^^^^^^^^^^^^^^^^^^^^^^^^^^^^^^^^^
  File "/home/runner/workspace/.pythonlibs/lib/python3.11/site-packages/click/core.py", line 788, in invoke
    return __callback(*args, **kwargs)
           ^^^^^^^^^^^^^^^^^^^^^^^^^^^
  File "/home/runner/workspace/.pythonlibs/lib/python3.11/site-packages/click/decorators.py", line 33, in new_func
    return f(get_current_context(), *args, **kwargs)
           ^^^^^^^^^^^^^^^^^^^^^^^^^^^^^^^^^^^^^^^^^
  File "/home/runner/workspace/.pythonlibs/lib/python3.11/site-packages/flask/cli.py", line 400, in decorator
    return ctx.invoke(f, *args, **kwargs)
           ^^^^^^^^^^^^^^^^^^^^^^^^^^^^^^
  File "/home/runner/workspace/.pythonlibs/lib/python3.11/site-packages/click/core.py", line 788, in invoke
    return __callback(*args, **kwargs)
           ^^^^^^^^^^^^^^^^^^^^^^^^^^^
  File "/home/runner/workspace/.pythonlibs/lib/python3.11/site-packages/flask_migrate/cli.py", line 168, in downgrade
    _downgrade(directory, revision, sql, tag, x_arg)
  File "/home/runner/workspace/.pythonlibs/lib/python3.11/site-packages/flask_migrate/__init__.py", line 111, in wrapped
    f(*args, **kwargs)
  File "/home/runner/workspace/.pythonlibs/lib/python3.11/site-packages/flask_migrate/__init__.py", line 210, in downgrade
    command.downgrade(config, revision, sql=sql, tag=tag)
  File "/home/runner/workspace/.pythonlibs/lib/python3.11/site-packages/alembic/command.py", line 455, in downgrade
    script.run_env()
  File "/home/runner/workspace/.pythonlibs/lib/python3.11/site-packages/alembic/script/base.py", line 586, in run_env
    util.load_python_file(self.dir, "env.py")
  File "/home/runner/workspace/.pythonlibs/lib/python3.11/site-packages/alembic/util/pyfiles.py", line 95, in load_python_file
    module = load_module_py(module_id, path)
             ^^^^^^^^^^^^^^^^^^^^^^^^^^^^^^^
  File "/home/runner/workspace/.pythonlibs/lib/python3.11/site-packages/alembic/util/pyfiles.py", line 113, in load_module_py
    spec.loader.exec_module(module)  # type: ignore
    ^^^^^^^^^^^^^^^^^^^^^^^^^^^^^^^
  File "<frozen importlib._bootstrap_external>", line 940, in exec_module
  File "<frozen importlib._bootstrap>", line 241, in _call_with_frames_removed
  File "/home/runner/workspace/migrations/env.py", line 194, in <module>
    run_migrations_online()
  File "/home/runner/workspace/migrations/env.py", line 188, in run_migrations_online
    context.run_migrations()
  File "<string>", line 8, in run_migrations
  File "/home/runner/workspace/.pythonlibs/lib/python3.11/site-packages/alembic/runtime/environment.py", line 946, in run_migrations
    self.get_context().run_migrations(**kw)
  File "/home/runner/workspace/.pythonlibs/lib/python3.11/site-packages/alembic/runtime/migration.py", line 630, in run_migrations
    head_maintainer.update_to_step(step)
  File "/home/runner/workspace/.pythonlibs/lib/python3.11/site-packages/alembic/runtime/migration.py", line 862, in update_to_step
    self._update_version(from_, to_)
  File "/home/runner/workspace/.pythonlibs/lib/python3.11/site-packages/alembic/runtime/migration.py", line 797, in _update_version
    ret = self.context.impl._exec(
          ^^^^^^^^^^^^^^^^^^^^^^^^
  File "/home/runner/workspace/.pythonlibs/lib/python3.11/site-packages/alembic/ddl/impl.py", line 246, in _exec
    return conn.execute(construct, params)
           ^^^^^^^^^^^^^^^^^^^^^^^^^^^^^^^
  File "/home/runner/workspace/.pythonlibs/lib/python3.11/site-packages/sqlalchemy/engine/base.py", line 1416, in execute
    return meth(
           ^^^^^
  File "/home/runner/workspace/.pythonlibs/lib/python3.11/site-packages/sqlalchemy/sql/elements.py", line 523, in _execute_on_connection
    return connection._execute_clauseelement(
           ^^^^^^^^^^^^^^^^^^^^^^^^^^^^^^^^^^
  File "/home/runner/workspace/.pythonlibs/lib/python3.11/site-packages/sqlalchemy/engine/base.py", line 1638, in _execute_clauseelement
    ret = self._execute_context(
          ^^^^^^^^^^^^^^^^^^^^^^
  File "/home/runner/workspace/.pythonlibs/lib/python3.11/site-packages/sqlalchemy/engine/base.py", line 1843, in _execute_context
    return self._exec_single_context(
           ^^^^^^^^^^^^^^^^^^^^^^^^^^
  File "/home/runner/workspace/.pythonlibs/lib/python3.11/site-packages/sqlalchemy/engine/base.py", line 1983, in _exec_single_context
    self._handle_dbapi_exception(
  File "/home/runner/workspace/.pythonlibs/lib/python3.11/site-packages/sqlalchemy/engine/base.py", line 2352, in _handle_dbapi_exception
    raise sqlalchemy_exception.with_traceback(exc_info[2]) from e
  File "/home/runner/workspace/.pythonlibs/lib/python3.11/site-packages/sqlalchemy/engine/base.py", line 1964, in _exec_single_context
    self.dialect.do_execute(
  File "/home/runner/workspace/.pythonlibs/lib/python3.11/site-packages/sqlalchemy/engine/default.py", line 945, in do_execute
    cursor.execute(statement, parameters)
sqlalchemy.exc.InternalError: (psycopg2.errors.InFailedSqlTransaction) current transaction is aborted, commands ignored until end of transaction block

[SQL: UPDATE alembic_version SET version_num='0004_seed_presets' WHERE alembic_version.version_num = '0005_cleanup_guardrails']
(Background on this error at: https://sqlalche.me/e/20/2j85)
~/workspace$ 